{"/home/udayk/code-setup-wavemaker/wavemaker-studio-frontend/wavemaker-ng-runtime/projects/components/base/src/test.ts": {"path":"/home/udayk/code-setup-wavemaker/wavemaker-studio-frontend/wavemaker-ng-runtime/projects/components/base/src/test.ts","statementMap":{"0":{"start":{"line":15,"column":0},"end":{"line":18,"column":2}},"1":{"start":{"line":20,"column":16},"end":{"line":20,"column":64}},"2":{"start":{"line":22,"column":0},"end":{"line":22,"column":28}}},"fnMap":{},"branchMap":{},"s":{"0":1,"1":1,"2":1},"f":{},"b":{}}
,"/home/udayk/code-setup-wavemaker/wavemaker-studio-frontend/wavemaker-ng-runtime/projects/components/base/src/pipes/custom-pipes.ts": {"path":"/home/udayk/code-setup-wavemaker/wavemaker-studio-frontend/wavemaker-ng-runtime/projects/components/base/src/pipes/custom-pipes.ts","statementMap":{"0":{"start":{"line":8,"column":22},"end":{"line":17,"column":1}},"1":{"start":{"line":11,"column":4},"end":{"line":13,"column":5}},"2":{"start":{"line":12,"column":8},"end":{"line":12,"column":34}},"3":{"start":{"line":15,"column":4},"end":{"line":15,"column":95}},"4":{"start":{"line":16,"column":4},"end":{"line":16,"column":17}},"5":{"start":{"line":22,"column":0},"end":{"line":30,"column":0}},"6":{"start":{"line":28,"column":24},"end":{"line":28,"column":48}},"7":{"start":{"line":23,"column":4},"end":{"line":26,"column":5}},"8":{"start":{"line":24,"column":8},"end":{"line":24,"column":82}},"9":{"start":{"line":25,"column":8},"end":{"line":25,"column":95}},"10":{"start":{"line":22,"column":13},"end":{"line":30,"column":1}},"11":{"start":{"line":30,"column":0},"end":{"line":30,"column":1}},"12":{"start":{"line":35,"column":0},"end":{"line":56,"column":0}},"13":{"start":{"line":55,"column":24},"end":{"line":55,"column":42}},"14":{"start":{"line":36,"column":4},"end":{"line":53,"column":5}},"15":{"start":{"line":39,"column":8},"end":{"line":41,"column":9}},"16":{"start":{"line":40,"column":12},"end":{"line":40,"column":22}},"17":{"start":{"line":42,"column":8},"end":{"line":44,"column":9}},"18":{"start":{"line":43,"column":12},"end":{"line":43,"column":22}},"19":{"start":{"line":45,"column":8},"end":{"line":45,"column":40}},"20":{"start":{"line":46,"column":8},"end":{"line":51,"column":9}},"21":{"start":{"line":47,"column":12},"end":{"line":49,"column":13}},"22":{"start":{"line":48,"column":16},"end":{"line":48,"column":33}},"23":{"start":{"line":50,"column":12},"end":{"line":50,"column":62}},"24":{"start":{"line":52,"column":8},"end":{"line":52,"column":18}},"25":{"start":{"line":35,"column":13},"end":{"line":56,"column":1}},"26":{"start":{"line":56,"column":0},"end":{"line":56,"column":1}},"27":{"start":{"line":61,"column":0},"end":{"line":71,"column":0}},"28":{"start":{"line":70,"column":24},"end":{"line":70,"column":48}},"29":{"start":{"line":62,"column":4},"end":{"line":69,"column":5}},"30":{"start":{"line":63,"column":8},"end":{"line":65,"column":9}},"31":{"start":{"line":64,"column":12},"end":{"line":64,"column":56}},"32":{"start":{"line":66,"column":8},"end":{"line":68,"column":9}},"33":{"start":{"line":67,"column":12},"end":{"line":67,"column":62}},"34":{"start":{"line":61,"column":13},"end":{"line":71,"column":1}},"35":{"start":{"line":71,"column":0},"end":{"line":71,"column":1}},"36":{"start":{"line":76,"column":0},"end":{"line":88,"column":0}},"37":{"start":{"line":87,"column":24},"end":{"line":87,"column":48}},"38":{"start":{"line":77,"column":4},"end":{"line":85,"column":5}},"39":{"start":{"line":78,"column":32},"end":{"line":78,"column":100}},"40":{"start":{"line":79,"column":19},"end":{"line":79,"column":79}},"41":{"start":{"line":80,"column":33},"end":{"line":80,"column":56}},"42":{"start":{"line":81,"column":8},"end":{"line":83,"column":9}},"43":{"start":{"line":82,"column":12},"end":{"line":82,"column":40}},"44":{"start":{"line":84,"column":8},"end":{"line":84,"column":97}},"45":{"start":{"line":76,"column":13},"end":{"line":88,"column":1}},"46":{"start":{"line":88,"column":0},"end":{"line":88,"column":1}},"47":{"start":{"line":93,"column":0},"end":{"line":97,"column":0}},"48":{"start":{"line":94,"column":4},"end":{"line":96,"column":5}},"49":{"start":{"line":95,"column":8},"end":{"line":95,"column":103}},"50":{"start":{"line":93,"column":13},"end":{"line":97,"column":1}},"51":{"start":{"line":97,"column":0},"end":{"line":97,"column":1}},"52":{"start":{"line":102,"column":0},"end":{"line":106,"column":0}},"53":{"start":{"line":103,"column":4},"end":{"line":105,"column":5}},"54":{"start":{"line":104,"column":8},"end":{"line":104,"column":103}},"55":{"start":{"line":102,"column":13},"end":{"line":106,"column":1}},"56":{"start":{"line":106,"column":0},"end":{"line":106,"column":1}},"57":{"start":{"line":115,"column":0},"end":{"line":138,"column":0}},"58":{"start":{"line":116,"column":24},"end":{"line":116,"column":57}},"59":{"start":{"line":119,"column":4},"end":{"line":137,"column":5}},"60":{"start":{"line":120,"column":25},"end":{"line":120,"column":27}},"61":{"start":{"line":121,"column":7},"end":{"line":123,"column":8}},"62":{"start":{"line":121,"column":18},"end":{"line":121,"column":19}},"63":{"start":{"line":122,"column":8},"end":{"line":122,"column":39}},"64":{"start":{"line":125,"column":22},"end":{"line":125,"column":65}},"65":{"start":{"line":126,"column":8},"end":{"line":129,"column":9}},"66":{"start":{"line":127,"column":12},"end":{"line":127,"column":98}},"67":{"start":{"line":128,"column":12},"end":{"line":128,"column":24}},"68":{"start":{"line":131,"column":8},"end":{"line":136,"column":10}},"69":{"start":{"line":132,"column":12},"end":{"line":132,"column":59}},"70":{"start":{"line":134,"column":12},"end":{"line":134,"column":57}},"71":{"start":{"line":135,"column":12},"end":{"line":135,"column":24}},"72":{"start":{"line":115,"column":13},"end":{"line":138,"column":1}},"73":{"start":{"line":138,"column":0},"end":{"line":138,"column":1}},"74":{"start":{"line":143,"column":0},"end":{"line":152,"column":0}},"75":{"start":{"line":144,"column":4},"end":{"line":151,"column":5}},"76":{"start":{"line":146,"column":8},"end":{"line":148,"column":9}},"77":{"start":{"line":147,"column":12},"end":{"line":147,"column":29}},"78":{"start":{"line":149,"column":8},"end":{"line":149,"column":40}},"79":{"start":{"line":150,"column":8},"end":{"line":150,"column":67}},"80":{"start":{"line":143,"column":13},"end":{"line":152,"column":1}},"81":{"start":{"line":152,"column":0},"end":{"line":152,"column":1}},"82":{"start":{"line":157,"column":0},"end":{"line":157,"column":52}},"83":{"start":{"line":157,"column":40},"end":{"line":157,"column":52}},"84":{"start":{"line":157,"column":13},"end":{"line":157,"column":81}},"85":{"start":{"line":157,"column":80},"end":{"line":157,"column":81}},"86":{"start":{"line":162,"column":0},"end":{"line":166,"column":0}},"87":{"start":{"line":163,"column":4},"end":{"line":165,"column":5}},"88":{"start":{"line":164,"column":8},"end":{"line":164,"column":41}},"89":{"start":{"line":162,"column":13},"end":{"line":166,"column":1}},"90":{"start":{"line":166,"column":0},"end":{"line":166,"column":1}},"91":{"start":{"line":171,"column":0},"end":{"line":185,"column":0}},"92":{"start":{"line":172,"column":4},"end":{"line":184,"column":5}},"93":{"start":{"line":173,"column":8},"end":{"line":175,"column":9}},"94":{"start":{"line":174,"column":12},"end":{"line":174,"column":22}},"95":{"start":{"line":177,"column":8},"end":{"line":179,"column":9}},"96":{"start":{"line":178,"column":12},"end":{"line":178,"column":41}},"97":{"start":{"line":181,"column":8},"end":{"line":183,"column":11}},"98":{"start":{"line":182,"column":12},"end":{"line":182,"column":50}},"99":{"start":{"line":171,"column":13},"end":{"line":185,"column":1}},"100":{"start":{"line":185,"column":0},"end":{"line":185,"column":1}},"101":{"start":{"line":190,"column":0},"end":{"line":212,"column":0}},"102":{"start":{"line":191,"column":4},"end":{"line":211,"column":5}},"103":{"start":{"line":192,"column":22},"end":{"line":199,"column":9}},"104":{"start":{"line":205,"column":19},"end":{"line":205,"column":20}},"105":{"start":{"line":206,"column":8},"end":{"line":209,"column":9}},"106":{"start":{"line":207,"column":12},"end":{"line":207,"column":26}},"107":{"start":{"line":208,"column":12},"end":{"line":208,"column":19}},"108":{"start":{"line":210,"column":8},"end":{"line":210,"column":61}},"109":{"start":{"line":190,"column":13},"end":{"line":212,"column":1}},"110":{"start":{"line":212,"column":0},"end":{"line":212,"column":1}},"111":{"start":{"line":217,"column":0},"end":{"line":250,"column":0}},"112":{"start":{"line":218,"column":4},"end":{"line":249,"column":5}},"113":{"start":{"line":219,"column":33},"end":{"line":246,"column":9}},"114":{"start":{"line":248,"column":8},"end":{"line":248,"column":72}},"115":{"start":{"line":217,"column":13},"end":{"line":250,"column":1}},"116":{"start":{"line":250,"column":0},"end":{"line":250,"column":1}},"117":{"start":{"line":255,"column":0},"end":{"line":263,"column":0}},"118":{"start":{"line":256,"column":4},"end":{"line":262,"column":5}},"119":{"start":{"line":257,"column":30},"end":{"line":260,"column":9}},"120":{"start":{"line":261,"column":8},"end":{"line":261,"column":50}},"121":{"start":{"line":255,"column":13},"end":{"line":263,"column":1}},"122":{"start":{"line":263,"column":0},"end":{"line":263,"column":1}},"123":{"start":{"line":268,"column":0},"end":{"line":343,"column":0}},"124":{"start":{"line":269,"column":4},"end":{"line":342,"column":5}},"125":{"start":{"line":270,"column":28},"end":{"line":339,"column":9}},"126":{"start":{"line":341,"column":8},"end":{"line":341,"column":37}},"127":{"start":{"line":268,"column":13},"end":{"line":343,"column":1}},"128":{"start":{"line":343,"column":0},"end":{"line":343,"column":1}}},"fnMap":{"0":{"name":"(anonymous_10)","decl":{"start":{"line":8,"column":22},"end":{"line":8,"column":21}},"loc":{"start":{"line":8,"column":26},"end":{"line":17,"column":1}}},"1":{"name":"(anonymous_11)","decl":{"start":{"line":22,"column":0},"end":{"line":null,"column":-1}},"loc":{"start":{"line":22,"column":0},"end":{"line":22,"column":-1}}},"2":{"name":"TrailingZeroDecimalPipe","decl":{"start":{"line":28,"column":4},"end":{"line":28,"column":23}},"loc":{"start":{"line":28,"column":48},"end":{"line":28,"column":53}}},"3":{"name":"(anonymous_13)","decl":{"start":{"line":23,"column":4},"end":{"line":23,"column":13}},"loc":{"start":{"line":23,"column":134},"end":{"line":26,"column":5}}},"4":{"name":"(anonymous_15)","decl":{"start":{"line":35,"column":0},"end":{"line":null,"column":-1}},"loc":{"start":{"line":35,"column":0},"end":{"line":35,"column":-1}}},"5":{"name":"ToDatePipe","decl":{"start":{"line":55,"column":4},"end":{"line":55,"column":23}},"loc":{"start":{"line":55,"column":42},"end":{"line":55,"column":47}}},"6":{"name":"(anonymous_17)","decl":{"start":{"line":36,"column":4},"end":{"line":36,"column":13}},"loc":{"start":{"line":36,"column":36},"end":{"line":53,"column":5}}},"7":{"name":"(anonymous_19)","decl":{"start":{"line":61,"column":0},"end":{"line":null,"column":-1}},"loc":{"start":{"line":61,"column":0},"end":{"line":61,"column":-1}}},"8":{"name":"ToNumberPipe","decl":{"start":{"line":70,"column":4},"end":{"line":70,"column":23}},"loc":{"start":{"line":70,"column":48},"end":{"line":70,"column":53}}},"9":{"name":"(anonymous_21)","decl":{"start":{"line":62,"column":4},"end":{"line":62,"column":13}},"loc":{"start":{"line":62,"column":28},"end":{"line":69,"column":5}}},"10":{"name":"(anonymous_23)","decl":{"start":{"line":76,"column":0},"end":{"line":null,"column":-1}},"loc":{"start":{"line":76,"column":0},"end":{"line":76,"column":-1}}},"11":{"name":"ToCurrencyPipe","decl":{"start":{"line":87,"column":4},"end":{"line":87,"column":23}},"loc":{"start":{"line":87,"column":48},"end":{"line":87,"column":53}}},"12":{"name":"(anonymous_25)","decl":{"start":{"line":77,"column":4},"end":{"line":77,"column":13}},"loc":{"start":{"line":77,"column":44},"end":{"line":85,"column":5}}},"13":{"name":"(anonymous_27)","decl":{"start":{"line":93,"column":0},"end":{"line":null,"column":-1}},"loc":{"start":{"line":93,"column":0},"end":{"line":93,"column":-1}}},"14":{"name":"(anonymous_29)","decl":{"start":{"line":94,"column":4},"end":{"line":94,"column":13}},"loc":{"start":{"line":94,"column":27},"end":{"line":96,"column":5}}},"15":{"name":"(anonymous_30)","decl":{"start":{"line":102,"column":0},"end":{"line":null,"column":-1}},"loc":{"start":{"line":102,"column":0},"end":{"line":102,"column":-1}}},"16":{"name":"(anonymous_32)","decl":{"start":{"line":103,"column":4},"end":{"line":103,"column":13}},"loc":{"start":{"line":103,"column":27},"end":{"line":105,"column":5}}},"17":{"name":"(anonymous_33)","decl":{"start":{"line":115,"column":0},"end":{"line":null,"column":-1}},"loc":{"start":{"line":115,"column":0},"end":{"line":115,"column":-1}}},"18":{"name":"CustomPipe","decl":{"start":{"line":116,"column":4},"end":{"line":116,"column":23}},"loc":{"start":{"line":116,"column":57},"end":{"line":118,"column":5}}},"19":{"name":"(anonymous_35)","decl":{"start":{"line":119,"column":4},"end":{"line":119,"column":13}},"loc":{"start":{"line":119,"column":28},"end":{"line":137,"column":5}}},"20":{"name":"(anonymous_37)","decl":{"start":{"line":143,"column":0},"end":{"line":null,"column":-1}},"loc":{"start":{"line":143,"column":0},"end":{"line":143,"column":-1}}},"21":{"name":"(anonymous_39)","decl":{"start":{"line":144,"column":4},"end":{"line":144,"column":13}},"loc":{"start":{"line":144,"column":18},"end":{"line":151,"column":5}}},"22":{"name":"(anonymous_40)","decl":{"start":{"line":157,"column":0},"end":{"line":null,"column":-1}},"loc":{"start":{"line":157,"column":0},"end":{"line":157,"column":-1}}},"23":{"name":"(anonymous_42)","decl":{"start":{"line":162,"column":0},"end":{"line":null,"column":-1}},"loc":{"start":{"line":162,"column":0},"end":{"line":162,"column":-1}}},"24":{"name":"(anonymous_44)","decl":{"start":{"line":163,"column":4},"end":{"line":163,"column":13}},"loc":{"start":{"line":163,"column":18},"end":{"line":165,"column":5}}},"25":{"name":"(anonymous_45)","decl":{"start":{"line":171,"column":0},"end":{"line":null,"column":-1}},"loc":{"start":{"line":171,"column":0},"end":{"line":171,"column":-1}}},"26":{"name":"(anonymous_47)","decl":{"start":{"line":172,"column":4},"end":{"line":172,"column":13}},"loc":{"start":{"line":172,"column":49},"end":{"line":184,"column":5}}},"27":{"name":"(anonymous_48)","decl":{"start":{"line":181,"column":30},"end":{"line":181,"column":29}},"loc":{"start":{"line":181,"column":34},"end":{"line":183,"column":9}}},"28":{"name":"(anonymous_49)","decl":{"start":{"line":190,"column":0},"end":{"line":null,"column":-1}},"loc":{"start":{"line":190,"column":0},"end":{"line":190,"column":-1}}},"29":{"name":"(anonymous_51)","decl":{"start":{"line":191,"column":4},"end":{"line":191,"column":13}},"loc":{"start":{"line":191,"column":46},"end":{"line":211,"column":5}}},"30":{"name":"(anonymous_52)","decl":{"start":{"line":217,"column":0},"end":{"line":null,"column":-1}},"loc":{"start":{"line":217,"column":0},"end":{"line":217,"column":-1}}},"31":{"name":"(anonymous_54)","decl":{"start":{"line":218,"column":4},"end":{"line":218,"column":13}},"loc":{"start":{"line":218,"column":32},"end":{"line":249,"column":5}}},"32":{"name":"(anonymous_55)","decl":{"start":{"line":255,"column":0},"end":{"line":null,"column":-1}},"loc":{"start":{"line":255,"column":0},"end":{"line":255,"column":-1}}},"33":{"name":"(anonymous_57)","decl":{"start":{"line":256,"column":4},"end":{"line":256,"column":13}},"loc":{"start":{"line":256,"column":19},"end":{"line":262,"column":5}}},"34":{"name":"(anonymous_58)","decl":{"start":{"line":268,"column":0},"end":{"line":null,"column":-1}},"loc":{"start":{"line":268,"column":0},"end":{"line":268,"column":-1}}},"35":{"name":"(anonymous_60)","decl":{"start":{"line":269,"column":4},"end":{"line":269,"column":13}},"loc":{"start":{"line":269,"column":27},"end":{"line":342,"column":5}}}},"branchMap":{"0":{"loc":{"start":{"line":11,"column":4},"end":{"line":13,"column":5}},"type":"if","locations":[{"start":{"line":11,"column":4},"end":{"line":13,"column":5}},{"start":{"line":11,"column":4},"end":{"line":13,"column":5}}]},"1":{"loc":{"start":{"line":11,"column":8},"end":{"line":11,"column":23}},"type":"binary-expr","locations":[{"start":{"line":11,"column":8},"end":{"line":11,"column":23}},{"start":{"line":11,"column":27},"end":{"line":11,"column":39}}]},"2":{"loc":{"start":{"line":15,"column":12},"end":{"line":15,"column":34}},"type":"binary-expr","locations":[{"start":{"line":15,"column":12},"end":{"line":15,"column":34}},{"start":{"line":15,"column":38},"end":{"line":15,"column":94}}]},"3":{"loc":{"start":{"line":24,"column":38},"end":{"line":24,"column":67}},"type":"cond-expr","locations":[{"start":{"line":24,"column":38},"end":{"line":24,"column":67}},{"start":{"line":24,"column":69},"end":{"line":24,"column":81}}]},"4":{"loc":{"start":{"line":25,"column":63},"end":{"line":25,"column":75}},"type":"binary-expr","locations":[{"start":{"line":25,"column":63},"end":{"line":25,"column":75}},{"start":{"line":25,"column":79},"end":{"line":25,"column":93}}]},"5":{"loc":{"start":{"line":39,"column":8},"end":{"line":41,"column":9}},"type":"if","locations":[{"start":{"line":39,"column":8},"end":{"line":41,"column":9}},{"start":{"line":39,"column":8},"end":{"line":41,"column":9}}]},"6":{"loc":{"start":{"line":39,"column":12},"end":{"line":39,"column":27}},"type":"binary-expr","locations":[{"start":{"line":39,"column":12},"end":{"line":39,"column":27}},{"start":{"line":39,"column":31},"end":{"line":39,"column":42}}]},"7":{"loc":{"start":{"line":42,"column":8},"end":{"line":44,"column":9}},"type":"if","locations":[{"start":{"line":42,"column":8},"end":{"line":44,"column":9}},{"start":{"line":42,"column":8},"end":{"line":44,"column":9}}]},"8":{"loc":{"start":{"line":46,"column":8},"end":{"line":51,"column":9}},"type":"if","locations":[{"start":{"line":46,"column":8},"end":{"line":51,"column":9}},{"start":{"line":46,"column":8},"end":{"line":51,"column":9}}]},"9":{"loc":{"start":{"line":47,"column":12},"end":{"line":49,"column":13}},"type":"if","locations":[{"start":{"line":47,"column":12},"end":{"line":49,"column":13}},{"start":{"line":47,"column":12},"end":{"line":49,"column":13}}]},"10":{"loc":{"start":{"line":63,"column":8},"end":{"line":65,"column":9}},"type":"if","locations":[{"start":{"line":63,"column":8},"end":{"line":65,"column":9}},{"start":{"line":63,"column":8},"end":{"line":65,"column":9}}]},"11":{"loc":{"start":{"line":63,"column":12},"end":{"line":63,"column":20}},"type":"binary-expr","locations":[{"start":{"line":63,"column":12},"end":{"line":63,"column":20}},{"start":{"line":63,"column":24},"end":{"line":63,"column":78}}]},"12":{"loc":{"start":{"line":66,"column":8},"end":{"line":68,"column":9}},"type":"if","locations":[{"start":{"line":66,"column":8},"end":{"line":68,"column":9}},{"start":{"line":66,"column":8},"end":{"line":68,"column":9}}]},"13":{"loc":{"start":{"line":78,"column":32},"end":{"line":78,"column":76}},"type":"binary-expr","locations":[{"start":{"line":78,"column":32},"end":{"line":78,"column":76}},{"start":{"line":78,"column":80},"end":{"line":78,"column":94}},{"start":{"line":78,"column":98},"end":{"line":78,"column":100}}]},"14":{"loc":{"start":{"line":78,"column":33},"end":{"line":78,"column":62}},"type":"binary-expr","locations":[{"start":{"line":78,"column":33},"end":{"line":78,"column":62}},{"start":{"line":78,"column":66},"end":{"line":78,"column":68}}]},"15":{"loc":{"start":{"line":81,"column":8},"end":{"line":83,"column":9}},"type":"if","locations":[{"start":{"line":81,"column":8},"end":{"line":83,"column":9}},{"start":{"line":81,"column":8},"end":{"line":83,"column":9}}]},"16":{"loc":{"start":{"line":84,"column":22},"end":{"line":84,"column":91}},"type":"cond-expr","locations":[{"start":{"line":84,"column":22},"end":{"line":84,"column":91}},{"start":{"line":84,"column":94},"end":{"line":84,"column":96}}]},"17":{"loc":{"start":{"line":84,"column":41},"end":{"line":84,"column":67}},"type":"cond-expr","locations":[{"start":{"line":84,"column":41},"end":{"line":84,"column":67}},{"start":{"line":84,"column":69},"end":{"line":84,"column":91}}]},"18":{"loc":{"start":{"line":95,"column":71},"end":{"line":95,"column":75}},"type":"cond-expr","locations":[{"start":{"line":95,"column":71},"end":{"line":95,"column":75}},{"start":{"line":95,"column":79},"end":{"line":95,"column":101}}]},"19":{"loc":{"start":{"line":95,"column":16},"end":{"line":95,"column":35}},"type":"binary-expr","locations":[{"start":{"line":95,"column":16},"end":{"line":95,"column":35}},{"start":{"line":95,"column":39},"end":{"line":95,"column":52}},{"start":{"line":95,"column":56},"end":{"line":95,"column":67}}]},"20":{"loc":{"start":{"line":95,"column":80},"end":{"line":95,"column":87}},"type":"binary-expr","locations":[{"start":{"line":95,"column":80},"end":{"line":95,"column":87}},{"start":{"line":95,"column":91},"end":{"line":95,"column":93}}]},"21":{"loc":{"start":{"line":104,"column":71},"end":{"line":104,"column":75}},"type":"cond-expr","locations":[{"start":{"line":104,"column":71},"end":{"line":104,"column":75}},{"start":{"line":104,"column":79},"end":{"line":104,"column":101}}]},"22":{"loc":{"start":{"line":104,"column":16},"end":{"line":104,"column":35}},"type":"binary-expr","locations":[{"start":{"line":104,"column":16},"end":{"line":104,"column":35}},{"start":{"line":104,"column":39},"end":{"line":104,"column":52}},{"start":{"line":104,"column":56},"end":{"line":104,"column":67}}]},"23":{"loc":{"start":{"line":104,"column":87},"end":{"line":104,"column":94}},"type":"binary-expr","locations":[{"start":{"line":104,"column":87},"end":{"line":104,"column":94}},{"start":{"line":104,"column":98},"end":{"line":104,"column":100}}]},"24":{"loc":{"start":{"line":126,"column":8},"end":{"line":129,"column":9}},"type":"if","locations":[{"start":{"line":126,"column":8},"end":{"line":129,"column":9}},{"start":{"line":126,"column":8},"end":{"line":129,"column":9}}]},"25":{"loc":{"start":{"line":126,"column":11},"end":{"line":126,"column":19}},"type":"binary-expr","locations":[{"start":{"line":126,"column":11},"end":{"line":126,"column":19}},{"start":{"line":126,"column":23},"end":{"line":126,"column":55}}]},"26":{"loc":{"start":{"line":146,"column":8},"end":{"line":148,"column":9}},"type":"if","locations":[{"start":{"line":146,"column":8},"end":{"line":148,"column":9}},{"start":{"line":146,"column":8},"end":{"line":148,"column":9}}]},"27":{"loc":{"start":{"line":150,"column":27},"end":{"line":150,"column":54}},"type":"cond-expr","locations":[{"start":{"line":150,"column":27},"end":{"line":150,"column":54}},{"start":{"line":150,"column":57},"end":{"line":150,"column":66}}]},"28":{"loc":{"start":{"line":164,"column":15},"end":{"line":164,"column":27}},"type":"binary-expr","locations":[{"start":{"line":164,"column":15},"end":{"line":164,"column":27}},{"start":{"line":164,"column":31},"end":{"line":164,"column":40}}]},"29":{"loc":{"start":{"line":173,"column":8},"end":{"line":175,"column":9}},"type":"if","locations":[{"start":{"line":173,"column":8},"end":{"line":175,"column":9}},{"start":{"line":173,"column":8},"end":{"line":175,"column":9}}]},"30":{"loc":{"start":{"line":177,"column":8},"end":{"line":179,"column":9}},"type":"if","locations":[{"start":{"line":177,"column":8},"end":{"line":179,"column":9}},{"start":{"line":177,"column":8},"end":{"line":179,"column":9}}]},"31":{"loc":{"start":{"line":248,"column":24},"end":{"line":248,"column":55}},"type":"binary-expr","locations":[{"start":{"line":248,"column":24},"end":{"line":248,"column":55}},{"start":{"line":248,"column":59},"end":{"line":248,"column":70}}]}},"s":{"0":1,"1":0,"2":0,"3":0,"4":0,"5":1,"6":0,"7":1,"8":0,"9":0,"10":1,"11":1,"12":1,"13":0,"14":1,"15":0,"16":0,"17":0,"18":0,"19":0,"20":0,"21":0,"22":0,"23":0,"24":0,"25":1,"26":1,"27":1,"28":2,"29":1,"30":1,"31":1,"32":1,"33":1,"34":1,"35":1,"36":1,"37":0,"38":1,"39":0,"40":0,"41":0,"42":0,"43":0,"44":0,"45":1,"46":1,"47":1,"48":1,"49":0,"50":1,"51":1,"52":1,"53":1,"54":0,"55":1,"56":1,"57":1,"58":0,"59":1,"60":0,"61":0,"62":0,"63":0,"64":0,"65":0,"66":0,"67":0,"68":0,"69":0,"70":0,"71":0,"72":1,"73":1,"74":1,"75":1,"76":0,"77":0,"78":0,"79":0,"80":1,"81":1,"82":1,"83":1,"84":1,"85":1,"86":1,"87":1,"88":0,"89":1,"90":1,"91":1,"92":1,"93":0,"94":0,"95":0,"96":0,"97":0,"98":0,"99":1,"100":1,"101":1,"102":1,"103":3,"104":3,"105":3,"106":0,"107":0,"108":3,"109":1,"110":1,"111":1,"112":1,"113":3,"114":3,"115":1,"116":1,"117":1,"118":1,"119":0,"120":0,"121":1,"122":1,"123":1,"124":1,"125":0,"126":0,"127":1,"128":1},"f":{"0":0,"1":1,"2":0,"3":0,"4":1,"5":0,"6":0,"7":1,"8":2,"9":1,"10":1,"11":0,"12":0,"13":1,"14":0,"15":1,"16":0,"17":1,"18":0,"19":0,"20":1,"21":0,"22":1,"23":1,"24":0,"25":1,"26":0,"27":0,"28":7,"29":3,"30":7,"31":3,"32":7,"33":0,"34":1,"35":0},"b":{"0":[0,0],"1":[0,0],"2":[0,0],"3":[0,0],"4":[0,0],"5":[0,0],"6":[0,0],"7":[0,0],"8":[0,0],"9":[0,0],"10":[1,0],"11":[1,1],"12":[1,0],"13":[0,0,0],"14":[0,0],"15":[0,0],"16":[0,0],"17":[0,0],"18":[0,0],"19":[0,0,0],"20":[0,0],"21":[0,0],"22":[0,0,0],"23":[0,0],"24":[0,0],"25":[0,0],"26":[0,0],"27":[0,0],"28":[0,0],"29":[0,0],"30":[0,0],"31":[3,3]}}
,"/home/udayk/code-setup-wavemaker/wavemaker-studio-frontend/wavemaker-ng-runtime/projects/components/base/src/pipes/image.pipe.ts": {"path":"/home/udayk/code-setup-wavemaker/wavemaker-studio-frontend/wavemaker-ng-runtime/projects/components/base/src/pipes/image.pipe.ts","statementMap":{"0":{"start":{"line":11,"column":0},"end":{"line":15,"column":0}},"1":{"start":{"line":12,"column":4},"end":{"line":14,"column":5}},"2":{"start":{"line":13,"column":8},"end":{"line":13,"column":75}},"3":{"start":{"line":11,"column":13},"end":{"line":15,"column":1}},"4":{"start":{"line":15,"column":0},"end":{"line":15,"column":1}}},"fnMap":{"0":{"name":"(anonymous_1)","decl":{"start":{"line":11,"column":0},"end":{"line":null,"column":-1}},"loc":{"start":{"line":11,"column":0},"end":{"line":11,"column":-1}}},"1":{"name":"(anonymous_3)","decl":{"start":{"line":12,"column":4},"end":{"line":12,"column":13}},"loc":{"start":{"line":12,"column":69},"end":{"line":14,"column":5}}}},"branchMap":{},"s":{"0":1,"1":1,"2":90,"3":1,"4":1},"f":{"0":275,"1":90},"b":{}}
,"/home/udayk/code-setup-wavemaker/wavemaker-studio-frontend/wavemaker-ng-runtime/projects/components/base/src/pipes/trust-as.pipe.ts": {"path":"/home/udayk/code-setup-wavemaker/wavemaker-studio-frontend/wavemaker-ng-runtime/projects/components/base/src/pipes/trust-as.pipe.ts","statementMap":{"0":{"start":{"line":7,"column":0},"end":{"line":26,"column":0}},"1":{"start":{"line":9,"column":24},"end":{"line":9,"column":50}},"2":{"start":{"line":11,"column":4},"end":{"line":25,"column":5}},"3":{"start":{"line":12,"column":8},"end":{"line":17,"column":9}},"4":{"start":{"line":13,"column":12},"end":{"line":15,"column":13}},"5":{"start":{"line":14,"column":16},"end":{"line":14,"column":26}},"6":{"start":{"line":16,"column":12},"end":{"line":16,"column":77}},"7":{"start":{"line":19,"column":8},"end":{"line":24,"column":9}},"8":{"start":{"line":20,"column":12},"end":{"line":22,"column":13}},"9":{"start":{"line":21,"column":16},"end":{"line":21,"column":26}},"10":{"start":{"line":23,"column":12},"end":{"line":23,"column":77}},"11":{"start":{"line":7,"column":13},"end":{"line":26,"column":1}},"12":{"start":{"line":26,"column":0},"end":{"line":26,"column":1}}},"fnMap":{"0":{"name":"(anonymous_2)","decl":{"start":{"line":7,"column":0},"end":{"line":null,"column":-1}},"loc":{"start":{"line":7,"column":0},"end":{"line":7,"column":-1}}},"1":{"name":"TrustAsPipe","decl":{"start":{"line":9,"column":4},"end":{"line":9,"column":23}},"loc":{"start":{"line":9,"column":50},"end":{"line":9,"column":54}}},"2":{"name":"(anonymous_4)","decl":{"start":{"line":11,"column":4},"end":{"line":11,"column":13}},"loc":{"start":{"line":11,"column":59},"end":{"line":25,"column":5}}}},"branchMap":{"0":{"loc":{"start":{"line":12,"column":8},"end":{"line":17,"column":9}},"type":"if","locations":[{"start":{"line":12,"column":8},"end":{"line":17,"column":9}},{"start":{"line":12,"column":8},"end":{"line":17,"column":9}}]},"1":{"loc":{"start":{"line":12,"column":12},"end":{"line":12,"column":29}},"type":"binary-expr","locations":[{"start":{"line":12,"column":12},"end":{"line":12,"column":29}},{"start":{"line":12,"column":33},"end":{"line":12,"column":68}}]},"2":{"loc":{"start":{"line":13,"column":12},"end":{"line":15,"column":13}},"type":"if","locations":[{"start":{"line":13,"column":12},"end":{"line":15,"column":13}},{"start":{"line":13,"column":12},"end":{"line":15,"column":13}}]},"3":{"loc":{"start":{"line":19,"column":8},"end":{"line":24,"column":9}},"type":"if","locations":[{"start":{"line":19,"column":8},"end":{"line":24,"column":9}},{"start":{"line":19,"column":8},"end":{"line":24,"column":9}}]},"4":{"loc":{"start":{"line":19,"column":12},"end":{"line":19,"column":25}},"type":"binary-expr","locations":[{"start":{"line":19,"column":12},"end":{"line":19,"column":25}},{"start":{"line":19,"column":29},"end":{"line":19,"column":56}}]},"5":{"loc":{"start":{"line":20,"column":12},"end":{"line":22,"column":13}},"type":"if","locations":[{"start":{"line":20,"column":12},"end":{"line":22,"column":13}},{"start":{"line":20,"column":12},"end":{"line":22,"column":13}}]},"6":{"loc":{"start":{"line":20,"column":16},"end":{"line":20,"column":32}},"type":"binary-expr","locations":[{"start":{"line":20,"column":16},"end":{"line":20,"column":32}},{"start":{"line":20,"column":36},"end":{"line":20,"column":57}}]}},"s":{"0":1,"1":350,"2":1,"3":611,"4":0,"5":0,"6":0,"7":611,"8":611,"9":227,"10":384,"11":1,"12":1},"f":{"0":1,"1":350,"2":611},"b":{"0":[0,611],"1":[611,611],"2":[0,0],"3":[611,0],"4":[611,0],"5":[227,384],"6":[611,611]}}
,"/home/udayk/code-setup-wavemaker/wavemaker-studio-frontend/wavemaker-ng-runtime/projects/components/base/src/test/common-widget.specs.ts": {"path":"/home/udayk/code-setup-wavemaker/wavemaker-studio-frontend/wavemaker-ng-runtime/projects/components/base/src/test/common-widget.specs.ts","statementMap":{"0":{"start":{"line":26,"column":0},"end":{"line":383,"column":0}},"1":{"start":{"line":30,"column":8},"end":{"line":30,"column":35}},"2":{"start":{"line":37,"column":12},"end":{"line":43,"column":5}},"3":{"start":{"line":38,"column":8},"end":{"line":38,"column":70}},"4":{"start":{"line":40,"column":12},"end":{"line":40,"column":66}},"5":{"start":{"line":42,"column":8},"end":{"line":42,"column":76}},"6":{"start":{"line":48,"column":11},"end":{"line":102,"column":5}},"7":{"start":{"line":48,"column":4},"end":{"line":102,"column":4}},"8":{"start":{"line":49,"column":8},"end":{"line":101,"column":11}},"9":{"start":{"line":53,"column":29},"end":{"line":53,"column":68}},"10":{"start":{"line":55,"column":12},"end":{"line":60,"column":16}},"11":{"start":{"line":56,"column":16},"end":{"line":56,"column":107}},"12":{"start":{"line":57,"column":16},"end":{"line":57,"column":66}},"13":{"start":{"line":58,"column":16},"end":{"line":58,"column":52}},"14":{"start":{"line":59,"column":16},"end":{"line":59,"column":40}},"15":{"start":{"line":61,"column":24},"end":{"line":61,"column":25}},"16":{"start":{"line":64,"column":12},"end":{"line":100,"column":15}},"17":{"start":{"line":65,"column":31},"end":{"line":65,"column":40}},"18":{"start":{"line":66,"column":32},"end":{"line":66,"column":42}},"19":{"start":{"line":67,"column":41},"end":{"line":67,"column":50}},"20":{"start":{"line":70,"column":16},"end":{"line":72,"column":17}},"21":{"start":{"line":71,"column":20},"end":{"line":71,"column":27}},"22":{"start":{"line":74,"column":16},"end":{"line":98,"column":19}},"23":{"start":{"line":75,"column":36},"end":{"line":75,"column":67}},"24":{"start":{"line":79,"column":20},"end":{"line":89,"column":21}},"25":{"start":{"line":80,"column":24},"end":{"line":84,"column":25}},"26":{"start":{"line":81,"column":28},"end":{"line":81,"column":118}},"27":{"start":{"line":83,"column":28},"end":{"line":83,"column":92}},"28":{"start":{"line":85,"column":27},"end":{"line":89,"column":21}},"29":{"start":{"line":86,"column":24},"end":{"line":86,"column":114}},"30":{"start":{"line":87,"column":27},"end":{"line":89,"column":21}},"31":{"start":{"line":88,"column":24},"end":{"line":88,"column":56}},"32":{"start":{"line":92,"column":20},"end":{"line":94,"column":21}},"33":{"start":{"line":93,"column":24},"end":{"line":93,"column":77}},"34":{"start":{"line":97,"column":20},"end":{"line":97,"column":73}},"35":{"start":{"line":108,"column":11},"end":{"line":213,"column":5}},"36":{"start":{"line":108,"column":4},"end":{"line":213,"column":4}},"37":{"start":{"line":109,"column":8},"end":{"line":212,"column":11}},"38":{"start":{"line":117,"column":12},"end":{"line":124,"column":16}},"39":{"start":{"line":118,"column":16},"end":{"line":118,"column":107}},"40":{"start":{"line":119,"column":16},"end":{"line":119,"column":66}},"41":{"start":{"line":120,"column":16},"end":{"line":120,"column":52}},"42":{"start":{"line":121,"column":16},"end":{"line":121,"column":94}},"43":{"start":{"line":122,"column":16},"end":{"line":122,"column":40}},"44":{"start":{"line":123,"column":16},"end":{"line":123,"column":149}},"45":{"start":{"line":127,"column":12},"end":{"line":132,"column":15}},"46":{"start":{"line":128,"column":16},"end":{"line":130,"column":17}},"47":{"start":{"line":129,"column":20},"end":{"line":129,"column":27}},"48":{"start":{"line":131,"column":16},"end":{"line":131,"column":75}},"49":{"start":{"line":135,"column":12},"end":{"line":143,"column":15}},"50":{"start":{"line":136,"column":16},"end":{"line":138,"column":17}},"51":{"start":{"line":137,"column":20},"end":{"line":137,"column":27}},"52":{"start":{"line":139,"column":33},"end":{"line":139,"column":48}},"53":{"start":{"line":140,"column":16},"end":{"line":142,"column":17}},"54":{"start":{"line":141,"column":20},"end":{"line":141,"column":69}},"55":{"start":{"line":146,"column":12},"end":{"line":162,"column":15}},"56":{"start":{"line":147,"column":16},"end":{"line":149,"column":17}},"57":{"start":{"line":148,"column":20},"end":{"line":148,"column":27}},"58":{"start":{"line":150,"column":38},"end":{"line":150,"column":101}},"59":{"start":{"line":151,"column":36},"end":{"line":151,"column":85}},"60":{"start":{"line":153,"column":16},"end":{"line":153,"column":80}},"61":{"start":{"line":155,"column":16},"end":{"line":155,"column":50}},"62":{"start":{"line":156,"column":16},"end":{"line":156,"column":40}},"63":{"start":{"line":157,"column":16},"end":{"line":157,"column":68}},"64":{"start":{"line":159,"column":16},"end":{"line":159,"column":51}},"65":{"start":{"line":160,"column":16},"end":{"line":160,"column":40}},"66":{"start":{"line":161,"column":16},"end":{"line":161,"column":67}},"67":{"start":{"line":165,"column":12},"end":{"line":177,"column":15}},"68":{"start":{"line":166,"column":16},"end":{"line":169,"column":17}},"69":{"start":{"line":167,"column":20},"end":{"line":167,"column":27}},"70":{"start":{"line":168,"column":20},"end":{"line":168,"column":27}},"71":{"start":{"line":170,"column":16},"end":{"line":170,"column":88}},"72":{"start":{"line":171,"column":16},"end":{"line":171,"column":55}},"73":{"start":{"line":172,"column":16},"end":{"line":172,"column":40}},"74":{"start":{"line":173,"column":16},"end":{"line":176,"column":24}},"75":{"start":{"line":174,"column":20},"end":{"line":174,"column":92}},"76":{"start":{"line":175,"column":20},"end":{"line":175,"column":27}},"77":{"start":{"line":180,"column":12},"end":{"line":192,"column":15}},"78":{"start":{"line":181,"column":16},"end":{"line":184,"column":17}},"79":{"start":{"line":182,"column":20},"end":{"line":182,"column":27}},"80":{"start":{"line":183,"column":20},"end":{"line":183,"column":27}},"81":{"start":{"line":185,"column":16},"end":{"line":185,"column":101}},"82":{"start":{"line":186,"column":16},"end":{"line":186,"column":62}},"83":{"start":{"line":187,"column":16},"end":{"line":187,"column":40}},"84":{"start":{"line":188,"column":16},"end":{"line":191,"column":24}},"85":{"start":{"line":189,"column":20},"end":{"line":189,"column":105}},"86":{"start":{"line":190,"column":20},"end":{"line":190,"column":27}},"87":{"start":{"line":195,"column":12},"end":{"line":201,"column":15}},"88":{"start":{"line":196,"column":16},"end":{"line":198,"column":17}},"89":{"start":{"line":197,"column":20},"end":{"line":197,"column":27}},"90":{"start":{"line":199,"column":36},"end":{"line":199,"column":79}},"91":{"start":{"line":200,"column":16},"end":{"line":200,"column":78}},"92":{"start":{"line":204,"column":12},"end":{"line":209,"column":15}},"93":{"start":{"line":205,"column":16},"end":{"line":207,"column":17}},"94":{"start":{"line":206,"column":20},"end":{"line":206,"column":27}},"95":{"start":{"line":208,"column":16},"end":{"line":208,"column":87}},"96":{"start":{"line":218,"column":11},"end":{"line":324,"column":5}},"97":{"start":{"line":218,"column":4},"end":{"line":324,"column":4}},"98":{"start":{"line":219,"column":8},"end":{"line":323,"column":11}},"99":{"start":{"line":225,"column":12},"end":{"line":230,"column":16}},"100":{"start":{"line":226,"column":16},"end":{"line":226,"column":107}},"101":{"start":{"line":227,"column":16},"end":{"line":227,"column":66}},"102":{"start":{"line":228,"column":16},"end":{"line":228,"column":52}},"103":{"start":{"line":229,"column":16},"end":{"line":229,"column":40}},"104":{"start":{"line":235,"column":12},"end":{"line":253,"column":13}},"105":{"start":{"line":236,"column":16},"end":{"line":252,"column":19}},"106":{"start":{"line":238,"column":37},"end":{"line":238,"column":58}},"107":{"start":{"line":239,"column":20},"end":{"line":241,"column":21}},"108":{"start":{"line":240,"column":24},"end":{"line":240,"column":31}},"109":{"start":{"line":244,"column":38},"end":{"line":244,"column":82}},"110":{"start":{"line":245,"column":20},"end":{"line":247,"column":21}},"111":{"start":{"line":246,"column":24},"end":{"line":246,"column":31}},"112":{"start":{"line":249,"column":20},"end":{"line":251,"column":23}},"113":{"start":{"line":250,"column":24},"end":{"line":250,"column":87}},"114":{"start":{"line":256,"column":12},"end":{"line":322,"column":15}},"115":{"start":{"line":283,"column":16},"end":{"line":289,"column":17}},"116":{"start":{"line":284,"column":20},"end":{"line":284,"column":43}},"117":{"start":{"line":285,"column":20},"end":{"line":285,"column":47}},"118":{"start":{"line":287,"column":20},"end":{"line":287,"column":35}},"119":{"start":{"line":288,"column":20},"end":{"line":288,"column":53}},"120":{"start":{"line":295,"column":16},"end":{"line":321,"column":19}},"121":{"start":{"line":296,"column":20},"end":{"line":296,"column":74}},"122":{"start":{"line":297,"column":20},"end":{"line":297,"column":63}},"123":{"start":{"line":298,"column":20},"end":{"line":320,"column":21}},"124":{"start":{"line":299,"column":24},"end":{"line":317,"column":25}},"125":{"start":{"line":300,"column":28},"end":{"line":300,"column":67}},"126":{"start":{"line":301,"column":31},"end":{"line":317,"column":25}},"127":{"start":{"line":302,"column":28},"end":{"line":302,"column":53}},"128":{"start":{"line":303,"column":43},"end":{"line":303,"column":94}},"129":{"start":{"line":304,"column":28},"end":{"line":304,"column":61}},"130":{"start":{"line":305,"column":31},"end":{"line":317,"column":25}},"131":{"start":{"line":306,"column":28},"end":{"line":306,"column":62}},"132":{"start":{"line":307,"column":31},"end":{"line":317,"column":25}},"133":{"start":{"line":308,"column":28},"end":{"line":308,"column":81}},"134":{"start":{"line":309,"column":28},"end":{"line":309,"column":100}},"135":{"start":{"line":310,"column":31},"end":{"line":317,"column":25}},"136":{"start":{"line":312,"column":28},"end":{"line":312,"column":49}},"137":{"start":{"line":313,"column":31},"end":{"line":317,"column":25}},"138":{"start":{"line":315,"column":28},"end":{"line":315,"column":77}},"139":{"start":{"line":316,"column":28},"end":{"line":316,"column":75}},"140":{"start":{"line":319,"column":24},"end":{"line":319,"column":57}},"141":{"start":{"line":327,"column":11},"end":{"line":382,"column":5}},"142":{"start":{"line":327,"column":4},"end":{"line":382,"column":4}},"143":{"start":{"line":330,"column":8},"end":{"line":380,"column":11}},"144":{"start":{"line":338,"column":12},"end":{"line":343,"column":16}},"145":{"start":{"line":339,"column":16},"end":{"line":339,"column":107}},"146":{"start":{"line":340,"column":16},"end":{"line":340,"column":66}},"147":{"start":{"line":341,"column":16},"end":{"line":341,"column":52}},"148":{"start":{"line":342,"column":16},"end":{"line":342,"column":40}},"149":{"start":{"line":345,"column":12},"end":{"line":378,"column":14}},"150":{"start":{"line":347,"column":16},"end":{"line":376,"column":17}},"151":{"start":{"line":348,"column":20},"end":{"line":357,"column":23}},"152":{"start":{"line":350,"column":41},"end":{"line":350,"column":93}},"153":{"start":{"line":351,"column":24},"end":{"line":351,"column":57}},"154":{"start":{"line":352,"column":24},"end":{"line":355,"column":27}},"155":{"start":{"line":353,"column":28},"end":{"line":353,"column":102}},"156":{"start":{"line":354,"column":28},"end":{"line":354,"column":110}},"157":{"start":{"line":358,"column":23},"end":{"line":376,"column":17}},"158":{"start":{"line":359,"column":20},"end":{"line":366,"column":24}},"159":{"start":{"line":360,"column":24},"end":{"line":365,"column":27}},"160":{"start":{"line":361,"column":28},"end":{"line":361,"column":102}},"161":{"start":{"line":362,"column":45},"end":{"line":362,"column":102}},"162":{"start":{"line":363,"column":28},"end":{"line":363,"column":101}},"163":{"start":{"line":364,"column":28},"end":{"line":364,"column":110}},"164":{"start":{"line":367,"column":23},"end":{"line":376,"column":17}},"165":{"start":{"line":368,"column":20},"end":{"line":375,"column":24}},"166":{"start":{"line":369,"column":24},"end":{"line":374,"column":27}},"167":{"start":{"line":370,"column":28},"end":{"line":370,"column":102}},"168":{"start":{"line":371,"column":45},"end":{"line":371,"column":97}},"169":{"start":{"line":372,"column":28},"end":{"line":372,"column":81}},"170":{"start":{"line":373,"column":28},"end":{"line":373,"column":110}},"171":{"start":{"line":383,"column":0},"end":{"line":383,"column":1}}},"fnMap":{"0":{"name":"(anonymous_0)","decl":{"start":{"line":26,"column":0},"end":{"line":null,"column":-1}},"loc":{"start":{"line":26,"column":0},"end":{"line":26,"column":-1}}},"1":{"name":"ComponentTestBase","decl":{"start":{"line":29,"column":4},"end":{"line":29,"column":15}},"loc":{"start":{"line":29,"column":44},"end":{"line":31,"column":5}}},"2":{"name":"(anonymous_2)","decl":{"start":{"line":37,"column":4},"end":{"line":37,"column":20}},"loc":{"start":{"line":37,"column":29},"end":{"line":43,"column":5}}},"3":{"name":"hex","decl":{"start":{"line":39,"column":17},"end":{"line":39,"column":20}},"loc":{"start":{"line":39,"column":22},"end":{"line":41,"column":9}}},"4":{"name":"(anonymous_4)","decl":{"start":{"line":48,"column":4},"end":{"line":null,"column":-1}},"loc":{"start":{"line":48,"column":4},"end":{"line":102,"column":5}}},"5":{"name":"(anonymous_5)","decl":{"start":{"line":49,"column":73},"end":{"line":null,"column":-1}},"loc":{"start":{"line":49,"column":73},"end":{"line":101,"column":9}}},"6":{"name":"(anonymous_6)","decl":{"start":{"line":55,"column":29},"end":{"line":null,"column":-1}},"loc":{"start":{"line":55,"column":29},"end":{"line":60,"column":13}}},"7":{"name":"(anonymous_7)","decl":{"start":{"line":64,"column":64},"end":{"line":64,"column":64}},"loc":{"start":{"line":64,"column":69},"end":{"line":100,"column":13}}},"8":{"name":"(anonymous_8)","decl":{"start":{"line":74,"column":102},"end":{"line":null,"column":-1}},"loc":{"start":{"line":74,"column":102},"end":{"line":98,"column":17}}},"9":{"name":"(anonymous_9)","decl":{"start":{"line":108,"column":4},"end":{"line":null,"column":-1}},"loc":{"start":{"line":108,"column":4},"end":{"line":213,"column":5}}},"10":{"name":"(anonymous_10)","decl":{"start":{"line":109,"column":69},"end":{"line":null,"column":-1}},"loc":{"start":{"line":109,"column":69},"end":{"line":212,"column":9}}},"11":{"name":"(anonymous_11)","decl":{"start":{"line":117,"column":29},"end":{"line":null,"column":-1}},"loc":{"start":{"line":117,"column":29},"end":{"line":124,"column":13}}},"12":{"name":"(anonymous_12)","decl":{"start":{"line":127,"column":41},"end":{"line":null,"column":-1}},"loc":{"start":{"line":127,"column":41},"end":{"line":132,"column":13}}},"13":{"name":"(anonymous_13)","decl":{"start":{"line":135,"column":45},"end":{"line":null,"column":-1}},"loc":{"start":{"line":135,"column":45},"end":{"line":143,"column":13}}},"14":{"name":"(anonymous_14)","decl":{"start":{"line":146,"column":76},"end":{"line":null,"column":-1}},"loc":{"start":{"line":146,"column":76},"end":{"line":162,"column":13}}},"15":{"name":"(anonymous_15)","decl":{"start":{"line":165,"column":61},"end":{"line":165,"column":60}},"loc":{"start":{"line":165,"column":65},"end":{"line":177,"column":13}}},"16":{"name":"(anonymous_16)","decl":{"start":{"line":173,"column":27},"end":{"line":null,"column":-1}},"loc":{"start":{"line":173,"column":27},"end":{"line":176,"column":17}}},"17":{"name":"(anonymous_17)","decl":{"start":{"line":180,"column":68},"end":{"line":180,"column":67}},"loc":{"start":{"line":180,"column":72},"end":{"line":192,"column":13}}},"18":{"name":"(anonymous_18)","decl":{"start":{"line":188,"column":27},"end":{"line":null,"column":-1}},"loc":{"start":{"line":188,"column":27},"end":{"line":191,"column":17}}},"19":{"name":"(anonymous_19)","decl":{"start":{"line":195,"column":41},"end":{"line":null,"column":-1}},"loc":{"start":{"line":195,"column":41},"end":{"line":201,"column":13}}},"20":{"name":"(anonymous_20)","decl":{"start":{"line":204,"column":43},"end":{"line":null,"column":-1}},"loc":{"start":{"line":204,"column":43},"end":{"line":209,"column":13}}},"21":{"name":"(anonymous_21)","decl":{"start":{"line":218,"column":4},"end":{"line":218,"column":23}},"loc":{"start":{"line":218,"column":42},"end":{"line":324,"column":5}}},"22":{"name":"(anonymous_22)","decl":{"start":{"line":219,"column":66},"end":{"line":null,"column":-1}},"loc":{"start":{"line":219,"column":66},"end":{"line":323,"column":9}}},"23":{"name":"(anonymous_23)","decl":{"start":{"line":225,"column":29},"end":{"line":null,"column":-1}},"loc":{"start":{"line":225,"column":29},"end":{"line":230,"column":13}}},"24":{"name":"(anonymous_24)","decl":{"start":{"line":236,"column":47},"end":{"line":236,"column":47}},"loc":{"start":{"line":236,"column":55},"end":{"line":252,"column":17}}},"25":{"name":"(anonymous_25)","decl":{"start":{"line":249,"column":55},"end":{"line":null,"column":-1}},"loc":{"start":{"line":249,"column":55},"end":{"line":251,"column":21}}},"26":{"name":"(anonymous_26)","decl":{"start":{"line":281,"column":15},"end":{"line":281,"column":15}},"loc":{"start":{"line":281,"column":20},"end":{"line":322,"column":13}}},"27":{"name":"(anonymous_27)","decl":{"start":{"line":295,"column":49},"end":{"line":null,"column":-1}},"loc":{"start":{"line":295,"column":49},"end":{"line":321,"column":17}}},"28":{"name":"(anonymous_28)","decl":{"start":{"line":327,"column":4},"end":{"line":327,"column":23}},"loc":{"start":{"line":327,"column":45},"end":{"line":382,"column":5}}},"29":{"name":"(anonymous_29)","decl":{"start":{"line":330,"column":71},"end":{"line":null,"column":-1}},"loc":{"start":{"line":330,"column":71},"end":{"line":380,"column":9}}},"30":{"name":"(anonymous_30)","decl":{"start":{"line":338,"column":24},"end":{"line":null,"column":-1}},"loc":{"start":{"line":338,"column":24},"end":{"line":343,"column":13}}},"31":{"name":"(anonymous_31)","decl":{"start":{"line":345,"column":33},"end":{"line":345,"column":33}},"loc":{"start":{"line":345,"column":40},"end":{"line":378,"column":13}}},"32":{"name":"(anonymous_32)","decl":{"start":{"line":348,"column":82},"end":{"line":null,"column":-1}},"loc":{"start":{"line":348,"column":82},"end":{"line":357,"column":21}}},"33":{"name":"(anonymous_33)","decl":{"start":{"line":352,"column":50},"end":{"line":null,"column":-1}},"loc":{"start":{"line":352,"column":50},"end":{"line":355,"column":25}}},"34":{"name":"(anonymous_34)","decl":{"start":{"line":359,"column":82},"end":{"line":null,"column":-1}},"loc":{"start":{"line":359,"column":82},"end":{"line":366,"column":21}}},"35":{"name":"(anonymous_35)","decl":{"start":{"line":360,"column":50},"end":{"line":null,"column":-1}},"loc":{"start":{"line":360,"column":50},"end":{"line":365,"column":25}}},"36":{"name":"(anonymous_36)","decl":{"start":{"line":368,"column":82},"end":{"line":null,"column":-1}},"loc":{"start":{"line":368,"column":82},"end":{"line":375,"column":21}}},"37":{"name":"(anonymous_37)","decl":{"start":{"line":369,"column":50},"end":{"line":null,"column":-1}},"loc":{"start":{"line":369,"column":50},"end":{"line":374,"column":25}}}},"branchMap":{"0":{"loc":{"start":{"line":70,"column":16},"end":{"line":72,"column":17}},"type":"if","locations":[{"start":{"line":70,"column":16},"end":{"line":72,"column":17}},{"start":{"line":70,"column":16},"end":{"line":72,"column":17}}]},"1":{"loc":{"start":{"line":70,"column":20},"end":{"line":70,"column":53}},"type":"binary-expr","locations":[{"start":{"line":70,"column":20},"end":{"line":70,"column":53}},{"start":{"line":70,"column":57},"end":{"line":70,"column":86}},{"start":{"line":70,"column":90},"end":{"line":70,"column":118}},{"start":{"line":70,"column":122},"end":{"line":70,"column":145}},{"start":{"line":70,"column":149},"end":{"line":70,"column":159}}]},"2":{"loc":{"start":{"line":75,"column":36},"end":{"line":75,"column":61}},"type":"binary-expr","locations":[{"start":{"line":75,"column":36},"end":{"line":75,"column":61}},{"start":{"line":75,"column":65},"end":{"line":75,"column":67}}]},"3":{"loc":{"start":{"line":79,"column":20},"end":{"line":89,"column":21}},"type":"if","locations":[{"start":{"line":79,"column":20},"end":{"line":89,"column":21}},{"start":{"line":79,"column":20},"end":{"line":89,"column":21}}]},"4":{"loc":{"start":{"line":80,"column":24},"end":{"line":84,"column":25}},"type":"if","locations":[{"start":{"line":80,"column":24},"end":{"line":84,"column":25}},{"start":{"line":80,"column":24},"end":{"line":84,"column":25}}]},"5":{"loc":{"start":{"line":81,"column":49},"end":{"line":81,"column":71}},"type":"binary-expr","locations":[{"start":{"line":81,"column":49},"end":{"line":81,"column":71}},{"start":{"line":81,"column":75},"end":{"line":81,"column":93}},{"start":{"line":81,"column":97},"end":{"line":81,"column":117}}]},"6":{"loc":{"start":{"line":83,"column":49},"end":{"line":83,"column":67}},"type":"binary-expr","locations":[{"start":{"line":83,"column":49},"end":{"line":83,"column":67}},{"start":{"line":83,"column":71},"end":{"line":83,"column":91}}]},"7":{"loc":{"start":{"line":85,"column":27},"end":{"line":89,"column":21}},"type":"if","locations":[{"start":{"line":85,"column":27},"end":{"line":89,"column":21}},{"start":{"line":85,"column":27},"end":{"line":89,"column":21}}]},"8":{"loc":{"start":{"line":86,"column":45},"end":{"line":86,"column":67}},"type":"binary-expr","locations":[{"start":{"line":86,"column":45},"end":{"line":86,"column":67}},{"start":{"line":86,"column":71},"end":{"line":86,"column":89}},{"start":{"line":86,"column":93},"end":{"line":86,"column":113}}]},"9":{"loc":{"start":{"line":87,"column":27},"end":{"line":89,"column":21}},"type":"if","locations":[{"start":{"line":87,"column":27},"end":{"line":89,"column":21}},{"start":{"line":87,"column":27},"end":{"line":89,"column":21}}]},"10":{"loc":{"start":{"line":92,"column":20},"end":{"line":94,"column":21}},"type":"if","locations":[{"start":{"line":92,"column":20},"end":{"line":94,"column":21}},{"start":{"line":92,"column":20},"end":{"line":94,"column":21}}]},"11":{"loc":{"start":{"line":123,"column":65},"end":{"line":123,"column":137}},"type":"cond-expr","locations":[{"start":{"line":123,"column":65},"end":{"line":123,"column":137}},{"start":{"line":123,"column":140},"end":{"line":123,"column":148}}]},"12":{"loc":{"start":{"line":128,"column":16},"end":{"line":130,"column":17}},"type":"if","locations":[{"start":{"line":128,"column":16},"end":{"line":130,"column":17}},{"start":{"line":128,"column":16},"end":{"line":130,"column":17}}]},"13":{"loc":{"start":{"line":136,"column":16},"end":{"line":138,"column":17}},"type":"if","locations":[{"start":{"line":136,"column":16},"end":{"line":138,"column":17}},{"start":{"line":136,"column":16},"end":{"line":138,"column":17}}]},"14":{"loc":{"start":{"line":140,"column":16},"end":{"line":142,"column":17}},"type":"if","locations":[{"start":{"line":140,"column":16},"end":{"line":142,"column":17}},{"start":{"line":140,"column":16},"end":{"line":142,"column":17}}]},"15":{"loc":{"start":{"line":147,"column":16},"end":{"line":149,"column":17}},"type":"if","locations":[{"start":{"line":147,"column":16},"end":{"line":149,"column":17}},{"start":{"line":147,"column":16},"end":{"line":149,"column":17}}]},"16":{"loc":{"start":{"line":151,"column":52},"end":{"line":151,"column":78}},"type":"cond-expr","locations":[{"start":{"line":151,"column":52},"end":{"line":151,"column":78}},{"start":{"line":151,"column":81},"end":{"line":151,"column":85}}]},"17":{"loc":{"start":{"line":166,"column":16},"end":{"line":169,"column":17}},"type":"if","locations":[{"start":{"line":166,"column":16},"end":{"line":169,"column":17}},{"start":{"line":166,"column":16},"end":{"line":169,"column":17}}]},"18":{"loc":{"start":{"line":181,"column":16},"end":{"line":184,"column":17}},"type":"if","locations":[{"start":{"line":181,"column":16},"end":{"line":184,"column":17}},{"start":{"line":181,"column":16},"end":{"line":184,"column":17}}]},"19":{"loc":{"start":{"line":196,"column":16},"end":{"line":198,"column":17}},"type":"if","locations":[{"start":{"line":196,"column":16},"end":{"line":198,"column":17}},{"start":{"line":196,"column":16},"end":{"line":198,"column":17}}]},"20":{"loc":{"start":{"line":205,"column":16},"end":{"line":207,"column":17}},"type":"if","locations":[{"start":{"line":205,"column":16},"end":{"line":207,"column":17}},{"start":{"line":205,"column":16},"end":{"line":207,"column":17}}]},"21":{"loc":{"start":{"line":235,"column":12},"end":{"line":253,"column":13}},"type":"if","locations":[{"start":{"line":235,"column":12},"end":{"line":253,"column":13}},{"start":{"line":235,"column":12},"end":{"line":253,"column":13}}]},"22":{"loc":{"start":{"line":239,"column":20},"end":{"line":241,"column":21}},"type":"if","locations":[{"start":{"line":239,"column":20},"end":{"line":241,"column":21}},{"start":{"line":239,"column":20},"end":{"line":241,"column":21}}]},"23":{"loc":{"start":{"line":245,"column":20},"end":{"line":247,"column":21}},"type":"if","locations":[{"start":{"line":245,"column":20},"end":{"line":247,"column":21}},{"start":{"line":245,"column":20},"end":{"line":247,"column":21}}]},"24":{"loc":{"start":{"line":283,"column":16},"end":{"line":289,"column":17}},"type":"if","locations":[{"start":{"line":283,"column":16},"end":{"line":289,"column":17}},{"start":{"line":283,"column":16},"end":{"line":289,"column":17}}]},"25":{"loc":{"start":{"line":298,"column":20},"end":{"line":320,"column":21}},"type":"if","locations":[{"start":{"line":298,"column":20},"end":{"line":320,"column":21}},{"start":{"line":298,"column":20},"end":{"line":320,"column":21}}]},"26":{"loc":{"start":{"line":299,"column":24},"end":{"line":317,"column":25}},"type":"if","locations":[{"start":{"line":299,"column":24},"end":{"line":317,"column":25}},{"start":{"line":299,"column":24},"end":{"line":317,"column":25}}]},"27":{"loc":{"start":{"line":301,"column":31},"end":{"line":317,"column":25}},"type":"if","locations":[{"start":{"line":301,"column":31},"end":{"line":317,"column":25}},{"start":{"line":301,"column":31},"end":{"line":317,"column":25}}]},"28":{"loc":{"start":{"line":303,"column":43},"end":{"line":303,"column":86}},"type":"binary-expr","locations":[{"start":{"line":303,"column":43},"end":{"line":303,"column":86}},{"start":{"line":303,"column":90},"end":{"line":303,"column":94}}]},"29":{"loc":{"start":{"line":305,"column":31},"end":{"line":317,"column":25}},"type":"if","locations":[{"start":{"line":305,"column":31},"end":{"line":317,"column":25}},{"start":{"line":305,"column":31},"end":{"line":317,"column":25}}]},"30":{"loc":{"start":{"line":307,"column":31},"end":{"line":317,"column":25}},"type":"if","locations":[{"start":{"line":307,"column":31},"end":{"line":317,"column":25}},{"start":{"line":307,"column":31},"end":{"line":317,"column":25}}]},"31":{"loc":{"start":{"line":307,"column":35},"end":{"line":307,"column":54}},"type":"binary-expr","locations":[{"start":{"line":307,"column":35},"end":{"line":307,"column":54}},{"start":{"line":307,"column":58},"end":{"line":307,"column":87}},{"start":{"line":307,"column":91},"end":{"line":307,"column":116}}]},"32":{"loc":{"start":{"line":308,"column":52},"end":{"line":308,"column":75}},"type":"cond-expr","locations":[{"start":{"line":308,"column":52},"end":{"line":308,"column":75}},{"start":{"line":308,"column":78},"end":{"line":308,"column":80}}]},"33":{"loc":{"start":{"line":310,"column":31},"end":{"line":317,"column":25}},"type":"if","locations":[{"start":{"line":310,"column":31},"end":{"line":317,"column":25}},{"start":{"line":310,"column":31},"end":{"line":317,"column":25}}]},"34":{"loc":{"start":{"line":313,"column":31},"end":{"line":317,"column":25}},"type":"if","locations":[{"start":{"line":313,"column":31},"end":{"line":317,"column":25}},{"start":{"line":313,"column":31},"end":{"line":317,"column":25}}]},"35":{"loc":{"start":{"line":315,"column":41},"end":{"line":315,"column":50}},"type":"binary-expr","locations":[{"start":{"line":315,"column":41},"end":{"line":315,"column":50}},{"start":{"line":315,"column":54},"end":{"line":315,"column":56}}]},"36":{"loc":{"start":{"line":316,"column":40},"end":{"line":316,"column":48}},"type":"binary-expr","locations":[{"start":{"line":316,"column":40},"end":{"line":316,"column":48}},{"start":{"line":316,"column":52},"end":{"line":316,"column":54}}]},"37":{"loc":{"start":{"line":347,"column":16},"end":{"line":376,"column":17}},"type":"if","locations":[{"start":{"line":347,"column":16},"end":{"line":376,"column":17}},{"start":{"line":347,"column":16},"end":{"line":376,"column":17}}]},"38":{"loc":{"start":{"line":358,"column":23},"end":{"line":376,"column":17}},"type":"if","locations":[{"start":{"line":358,"column":23},"end":{"line":376,"column":17}},{"start":{"line":358,"column":23},"end":{"line":376,"column":17}}]},"39":{"loc":{"start":{"line":367,"column":23},"end":{"line":376,"column":17}},"type":"if","locations":[{"start":{"line":367,"column":23},"end":{"line":376,"column":17}},{"start":{"line":367,"column":23},"end":{"line":376,"column":17}}]}},"s":{"0":1,"1":16,"2":1,"3":17,"4":51,"5":17,"6":1,"7":16,"8":16,"9":16,"10":16,"11":261,"12":261,"13":261,"14":261,"15":16,"16":16,"17":345,"18":345,"19":345,"20":345,"21":84,"22":261,"23":261,"24":261,"25":26,"26":20,"27":6,"28":235,"29":0,"30":235,"31":19,"32":261,"33":18,"34":261,"35":1,"36":16,"37":16,"38":16,"39":112,"40":112,"41":112,"42":112,"43":112,"44":112,"45":16,"46":16,"47":0,"48":16,"49":16,"50":16,"51":0,"52":16,"53":16,"54":9,"55":16,"56":16,"57":0,"58":16,"59":16,"60":16,"61":16,"62":16,"63":16,"64":16,"65":16,"66":16,"67":16,"68":16,"69":6,"70":6,"71":10,"72":10,"73":10,"74":10,"75":10,"76":10,"77":16,"78":16,"79":10,"80":10,"81":6,"82":6,"83":6,"84":6,"85":6,"86":6,"87":16,"88":16,"89":1,"90":15,"91":15,"92":16,"93":16,"94":13,"95":3,"96":1,"97":15,"98":15,"99":15,"100":385,"101":385,"102":385,"103":385,"104":15,"105":15,"106":30,"107":30,"108":18,"109":12,"110":12,"111":2,"112":10,"113":10,"114":15,"115":375,"116":0,"117":0,"118":375,"119":375,"120":375,"121":375,"122":375,"123":375,"124":92,"125":3,"126":89,"127":5,"128":5,"129":5,"130":84,"131":5,"132":79,"133":17,"134":17,"135":62,"136":3,"137":59,"138":2,"139":2,"140":92,"141":1,"142":4,"143":4,"144":4,"145":20,"146":20,"147":20,"148":20,"149":4,"150":20,"151":6,"152":6,"153":6,"154":6,"155":0,"156":0,"157":14,"158":6,"159":6,"160":4,"161":4,"162":4,"163":4,"164":8,"165":8,"166":8,"167":6,"168":6,"169":6,"170":6,"171":1},"f":{"0":1,"1":16,"2":17,"3":51,"4":16,"5":16,"6":261,"7":345,"8":261,"9":16,"10":16,"11":112,"12":16,"13":16,"14":16,"15":16,"16":10,"17":16,"18":6,"19":16,"20":16,"21":15,"22":15,"23":385,"24":30,"25":10,"26":375,"27":375,"28":4,"29":4,"30":20,"31":20,"32":6,"33":0,"34":6,"35":4,"36":8,"37":6},"b":{"0":[84,261],"1":[345,307,307,299,285],"2":[261,108],"3":[26,235],"4":[20,6],"5":[20,20,20],"6":[6,6],"7":[0,235],"8":[0,0,0],"9":[19,216],"10":[18,243],"11":[70,42],"12":[0,16],"13":[0,16],"14":[9,7],"15":[0,16],"16":[8,8],"17":[6,10],"18":[10,6],"19":[1,15],"20":[13,3],"21":[15,0],"22":[18,12],"23":[2,10],"24":[0,375],"25":[92,283],"26":[3,89],"27":[5,84],"28":[5,5],"29":[5,79],"30":[17,62],"31":[79,72,67],"32":[17,0],"33":[3,59],"34":[2,57],"35":[2,0],"36":[2,0],"37":[6,14],"38":[6,8],"39":[8,0]}}
,"/home/udayk/code-setup-wavemaker/wavemaker-studio-frontend/wavemaker-ng-runtime/projects/components/base/src/test/components.test.module.ts": {"path":"/home/udayk/code-setup-wavemaker/wavemaker-studio-frontend/wavemaker-ng-runtime/projects/components/base/src/test/components.test.module.ts","statementMap":{"0":{"start":{"line":12,"column":14},"end":{"line":12,"column":16}},"1":{"start":{"line":32,"column":0},"end":{"line":32,"column":36}},"2":{"start":{"line":32,"column":13},"end":{"line":32,"column":37}},"3":{"start":{"line":32,"column":36},"end":{"line":32,"column":37}}},"fnMap":{"0":{"name":"(anonymous_1)","decl":{"start":{"line":32,"column":0},"end":{"line":null,"column":-1}},"loc":{"start":{"line":32,"column":0},"end":{"line":32,"column":-1}}}},"branchMap":{},"s":{"0":1,"1":1,"2":1,"3":1},"f":{"0":568},"b":{}}
,"/home/udayk/code-setup-wavemaker/wavemaker-studio-frontend/wavemaker-ng-runtime/projects/components/base/src/test/util/component-test-util.ts": {"path":"/home/udayk/code-setup-wavemaker/wavemaker-studio-frontend/wavemaker-ng-runtime/projects/components/base/src/test/util/component-test-util.ts","statementMap":{"0":{"start":{"line":5,"column":36},"end":{"line":10,"column":1}},"1":{"start":{"line":6,"column":4},"end":{"line":7,"column":29}},"2":{"start":{"line":9,"column":4},"end":{"line":9,"column":54}},"3":{"start":{"line":12,"column":29},"end":{"line":18,"column":1}},"4":{"start":{"line":13,"column":10},"end":{"line":13,"column":77}},"5":{"start":{"line":14,"column":4},"end":{"line":14,"column":24}},"6":{"start":{"line":15,"column":4},"end":{"line":15,"column":44}},"7":{"start":{"line":16,"column":4},"end":{"line":16,"column":28}},"8":{"start":{"line":17,"column":11},"end":{"line":17,"column":37}},"9":{"start":{"line":17,"column":4},"end":{"line":17,"column":38}},"10":{"start":{"line":21,"column":38},"end":{"line":23,"column":1}},"11":{"start":{"line":22,"column":4},"end":{"line":22,"column":56}},"12":{"start":{"line":25,"column":41},"end":{"line":27,"column":1}},"13":{"start":{"line":26,"column":4},"end":{"line":26,"column":50}},"14":{"start":{"line":29,"column":33},"end":{"line":37,"column":1}},"15":{"start":{"line":30,"column":4},"end":{"line":36,"column":7}},"16":{"start":{"line":31,"column":26},"end":{"line":31,"column":67}},"17":{"start":{"line":33,"column":8},"end":{"line":33,"column":32}},"18":{"start":{"line":34,"column":8},"end":{"line":34,"column":72}},"19":{"start":{"line":39,"column":39},"end":{"line":41,"column":1}},"20":{"start":{"line":40,"column":4},"end":{"line":40,"column":63}},"21":{"start":{"line":44,"column":4},"end":{"line":60,"column":5}},"22":{"start":{"line":45,"column":8},"end":{"line":48,"column":9}},"23":{"start":{"line":46,"column":23},"end":{"line":46,"column":64}},"24":{"start":{"line":47,"column":12},"end":{"line":47,"column":39}},"25":{"start":{"line":50,"column":8},"end":{"line":50,"column":32}},"26":{"start":{"line":51,"column":8},"end":{"line":53,"column":9}},"27":{"start":{"line":52,"column":12},"end":{"line":52,"column":19}},"28":{"start":{"line":54,"column":22},"end":{"line":54,"column":60}},"29":{"start":{"line":56,"column":8},"end":{"line":56,"column":55}},"30":{"start":{"line":57,"column":8},"end":{"line":59,"column":9}},"31":{"start":{"line":58,"column":12},"end":{"line":58,"column":30}},"32":{"start":{"line":62,"column":48},"end":{"line":72,"column":1}},"33":{"start":{"line":63,"column":18},"end":{"line":63,"column":59}},"34":{"start":{"line":64,"column":4},"end":{"line":64,"column":34}},"35":{"start":{"line":65,"column":4},"end":{"line":71,"column":7}},"36":{"start":{"line":66,"column":8},"end":{"line":66,"column":109}},"37":{"start":{"line":67,"column":8},"end":{"line":69,"column":9}},"38":{"start":{"line":68,"column":12},"end":{"line":68,"column":23}},"39":{"start":{"line":74,"column":33},"end":{"line":79,"column":1}},"40":{"start":{"line":75,"column":4},"end":{"line":78,"column":7}},"41":{"start":{"line":76,"column":22},"end":{"line":76,"column":63}},"42":{"start":{"line":77,"column":8},"end":{"line":77,"column":73}},"43":{"start":{"line":81,"column":37},"end":{"line":86,"column":1}},"44":{"start":{"line":82,"column":4},"end":{"line":85,"column":7}},"45":{"start":{"line":83,"column":22},"end":{"line":83,"column":63}},"46":{"start":{"line":84,"column":8},"end":{"line":84,"column":74}},"47":{"start":{"line":88,"column":23},"end":{"line":93,"column":1}},"48":{"start":{"line":89,"column":23},"end":{"line":89,"column":38}},"49":{"start":{"line":91,"column":8},"end":{"line":91,"column":20}},"50":{"start":{"line":95,"column":28},"end":{"line":95,"column":30}}},"fnMap":{"0":{"name":"(anonymous_13)","decl":{"start":{"line":5,"column":36},"end":{"line":5,"column":36}},"loc":{"start":{"line":5,"column":65},"end":{"line":10,"column":1}}},"1":{"name":"(anonymous_14)","decl":{"start":{"line":12,"column":29},"end":{"line":12,"column":35}},"loc":{"start":{"line":12,"column":76},"end":{"line":18,"column":1}}},"2":{"name":"(anonymous_17)","decl":{"start":{"line":21,"column":38},"end":{"line":21,"column":38}},"loc":{"start":{"line":21,"column":64},"end":{"line":23,"column":1}}},"3":{"name":"(anonymous_18)","decl":{"start":{"line":25,"column":41},"end":{"line":25,"column":41}},"loc":{"start":{"line":25,"column":57},"end":{"line":27,"column":1}}},"4":{"name":"(anonymous_19)","decl":{"start":{"line":29,"column":33},"end":{"line":29,"column":33}},"loc":{"start":{"line":29,"column":77},"end":{"line":37,"column":1}}},"5":{"name":"(anonymous_20)","decl":{"start":{"line":30,"column":30},"end":{"line":null,"column":-1}},"loc":{"start":{"line":30,"column":30},"end":{"line":36,"column":5}}},"6":{"name":"(anonymous_21)","decl":{"start":{"line":39,"column":39},"end":{"line":39,"column":39}},"loc":{"start":{"line":39,"column":58},"end":{"line":41,"column":1}}},"7":{"name":"(anonymous_22)","decl":{"start":{"line":44,"column":4},"end":{"line":44,"column":4}},"loc":{"start":{"line":44,"column":95},"end":{"line":60,"column":5}}},"8":{"name":"(anonymous_23)","decl":{"start":{"line":62,"column":48},"end":{"line":62,"column":48}},"loc":{"start":{"line":62,"column":142},"end":{"line":72,"column":1}}},"9":{"name":"(anonymous_24)","decl":{"start":{"line":65,"column":30},"end":{"line":null,"column":-1}},"loc":{"start":{"line":65,"column":30},"end":{"line":71,"column":5}}},"10":{"name":"(anonymous_25)","decl":{"start":{"line":74,"column":33},"end":{"line":74,"column":33}},"loc":{"start":{"line":74,"column":78},"end":{"line":79,"column":1}}},"11":{"name":"(anonymous_26)","decl":{"start":{"line":75,"column":30},"end":{"line":null,"column":-1}},"loc":{"start":{"line":75,"column":30},"end":{"line":78,"column":5}}},"12":{"name":"(anonymous_27)","decl":{"start":{"line":81,"column":37},"end":{"line":81,"column":37}},"loc":{"start":{"line":81,"column":82},"end":{"line":86,"column":1}}},"13":{"name":"(anonymous_28)","decl":{"start":{"line":82,"column":30},"end":{"line":null,"column":-1}},"loc":{"start":{"line":82,"column":30},"end":{"line":85,"column":5}}},"14":{"name":"(anonymous_29)","decl":{"start":{"line":89,"column":15},"end":{"line":89,"column":22}},"loc":{"start":{"line":89,"column":15},"end":{"line":89,"column":39}}},"15":{"name":"(anonymous_30)","decl":{"start":{"line":89,"column":30},"end":{"line":89,"column":36}},"loc":{"start":{"line":89,"column":30},"end":{"line":89,"column":38}}},"16":{"name":"(anonymous_31)","decl":{"start":{"line":90,"column":23},"end":{"line":null,"column":-1}},"loc":{"start":{"line":90,"column":23},"end":{"line":92,"column":5}}}},"branchMap":{"0":{"loc":{"start":{"line":45,"column":8},"end":{"line":48,"column":9}},"type":"if","locations":[{"start":{"line":45,"column":8},"end":{"line":48,"column":9}},{"start":{"line":45,"column":8},"end":{"line":48,"column":9}}]},"1":{"loc":{"start":{"line":51,"column":8},"end":{"line":53,"column":9}},"type":"if","locations":[{"start":{"line":51,"column":8},"end":{"line":53,"column":9}},{"start":{"line":51,"column":8},"end":{"line":53,"column":9}}]},"2":{"loc":{"start":{"line":57,"column":8},"end":{"line":59,"column":9}},"type":"if","locations":[{"start":{"line":57,"column":8},"end":{"line":59,"column":9}},{"start":{"line":57,"column":8},"end":{"line":59,"column":9}}]},"3":{"loc":{"start":{"line":67,"column":8},"end":{"line":69,"column":9}},"type":"if","locations":[{"start":{"line":67,"column":8},"end":{"line":69,"column":9}},{"start":{"line":67,"column":8},"end":{"line":69,"column":9}}]}},"s":{"0":1,"1":1113,"2":1113,"3":1,"4":50,"5":50,"6":50,"7":50,"8":50,"9":50,"10":1,"11":131,"12":1,"13":14,"14":1,"15":10,"16":3,"17":3,"18":3,"19":1,"20":0,"21":1,"22":30,"23":28,"24":28,"25":30,"26":30,"27":9,"28":21,"29":21,"30":21,"31":11,"32":1,"33":3,"34":3,"35":3,"36":0,"37":0,"38":0,"39":1,"40":12,"41":9,"42":9,"43":1,"44":2,"45":1,"46":1,"47":1,"48":228,"49":0,"50":1},"f":{"0":1113,"1":50,"2":131,"3":14,"4":10,"5":3,"6":0,"7":30,"8":3,"9":0,"10":12,"11":9,"12":2,"13":1,"14":228,"15":228,"16":0},"b":{"0":[28,2],"1":[9,21],"2":[11,10],"3":[0,0]}}
,"/home/udayk/code-setup-wavemaker/wavemaker-studio-frontend/wavemaker-ng-runtime/projects/components/base/src/test/util/date-test-util.ts": {"path":"/home/udayk/code-setup-wavemaker/wavemaker-studio-frontend/wavemaker-ng-runtime/projects/components/base/src/test/util/date-test-util.ts","statementMap":{"0":{"start":{"line":6,"column":31},"end":{"line":16,"column":1}},"1":{"start":{"line":7,"column":4},"end":{"line":15,"column":6}},"2":{"start":{"line":8,"column":26},"end":{"line":8,"column":67}},"3":{"start":{"line":9,"column":31},"end":{"line":9,"column":77}},"4":{"start":{"line":10,"column":22},"end":{"line":10,"column":83}},"5":{"start":{"line":11,"column":8},"end":{"line":13,"column":9}},"6":{"start":{"line":12,"column":12},"end":{"line":12,"column":44}},"7":{"start":{"line":14,"column":8},"end":{"line":14,"column":97}},"8":{"start":{"line":18,"column":33},"end":{"line":37,"column":1}},"9":{"start":{"line":19,"column":4},"end":{"line":36,"column":7}},"10":{"start":{"line":20,"column":31},"end":{"line":20,"column":72}},"11":{"start":{"line":21,"column":22},"end":{"line":21,"column":81}},"12":{"start":{"line":22,"column":8},"end":{"line":24,"column":9}},"13":{"start":{"line":23,"column":12},"end":{"line":23,"column":44}},"14":{"start":{"line":25,"column":8},"end":{"line":32,"column":9}},"15":{"start":{"line":26,"column":26},"end":{"line":26,"column":44}},"16":{"start":{"line":27,"column":25},"end":{"line":27,"column":55}},"17":{"start":{"line":29,"column":25},"end":{"line":29,"column":51}},"18":{"start":{"line":31,"column":12},"end":{"line":31,"column":47}},"19":{"start":{"line":34,"column":8},"end":{"line":34,"column":70}},"20":{"start":{"line":39,"column":33},"end":{"line":41,"column":1}},"21":{"start":{"line":40,"column":4},"end":{"line":40,"column":143}},"22":{"start":{"line":43,"column":48},"end":{"line":46,"column":1}},"23":{"start":{"line":45,"column":4},"end":{"line":45,"column":73}},"24":{"start":{"line":48,"column":35},"end":{"line":59,"column":1}},"25":{"start":{"line":49,"column":25},"end":{"line":49,"column":60}},"26":{"start":{"line":50,"column":17},"end":{"line":50,"column":34}},"27":{"start":{"line":51,"column":4},"end":{"line":51,"column":107}},"28":{"start":{"line":52,"column":4},"end":{"line":56,"column":5}},"29":{"start":{"line":52,"column":24},"end":{"line":52,"column":25}},"30":{"start":{"line":53,"column":8},"end":{"line":55,"column":9}},"31":{"start":{"line":53,"column":25},"end":{"line":53,"column":26}},"32":{"start":{"line":54,"column":12},"end":{"line":54,"column":137}},"33":{"start":{"line":58,"column":4},"end":{"line":58,"column":86}},"34":{"start":{"line":61,"column":35},"end":{"line":68,"column":1}},"35":{"start":{"line":62,"column":25},"end":{"line":62,"column":60}},"36":{"start":{"line":63,"column":17},"end":{"line":63,"column":34}},"37":{"start":{"line":64,"column":4},"end":{"line":66,"column":5}},"38":{"start":{"line":64,"column":21},"end":{"line":64,"column":22}},"39":{"start":{"line":65,"column":8},"end":{"line":65,"column":115}},"40":{"start":{"line":67,"column":4},"end":{"line":67,"column":90}},"41":{"start":{"line":70,"column":41},"end":{"line":72,"column":1}},"42":{"start":{"line":71,"column":4},"end":{"line":71,"column":111}},"43":{"start":{"line":73,"column":35},"end":{"line":79,"column":1}},"44":{"start":{"line":74,"column":25},"end":{"line":74,"column":60}},"45":{"start":{"line":75,"column":4},"end":{"line":78,"column":7}},"46":{"start":{"line":76,"column":8},"end":{"line":76,"column":45}},"47":{"start":{"line":77,"column":8},"end":{"line":77,"column":45}},"48":{"start":{"line":81,"column":36},"end":{"line":83,"column":1}},"49":{"start":{"line":82,"column":4},"end":{"line":82,"column":93}},"50":{"start":{"line":85,"column":39},"end":{"line":91,"column":1}},"51":{"start":{"line":86,"column":4},"end":{"line":86,"column":81}},"52":{"start":{"line":87,"column":4},"end":{"line":90,"column":7}},"53":{"start":{"line":88,"column":8},"end":{"line":88,"column":151}},"54":{"start":{"line":89,"column":8},"end":{"line":89,"column":149}},"55":{"start":{"line":93,"column":39},"end":{"line":99,"column":1}},"56":{"start":{"line":94,"column":4},"end":{"line":94,"column":63}},"57":{"start":{"line":95,"column":4},"end":{"line":98,"column":7}},"58":{"start":{"line":96,"column":27},"end":{"line":96,"column":66}},"59":{"start":{"line":97,"column":8},"end":{"line":97,"column":86}},"60":{"start":{"line":101,"column":41},"end":{"line":108,"column":1}},"61":{"start":{"line":102,"column":19},"end":{"line":102,"column":66}},"62":{"start":{"line":103,"column":4},"end":{"line":103,"column":38}},"63":{"start":{"line":104,"column":4},"end":{"line":104,"column":71}},"64":{"start":{"line":105,"column":4},"end":{"line":105,"column":28}},"65":{"start":{"line":106,"column":20},"end":{"line":106,"column":109}},"66":{"start":{"line":107,"column":4},"end":{"line":107,"column":135}},"67":{"start":{"line":110,"column":0},"end":{"line":119,"column":0}},"68":{"start":{"line":111,"column":11},"end":{"line":113,"column":5}},"69":{"start":{"line":112,"column":8},"end":{"line":112,"column":20}},"70":{"start":{"line":115,"column":11},"end":{"line":117,"column":5}},"71":{"start":{"line":116,"column":8},"end":{"line":116,"column":19}},"72":{"start":{"line":119,"column":0},"end":{"line":119,"column":1}},"73":{"start":{"line":121,"column":0},"end":{"line":134,"column":0}},"74":{"start":{"line":123,"column":8},"end":{"line":123,"column":37}},"75":{"start":{"line":124,"column":8},"end":{"line":124,"column":34}},"76":{"start":{"line":125,"column":8},"end":{"line":125,"column":44}},"77":{"start":{"line":127,"column":11},"end":{"line":129,"column":5}},"78":{"start":{"line":128,"column":8},"end":{"line":128,"column":20}},"79":{"start":{"line":131,"column":11},"end":{"line":133,"column":5}},"80":{"start":{"line":132,"column":8},"end":{"line":132,"column":19}},"81":{"start":{"line":134,"column":0},"end":{"line":134,"column":1}},"82":{"start":{"line":137,"column":0},"end":{"line":149,"column":0}},"83":{"start":{"line":139,"column":8},"end":{"line":139,"column":37}},"84":{"start":{"line":140,"column":8},"end":{"line":140,"column":34}},"85":{"start":{"line":142,"column":11},"end":{"line":144,"column":5}},"86":{"start":{"line":143,"column":8},"end":{"line":143,"column":20}},"87":{"start":{"line":146,"column":11},"end":{"line":148,"column":5}},"88":{"start":{"line":147,"column":8},"end":{"line":147,"column":19}},"89":{"start":{"line":149,"column":0},"end":{"line":149,"column":1}}},"fnMap":{"0":{"name":"(anonymous_0)","decl":{"start":{"line":6,"column":31},"end":{"line":6,"column":31}},"loc":{"start":{"line":6,"column":114},"end":{"line":16,"column":1}}},"1":{"name":"(anonymous_1)","decl":{"start":{"line":7,"column":30},"end":{"line":null,"column":-1}},"loc":{"start":{"line":7,"column":30},"end":{"line":15,"column":5}}},"2":{"name":"(anonymous_2)","decl":{"start":{"line":18,"column":33},"end":{"line":18,"column":33}},"loc":{"start":{"line":18,"column":109},"end":{"line":37,"column":1}}},"3":{"name":"(anonymous_3)","decl":{"start":{"line":19,"column":30},"end":{"line":null,"column":-1}},"loc":{"start":{"line":19,"column":30},"end":{"line":36,"column":5}}},"4":{"name":"(anonymous_4)","decl":{"start":{"line":39,"column":33},"end":{"line":39,"column":33}},"loc":{"start":{"line":39,"column":39},"end":{"line":41,"column":1}}},"5":{"name":"(anonymous_5)","decl":{"start":{"line":43,"column":48},"end":{"line":43,"column":48}},"loc":{"start":{"line":43,"column":55},"end":{"line":46,"column":1}}},"6":{"name":"(anonymous_6)","decl":{"start":{"line":48,"column":35},"end":{"line":48,"column":35}},"loc":{"start":{"line":48,"column":39},"end":{"line":59,"column":1}}},"7":{"name":"(anonymous_7)","decl":{"start":{"line":61,"column":35},"end":{"line":61,"column":35}},"loc":{"start":{"line":61,"column":39},"end":{"line":68,"column":1}}},"8":{"name":"(anonymous_8)","decl":{"start":{"line":70,"column":41},"end":{"line":70,"column":41}},"loc":{"start":{"line":70,"column":55},"end":{"line":72,"column":1}}},"9":{"name":"(anonymous_9)","decl":{"start":{"line":73,"column":35},"end":{"line":73,"column":35}},"loc":{"start":{"line":73,"column":39},"end":{"line":79,"column":1}}},"10":{"name":"(anonymous_10)","decl":{"start":{"line":75,"column":27},"end":{"line":75,"column":26}},"loc":{"start":{"line":75,"column":33},"end":{"line":78,"column":5}}},"11":{"name":"(anonymous_11)","decl":{"start":{"line":81,"column":36},"end":{"line":null,"column":-1}},"loc":{"start":{"line":81,"column":36},"end":{"line":83,"column":1}}},"12":{"name":"(anonymous_12)","decl":{"start":{"line":85,"column":39},"end":{"line":85,"column":39}},"loc":{"start":{"line":85,"column":57},"end":{"line":91,"column":1}}},"13":{"name":"(anonymous_13)","decl":{"start":{"line":87,"column":30},"end":{"line":null,"column":-1}},"loc":{"start":{"line":87,"column":30},"end":{"line":90,"column":5}}},"14":{"name":"(anonymous_14)","decl":{"start":{"line":93,"column":39},"end":{"line":93,"column":39}},"loc":{"start":{"line":93,"column":68},"end":{"line":99,"column":1}}},"15":{"name":"(anonymous_15)","decl":{"start":{"line":95,"column":30},"end":{"line":null,"column":-1}},"loc":{"start":{"line":95,"column":30},"end":{"line":98,"column":5}}},"16":{"name":"(anonymous_16)","decl":{"start":{"line":101,"column":41},"end":{"line":101,"column":41}},"loc":{"start":{"line":101,"column":79},"end":{"line":108,"column":1}}},"17":{"name":"(anonymous_17)","decl":{"start":{"line":110,"column":0},"end":{"line":null,"column":-1}},"loc":{"start":{"line":110,"column":0},"end":{"line":110,"column":-1}}},"18":{"name":"(anonymous_19)","decl":{"start":{"line":111,"column":4},"end":{"line":null,"column":-1}},"loc":{"start":{"line":111,"column":4},"end":{"line":113,"column":5}}},"19":{"name":"(anonymous_20)","decl":{"start":{"line":115,"column":4},"end":{"line":115,"column":30}},"loc":{"s
[...]
},"type":"binary-expr","locations":[{"start":{"line":115,"column":12},"end":{"line":115,"column":48}},{"start":{"line":115,"column":52},"end":{"line":115,"column":87}}]},"11":{"loc":{"start":{"line":119,"column":8},"end":{"line":127,"column":9}},"type":"if","locations":[{"start":{"line":119,"column":8},"end":{"line":127,"column":9}},{"start":{"line":119,"column":8},"end":{"line":127,"column":9}}]},"12":{"loc":{"start":{"line":120,"column":12},"end":{"line":122,"column":13}},"type":"if","locations":[{"start":{"line":120,"column":12},"end":{"line":122,"column":13}},{"start":{"line":120,"column":12},"end":{"line":122,"column":13}}]},"13":{"loc":{"start":{"line":124,"column":12},"end":{"line":126,"column":13}},"type":"if","locations":[{"start":{"line":124,"column":12},"end":{"line":126,"column":13}},{"start":{"line":124,"column":12},"end":{"line":126,"column":13}}]},"14":{"loc":{"start":{"line":125,"column":47},"end":{"line":125,"column":53}},"type":"cond-expr","locations":[{"start":{"line":125,"column":47},"end":{"line":125,"column":53}},{"start":{"line":125,"column":56},"end":{"line":125,"column":58}}]},"15":{"loc":{"start":{"line":129,"column":8},"end":{"line":135,"column":9}},"type":"if","locations":[{"start":{"line":129,"column":8},"end":{"line":135,"column":9}},{"start":{"line":129,"column":8},"end":{"line":135,"column":9}}]},"16":{"loc":{"start":{"line":129,"column":12},"end":{"line":129,"column":30}},"type":"binary-expr","locations":[{"start":{"line":129,"column":12},"end":{"line":129,"column":30}},{"start":{"line":129,"column":34},"end":{"line":129,"column":52}}]},"17":{"loc":{"start":{"line":130,"column":66},"end":{"line":130,"column":68}},"type":"cond-expr","locations":[{"start":{"line":130,"column":66},"end":{"line":130,"column":68}},{"start":{"line":130,"column":71},"end":{"line":130,"column":120}}]},"18":{"loc":{"start":{"line":130,"column":93},"end":{"line":130,"column":111}},"type":"binary-expr","locations":[{"start":{"line":130,"column":93},"end":{"line":130,"column":111}},{"start":{"line":130,"column":115},"end":{"line":130,"column":119}}]},"19":{"loc":{"start":{"line":131,"column":15},"end":{"line":135,"column":9}},"type":"if","locations":[{"start":{"line":131,"column":15},"end":{"line":135,"column":9}},{"start":{"line":131,"column":15},"end":{"line":135,"column":9}}]},"20":{"loc":{"start":{"line":132,"column":45},"end":{"line":132,"column":68}},"type":"binary-expr","locations":[{"start":{"line":132,"column":45},"end":{"line":132,"column":68}},{"start":{"line":132,"column":72},"end":{"line":132,"column":97}}]},"21":{"loc":{"start":{"line":133,"column":15},"end":{"line":135,"column":9}},"type":"if","locations":[{"start":{"line":133,"column":15},"end":{"line":135,"column":9}},{"start":{"line":133,"column":15},"end":{"line":135,"column":9}}]}},"s":{"0":1,"1":1,"2":1,"3":1,"4":1,"5":1,"6":1,"7":0,"8":1,"9":1,"10":1,"11":0,"12":0,"13":0,"14":0,"15":0,"16":0,"17":0,"18":0,"19":0,"20":0,"21":0,"22":0,"23":0,"24":0,"25":0,"26":0,"27":0,"28":0,"29":0,"30":0,"31":0,"32":0,"33":0,"34":0,"35":0,"36":0,"37":0},"f":{"0":1,"1":0,"2":0,"3":0,"4":0},"b":{"0":[1,1],"1":[0,0],"2":[0,0],"3":[0,0],"4":[0,0],"5":[0,0],"6":[0,0],"7":[0,0],"8":[0,0],"9":[0,0],"10":[0,0],"11":[0,0],"12":[0,0],"13":[0,0],"14":[0,0],"15":[0,0],"16":[0,0],"17":[0,0],"18":[0,0],"19":[0,0],"20":[0,0],"21":[0,0]}}
,"/home/udayk/code-setup-wavemaker/wavemaker-studio-frontend/wavemaker-ng-runtime/projects/components/base/src/widgets/framework/types.ts": {"path":"/home/udayk/code-setup-wavemaker/wavemaker-studio-frontend/wavemaker-ng-runtime/projects/components/base/src/widgets/framework/types.ts","statementMap":{"0":{"start":{"line":18,"column":0},"end":{"line":18,"column":33}},"1":{"start":{"line":18,"column":33},"end":{"line":18,"column":34}},"2":{"start":{"line":20,"column":0},"end":{"line":22,"column":0}},"3":{"start":{"line":22,"column":0},"end":{"line":22,"column":1}},"4":{"start":{"line":24,"column":23},"end":{"line":24,"column":71}}},"fnMap":{"0":{"name":"(anonymous_0)","decl":{"start":{"line":18,"column":0},"end":{"line":null,"column":-1}},"loc":{"start":{"line":18,"column":0},"end":{"line":18,"column":-1}}},"1":{"name":"(anonymous_2)","decl":{"start":{"line":20,"column":0},"end":{"line":null,"column":-1}},"loc":{"start":{"line":20,"column":0},"end":{"line":20,"column":-1}}}},"branchMap":{},"s":{"0":1,"1":1,"2":1,"3":1,"4":1},"f":{"0":1,"1":1},"b":{}}
,"/home/udayk/code-setup-wavemaker/wavemaker-studio-frontend/wavemaker-ng-runtime/projects/components/base/src/widgets/framework/widget-id-generator.ts": {"path":"/home/udayk/code-setup-wavemaker/wavemaker-studio-frontend/wavemaker-ng-runtime/projects/components/base/src/widgets/framework/widget-id-generator.ts","statementMap":{"0":{"start":{"line":3,"column":33},"end":{"line":3,"column":61}}},"fnMap":{},"branchMap":{},"s":{"0":1},"f":{},"b":{}}
,"/home/udayk/code-setup-wavemaker/wavemaker-studio-frontend/wavemaker-ng-runtime/projects/components/base/src/widgets/framework/widget-props.ts": {"path":"/home/udayk/code-setup-wavemaker/wavemaker-studio-frontend/wavemaker-ng-runtime/projects/components/base/src/widgets/framework/widget-props.ts","statementMap":{"0":{"start":{"line":4,"column":24},"end":{"line":4,"column":40}},"1":{"start":{"line":6,"column":20},"end":{"line":12,"column":4}},"2":{"start":{"line":7,"column":18},"end":{"line":7,"column":53}},"3":{"start":{"line":8,"column":4},"end":{"line":10,"column":5}},"4":{"start":{"line":9,"column":8},"end":{"line":9,"column":81}},"5":{"start":{"line":11,"column":4},"end":{"line":11,"column":17}},"6":{"start":{"line":15,"column":36},"end":{"line":15,"column":105}},"7":{"start":{"line":15,"column":78},"end":{"line":15,"column":105}},"8":{"start":{"line":18,"column":24},"end":{"line":21,"column":1}},"9":{"start":{"line":19,"column":4},"end":{"line":19,"column":39}},"10":{"start":{"line":20,"column":4},"end":{"line":20,"column":86}},"11":{"start":{"line":23,"column":34},"end":{"line":29,"column":1}},"12":{"start":{"line":24,"column":23},"end":{"line":24,"column":51}},"13":{"start":{"line":25,"column":26},"end":{"line":25,"column":53}},"14":{"start":{"line":26,"column":4},"end":{"line":28,"column":5}},"15":{"start":{"line":27,"column":8},"end":{"line":27,"column":62}},"16":{"start":{"line":27,"column":37},"end":{"line":27,"column":60}},"17":{"start":{"line":31,"column":0},"end":{"line":35,"column":1}},"18":{"start":{"line":32,"column":4},"end":{"line":32,"column":15}},"19":{"start":{"line":33,"column":4},"end":{"line":33,"column":10}},"20":{"start":{"line":34,"column":4},"end":{"line":34,"column":10}},"21":{"start":{"line":37,"column":32},"end":{"line":37,"column":56}},"22":{"start":{"line":38,"column":32},"end":{"line":38,"column":56}},"23":{"start":{"line":39,"column":33},"end":{"line":39,"column":58}},"24":{"start":{"line":40,"column":29},"end":{"line":40,"column":46}}},"fnMap":{"0":{"name":"(anonymous_2)","decl":{"start":{"line":6,"column":21},"end":{"line":null,"column":-1}},"loc":{"start":{"line":6,"column":21},"end":{"line":12,"column":1}}},"1":{"name":"(anonymous_3)","decl":{"start":{"line":15,"column":36},"end":{"line":15,"column":36}},"loc":{"start":{"line":15,"column":55},"end":{"line":15,"column":105}}},"2":{"name":"(anonymous_4)","decl":{"start":{"line":18,"column":24},"end":{"line":18,"column":24}},"loc":{"start":{"line":18,"column":68},"end":{"line":21,"column":1}}},"3":{"name":"(anonymous_5)","decl":{"start":{"line":23,"column":34},"end":{"line":23,"column":34}},"loc":{"start":{"line":23,"column":78},"end":{"line":29,"column":1}}},"4":{"name":"(anonymous_6)","decl":{"start":{"line":27,"column":22},"end":{"line":27,"column":22}},"loc":{"start":{"line":27,"column":32},"end":{"line":27,"column":60}}},"5":{"name":"(anonymous_7)","decl":{"start":{"line":31,"column":0},"end":{"line":31,"column":11}},"loc":{"start":{"line":31,"column":21},"end":{"line":35,"column":1}}}},"branchMap":{"0":{"loc":{"start":{"line":20,"column":38},"end":{"line":20,"column":65}},"type":"binary-expr","locations":[{"start":{"line":20,"column":38},"end":{"line":20,"column":65}},{"start":{"line":20,"column":69},"end":{"line":20,"column":71}}]},"1":{"loc":{"start":{"line":26,"column":4},"end":{"line":28,"column":5}},"type":"if","locations":[{"start":{"line":26,"column":4},"end":{"line":28,"column":5}},{"start":{"line":26,"column":4},"end":{"line":28,"column":5}}]},"2":{"loc":{"start":{"line":31,"column":12},"end":{"line":31,"column":21}},"type":"binary-expr","locations":[{"start":{"line":31,"column":12},"end":{"line":31,"column":21}},{"start":{"line":31,"column":12},"end":{"line":31,"column":21}}]}},"s":{"0":1,"1":1,"2":1,"3":1,"4":23,"5":1,"6":1,"7":0,"8":1,"9":0,"10":0,"11":1,"12":0,"13":0,"14":0,"15":0,"16":0,"17":1,"18":1,"19":1,"20":1,"21":1,"22":1,"23":1,"24":1},"f":{"0":1,"1":0,"2":0,"3":0,"4":0,"5":1},"b":{"0":[0,0],"1":[0,0],"2":[1,1]}}
,"/home/udayk/code-setup-wavemaker/wavemaker-studio-frontend/wavemaker-ng-runtime/projects/components/base/src/widgets/framework/widget-proxy-provider.ts": {"path":"/home/udayk/code-setup-wavemaker/wavemaker-studio-frontend/wavemaker-ng-runtime/projects/components/base/src/widgets/framework/widget-proxy-provider.ts","statementMap":{"0":{"start":{"line":13,"column":28},"end":{"line":25,"column":1}},"1":{"start":{"line":15,"column":8},"end":{"line":15,"column":56}},"2":{"start":{"line":16,"column":8},"end":{"line":16,"column":20}},"3":{"start":{"line":19,"column":18},"end":{"line":19,"column":29}},"4":{"start":{"line":20,"column":8},"end":{"line":22,"column":9}},"5":{"start":{"line":21,"column":12},"end":{"line":21,"column":34}},"6":{"start":{"line":23,"column":8},"end":{"line":23,"column":17}},"7":{"start":{"line":27,"column":13},"end":{"line":27,"column":41}},"8":{"start":{"line":28,"column":18},"end":{"line":28,"column":20}},"9":{"start":{"line":30,"column":20},"end":{"line":38,"column":1}},"10":{"start":{"line":31,"column":4},"end":{"line":36,"column":5}},"11":{"start":{"line":32,"column":8},"end":{"line":35,"column":11}},"12":{"start":{"line":33,"column":12},"end":{"line":33,"column":40}},"13":{"start":{"line":33,"column":35},"end":{"line":33,"column":38}},"14":{"start":{"line":34,"column":12},"end":{"line":34,"column":33}},"15":{"start":{"line":37,"column":4},"end":{"line":37,"column":23}},"16":{"start":{"line":40,"column":0},"end":{"line":82,"column":0}},"17":{"start":{"line":41,"column":18},"end":{"line":81,"column":5}},"18":{"start":{"line":43,"column":8},"end":{"line":80,"column":9}},"19":{"start":{"line":44,"column":12},"end":{"line":44,"column":53}},"20":{"start":{"line":48,"column":27},"end":{"line":48,"column":50}},"21":{"start":{"line":51,"column":12},"end":{"line":57,"column":15}},"22":{"start":{"line":52,"column":16},"end":{"line":56,"column":17}},"23":{"start":{"line":53,"column":20},"end":{"line":55,"column":21}},"24":{"start":{"line":54,"column":24},"end":{"line":54,"column":69}},"25":{"start":{"line":60,"column":12},"end":{"line":66,"column":19}},"26":{"start":{"line":62,"column":20},"end":{"line":65,"column":23}},"27":{"start":{"line":63,"column":35},"end":{"line":63,"column":48}},"28":{"start":{"line":64,"column":35},"end":{"line":64,"column":81}},"29":{"start":{"line":69,"column":12},"end":{"line":77,"column":13}},"30":{"start":{"line":70,"column":16},"end":{"line":76,"column":23}},"31":{"start":{"line":72,"column":24},"end":{"line":75,"column":27}},"32":{"start":{"line":73,"column":39},"end":{"line":73,"column":52}},"33":{"start":{"line":74,"column":39},"end":{"line":74,"column":85}},"34":{"start":{"line":79,"column":12},"end":{"line":79,"column":26}},"35":{"start":{"line":82,"column":0},"end":{"line":82,"column":1}}},"fnMap":{"0":{"name":"(anonymous_0)","decl":{"start":{"line":14,"column":9},"end":{"line":14,"column":9}},"loc":{"start":{"line":14,"column":56},"end":{"line":17,"column":5}}},"1":{"name":"(anonymous_1)","decl":{"start":{"line":18,"column":9},"end":{"line":18,"column":9}},"loc":{"start":{"line":18,"column":44},"end":{"line":24,"column":5}}},"2":{"name":"(anonymous_2)","decl":{"start":{"line":30,"column":20},"end":{"line":30,"column":19}},"loc":{"start":{"line":30,"column":22},"end":{"line":38,"column":1}}},"3":{"name":"(anonymous_3)","decl":{"start":{"line":32,"column":13},"end":{"line":null,"column":-1}},"loc":{"start":{"line":32,"column":13},"end":{"line":35,"column":9}}},"4":{"name":"(anonymous_4)","decl":{"start":{"line":33,"column":30},"end":{"line":33,"column":29}},"loc":{"start":{"line":33,"column":31},"end":{"line":33,"column":38}}},"5":{"name":"(anonymous_5)","decl":{"start":{"line":40,"column":0},"end":{"line":null,"column":-1}},"loc":{"start":{"line":40,"column":0},"end":{"line":40,"column":-1}}},"6":{"name":"(anonymous_7)","decl":{"start":{"line":41,"column":4},"end":{"line":41,"column":24}},"loc":{"start":{"line":41,"column":111},"end":{"line":81,"column":5}}},"7":{"name":"(anonymous_8)","decl":{"start":{"line":51,"column":24},"end":{"line":null,"column":-1}},"loc":{"start":{"line":51,"column":24},"end":{"line":57,"column":13}}},"8":{"name":"(anonymous_9)","decl":{"start":{"line":61,"column":25},"end":{"line":61,"column":24}},"loc":{"start":{"line":61,"column":28},"end":{"line":66,"column":17}}},"9":{"name":"(anonymous_10)","decl":{"start":{"line":63,"column":29},"end":{"line":63,"column":34}},"loc":{"start":{"line":63,"column":29},"end":{"line":63,"column":48}}},"10":{"name":"(anonymous_11)","decl":{"start":{"line":64,"column":29},"end":{"line":64,"column":28}},"loc":{"start":{"line":64,"column":31},"end":{"line":64,"column":81}}},"11":{"name":"(anonymous_12)","decl":{"start":{"line":71,"column":29},"end":{"line":71,"column":29}},"loc":{"start":{"line":71,"column":40},"end":{"line":76,"column":21}}},"12":{"name":"(anonymous_13)","decl":{"start":{"line":73,"column":33},"end":{"line":73,"column":38}},"loc":{"start":{"line":73,"column":33},"end":{"line":73,"column":52}}},"13":{"name":"(anonymous_14)","decl":{"start":{"line":74,"column":33},"end":{"line":74,"column":32}},"loc":{"start":{"line":74,"column":35},"end":{"line":74,"column":85}}}},"branchMap":{"0":{"loc":{"start":{"line":20,"column":8},"end":{"line":22,"column":9}},"type":"if","locations":[{"start":{"line":20,"column":8},"end":{"line":22,"column":9}},{"start":{"line":20,"column":8},"end":{"line":22,"column":9}}]},"1":{"loc":{"start":{"line":31,"column":4},"end":{"line":36,"column":5}},"type":"if","locations":[{"start":{"line":31,"column":4},"end":{"line":36,"column":5}},{"start":{"line":31,"column":4},"end":{"line":36,"column":5}}]},"2":{"loc":{"start":{"line":43,"column":8},"end":{"line":80,"column":9}},"type":"if","locations":[{"start":{"line":43,"column":8},"end":{"line":80,"column":9}},{"start":{"line":43,"column":8},"end":{"line":80,"column":9}}]},"3":{"loc":{"start":{"line":53,"column":20},"end":{"line":55,"column":21}},"type":"if","locations":[{"start":{"line":53,"column":20},"end":{"line":55,"column":21}},{"start":{"line":53,"column":20},"end":{"line":55,"column":21}}]},"4":{"loc":{"start":{"line":53,"column":24},"end":{"line":53,"column":51}},"type":"binary-expr","locations":[{"start":{"line":53,"column":24},"end":{"line":53,"column":51}},{"start":{"line":53,"column":55},"end":{"line":53,"column":76}},{"start":{"line":53,"column":80},"end":{"line":53,"column":95}},{"start":{"line":53,"column":99},"end":{"line":53,"column":123}}]},"5":{"loc":{"start":{"line":69,"column":12},"end":{"line":77,"column":13}},"type":"if","locations":[{"start":{"line":69,"column":12},"end":{"line":77,"column":13}},{"start":{"line":69,"column":12},"end":{"line":77,"column":13}}]}},"s":{"0":1,"1":0,"2":0,"3":0,"4":0,"5":0,"6":0,"7":1,"8":1,"9":1,"10":0,"11":0,"12":0,"13":0,"14":0,"15":0,"16":1,"17":1,"18":0,"19":0,"20":0,"21":0,"22":0,"23":0,"24":0,"25":0,"26":0,"27":0,"28":0,"29":0,"30":0,"31":0,"32":0,"33":0,"34":0,"35":1},"f":{"0":0,"1":0,"2":0,"3":0,"4":0,"5":1,"6":0,"7":0,"8":0,"9":0,"10":0,"11":0,"12":0,"13":0},"b":{"0":[0,0],"1":[0,0],"2":[0,0],"3":[0,0],"4":[0,0,0,0],"5":[0,0]}}
,"/home/udayk/code-setup-wavemaker/wavemaker-studio-frontend/wavemaker-ng-runtime/projects/components/base/src/widgets/framework/widget-registry.ts": {"path":"/home/udayk/code-setup-wavemaker/wavemaker-studio-frontend/wavemaker-ng-runtime/projects/components/base/src/widgets/framework/widget-registry.ts","statementMap":{"0":{"start":{"line":6,"column":21},"end":{"line":6,"column":43}},"1":{"start":{"line":11,"column":23},"end":{"line":11,"column":71}},"2":{"start":{"line":11,"column":45},"end":{"line":11,"column":71}},"3":{"start":{"line":19,"column":24},"end":{"line":36,"column":1}},"4":{"start":{"line":20,"column":21},"end":{"line":20,"column":26}},"5":{"start":{"line":21,"column":4},"end":{"line":21,"column":39}},"6":{"start":{"line":22,"column":4},"end":{"line":27,"column":5}},"7":{"start":{"line":23,"column":8},"end":{"line":26,"column":9}},"8":{"start":{"line":24,"column":12},"end":{"line":24,"column":30}},"9":{"start":{"line":25,"column":12},"end":{"line":25,"column":46}},"10":{"start":{"line":30,"column":4},"end":{"line":35,"column":6}},"11":{"start":{"line":31,"column":8},"end":{"line":31,"column":38}},"12":{"start":{"line":32,"column":8},"end":{"line":34,"column":9}},"13":{"start":{"line":33,"column":12},"end":{"line":33,"column":49}},"14":{"start":{"line":41,"column":28},"end":{"line":51,"column":1}},"15":{"start":{"line":42,"column":4},"end":{"line":44,"column":5}},"16":{"start":{"line":43,"column":8},"end":{"line":43,"column":15}},"17":{"start":{"line":45,"column":4},"end":{"line":47,"column":5}},"18":{"start":{"line":46,"column":8},"end":{"line":46,"column":43}},"19":{"start":{"line":48,"column":4},"end":{"line":50,"column":5}},"20":{"start":{"line":49,"column":8},"end":{"line":49,"column":40}}},"fnMap":{"0":{"name":"(anonymous_0)","decl":{"start":{"line":11,"column":23},"end":{"line":11,"column":23}},"loc":{"start":{"line":11,"column":40},"end":{"line":11,"column":71}}},"1":{"name":"(anonymous_1)","decl":{"start":{"line":19,"column":24},"end":{"line":19,"column":24}},"loc":{"start":{"line":19,"column":86},"end":{"line":36,"column":1}}},"2":{"name":"(anonymous_2)","decl":{"start":{"line":30,"column":11},"end":{"line":null,"column":-1}},"loc":{"start":{"line":30,"column":11},"end":{"line":35,"column":5}}},"3":{"name":"(anonymous_3)","decl":{"start":{"line":41,"column":28},"end":{"line":41,"column":28}},"loc":{"start":{"line":41,"column":82},"end":{"line":51,"column":1}}}},"branchMap":{"0":{"loc":{"start":{"line":22,"column":4},"end":{"line":27,"column":5}},"type":"if","locations":[{"start":{"line":22,"column":4},"end":{"line":27,"column":5}},{"start":{"line":22,"column":4},"end":{"line":27,"column":5}}]},"1":{"loc":{"start":{"line":23,"column":8},"end":{"line":26,"column":9}},"type":"if","locations":[{"start":{"line":23,"column":8},"end":{"line":26,"column":9}},{"start":{"line":23,"column":8},"end":{"line":26,"column":9}}]},"2":{"loc":{"start":{"line":32,"column":8},"end":{"line":34,"column":9}},"type":"if","locations":[{"start":{"line":32,"column":8},"end":{"line":34,"column":9}},{"start":{"line":32,"column":8},"end":{"line":34,"column":9}}]},"3":{"loc":{"start":{"line":42,"column":4},"end":{"line":44,"column":5}},"type":"if","locations":[{"start":{"line":42,"column":4},"end":{"line":44,"column":5}},{"start":{"line":42,"column":4},"end":{"line":44,"column":5}}]},"4":{"loc":{"start":{"line":45,"column":4},"end":{"line":47,"column":5}},"type":"if","locations":[{"start":{"line":45,"column":4},"end":{"line":47,"column":5}},{"start":{"line":45,"column":4},"end":{"line":47,"column":5}}]},"5":{"loc":{"start":{"line":48,"column":4},"end":{"line":50,"column":5}},"type":"if","locations":[{"start":{"line":48,"column":4},"end":{"line":50,"column":5}},{"start":{"line":48,"column":4},"end":{"line":50,"column":5}}]}},"s":{"0":1,"1":1,"2":0,"3":1,"4":0,"5":0,"6":0,"7":0,"8":0,"9":0,"10":0,"11":0,"12":0,"13":0,"14":1,"15":0,"16":0,"17":0,"18":0,"19":0,"20":0},"f":{"0":0,"1":0,"2":0,"3":0},"b":{"0":[0,0],"1":[0,0],"2":[0,0],"3":[0,0],"4":[0,0],"5":[0,0]}}
}
