{"/home/sairama/Projects/wavemaker-studio-frontend/wavemaker-ng-runtime/projects/components/base/src/test.ts": {"path":"/home/sairama/Projects/wavemaker-studio-frontend/wavemaker-ng-runtime/projects/components/base/src/test.ts","statementMap":{"0":{"start":{"line":15,"column":0},"end":{"line":18,"column":2}},"1":{"start":{"line":20,"column":16},"end":{"line":20,"column":64}},"2":{"start":{"line":22,"column":0},"end":{"line":22,"column":28}}},"fnMap":{},"branchMap":{},"s":{"0":1,"1":1,"2":1},"f":{},"b":{}}
,"/home/sairama/Projects/wavemaker-studio-frontend/wavemaker-ng-runtime/projects/components/base/src/pipes/custom-pipes.ts": {"path":"/home/sairama/Projects/wavemaker-studio-frontend/wavemaker-ng-runtime/projects/components/base/src/pipes/custom-pipes.ts","statementMap":{"0":{"start":{"line":8,"column":22},"end":{"line":17,"column":1}},"1":{"start":{"line":11,"column":4},"end":{"line":13,"column":null}},"2":{"start":{"line":12,"column":8},"end":{"line":12,"column":34}},"3":{"start":{"line":15,"column":4},"end":{"line":15,"column":95}},"4":{"start":{"line":16,"column":4},"end":{"line":16,"column":17}},"5":{"start":{"line":22,"column":36},"end":{"line":30,"column":null}},"6":{"start":{"line":28,"column":24},"end":{"line":28,"column":37}},"7":{"start":{"line":24,"column":8},"end":{"line":24,"column":108}},"8":{"start":{"line":25,"column":8},"end":{"line":25,"column":95}},"9":{"start":{"line":22,"column":13},"end":{"line":30,"column":null}},"10":{"start":{"line":35,"column":23},"end":{"line":56,"column":null}},"11":{"start":{"line":55,"column":24},"end":{"line":55,"column":34}},"12":{"start":{"line":39,"column":8},"end":{"line":41,"column":null}},"13":{"start":{"line":40,"column":12},"end":{"line":40,"column":22}},"14":{"start":{"line":42,"column":8},"end":{"line":44,"column":null}},"15":{"start":{"line":43,"column":12},"end":{"line":43,"column":22}},"16":{"start":{"line":45,"column":8},"end":{"line":45,"column":40}},"17":{"start":{"line":46,"column":8},"end":{"line":51,"column":null}},"18":{"start":{"line":47,"column":12},"end":{"line":49,"column":null}},"19":{"start":{"line":48,"column":16},"end":{"line":48,"column":33}},"20":{"start":{"line":50,"column":12},"end":{"line":50,"column":62}},"21":{"start":{"line":52,"column":8},"end":{"line":52,"column":18}},"22":{"start":{"line":35,"column":13},"end":{"line":56,"column":null}},"23":{"start":{"line":61,"column":25},"end":{"line":71,"column":null}},"24":{"start":{"line":70,"column":24},"end":{"line":70,"column":37}},"25":{"start":{"line":63,"column":8},"end":{"line":65,"column":null}},"26":{"start":{"line":64,"column":12},"end":{"line":64,"column":56}},"27":{"start":{"line":66,"column":8},"end":{"line":68,"column":null}},"28":{"start":{"line":67,"column":12},"end":{"line":67,"column":62}},"29":{"start":{"line":61,"column":13},"end":{"line":71,"column":null}},"30":{"start":{"line":76,"column":27},"end":{"line":88,"column":null}},"31":{"start":{"line":87,"column":24},"end":{"line":87,"column":37}},"32":{"start":{"line":78,"column":32},"end":{"line":78,"column":100}},"33":{"start":{"line":79,"column":19},"end":{"line":79,"column":79}},"34":{"start":{"line":80,"column":33},"end":{"line":80,"column":56}},"35":{"start":{"line":81,"column":8},"end":{"line":83,"column":null}},"36":{"start":{"line":82,"column":12},"end":{"line":82,"column":40}},"37":{"start":{"line":84,"column":8},"end":{"line":84,"column":97}},"38":{"start":{"line":76,"column":13},"end":{"line":88,"column":null}},"39":{"start":{"line":93,"column":23},"end":{"line":97,"column":null}},"40":{"start":{"line":95,"column":8},"end":{"line":95,"column":103}},"41":{"start":{"line":93,"column":13},"end":{"line":97,"column":null}},"42":{"start":{"line":102,"column":23},"end":{"line":106,"column":null}},"43":{"start":{"line":104,"column":8},"end":{"line":104,"column":103}},"44":{"start":{"line":102,"column":13},"end":{"line":106,"column":null}},"45":{"start":{"line":115,"column":23},"end":{"line":138,"column":null}},"46":{"start":{"line":116,"column":24},"end":{"line":116,"column":40}},"47":{"start":{"line":120,"column":25},"end":{"line":120,"column":27}},"48":{"start":{"line":121,"column":7},"end":{"line":123,"column":null}},"49":{"start":{"line":121,"column":18},"end":{"line":121,"column":19}},"50":{"start":{"line":122,"column":8},"end":{"line":122,"column":39}},"51":{"start":{"line":125,"column":22},"end":{"line":125,"column":65}},"52":{"start":{"line":126,"column":8},"end":{"line":129,"column":null}},"53":{"start":{"line":127,"column":12},"end":{"line":127,"column":98}},"54":{"start":{"line":128,"column":12},"end":{"line":128,"column":24}},"55":{"start":{"line":131,"column":8},"end":{"line":136,"column":null}},"56":{"start":{"line":132,"column":12},"end":{"line":132,"column":59}},"57":{"start":{"line":134,"column":12},"end":{"line":134,"column":57}},"58":{"start":{"line":135,"column":12},"end":{"line":135,"column":24}},"59":{"start":{"line":115,"column":13},"end":{"line":138,"column":null}},"60":{"start":{"line":143,"column":28},"end":{"line":152,"column":null}},"61":{"start":{"line":146,"column":8},"end":{"line":148,"column":null}},"62":{"start":{"line":147,"column":12},"end":{"line":147,"column":29}},"63":{"start":{"line":149,"column":8},"end":{"line":149,"column":40}},"64":{"start":{"line":150,"column":8},"end":{"line":150,"column":67}},"65":{"start":{"line":143,"column":13},"end":{"line":152,"column":null}},"66":{"start":{"line":157,"column":31},"end":{"line":157,"column":null}},"67":{"start":{"line":157,"column":13},"end":{"line":157,"column":null}},"68":{"start":{"line":162,"column":31},"end":{"line":166,"column":null}},"69":{"start":{"line":164,"column":8},"end":{"line":164,"column":41}},"70":{"start":{"line":162,"column":13},"end":{"line":166,"column":null}},"71":{"start":{"line":171,"column":23},"end":{"line":185,"column":null}},"72":{"start":{"line":173,"column":8},"end":{"line":175,"column":null}},"73":{"start":{"line":174,"column":12},"end":{"line":174,"column":22}},"74":{"start":{"line":177,"column":8},"end":{"line":179,"column":null}},"75":{"start":{"line":178,"column":12},"end":{"line":178,"column":41}},"76":{"start":{"line":181,"column":8},"end":{"line":183,"column":11}},"77":{"start":{"line":182,"column":12},"end":{"line":182,"column":50}},"78":{"start":{"line":171,"column":13},"end":{"line":185,"column":null}},"79":{"start":{"line":190,"column":25},"end":{"line":212,"column":null}},"80":{"start":{"line":192,"column":22},"end":{"line":199,"column":10}},"81":{"start":{"line":205,"column":19},"end":{"line":205,"column":20}},"82":{"start":{"line":206,"column":8},"end":{"line":209,"column":null}},"83":{"start":{"line":207,"column":12},"end":{"line":207,"column":26}},"84":{"start":{"line":208,"column":12},"end":{"line":208,"column":19}},"85":{"start":{"line":210,"column":8},"end":{"line":210,"column":61}},"86":{"start":{"line":190,"column":13},"end":{"line":212,"column":null}},"87":{"start":{"line":217,"column":30},"end":{"line":250,"column":null}},"88":{"start":{"line":219,"column":33},"end":{"line":246,"column":10}},"89":{"start":{"line":248,"column":8},"end":{"line":248,"column":72}},"90":{"start":{"line":217,"column":13},"end":{"line":250,"column":null}},"91":{"start":{"line":255,"column":27},"end":{"line":263,"column":null}},"92":{"start":{"line":257,"column":30},"end":{"line":260,"column":10}},"93":{"start":{"line":261,"column":8},"end":{"line":261,"column":50}},"94":{"start":{"line":255,"column":13},"end":{"line":263,"column":null}},"95":{"start":{"line":268,"column":38},"end":{"line":343,"column":null}},"96":{"start":{"line":270,"column":28},"end":{"line":339,"column":10}},"97":{"start":{"line":341,"column":8},"end":{"line":341,"column":37}},"98":{"start":{"line":268,"column":13},"end":{"line":343,"column":null}}},"fnMap":{"0":{"name":"(anonymous_2)","decl":{"start":{"line":8,"column":22},"end":{"line":8,"column":26}},"loc":{"start":{"line":8,"column":29},"end":{"line":17,"column":1}}},"1":{"name":"(anonymous_3)","decl":{"start":{"line":28,"column":4},"end":{"line":28,"column":24}},"loc":{"start":{"line":28,"column":48},"end":{"line":28,"column":53}}},"2":{"name":"(anonymous_4)","decl":{"start":{"line":23,"column":4},"end":{"line":23,"column":13}},"loc":{"start":{"line":23,"column":167},"end":{"line":26,"column":5}}},"3":{"name":"(anonymous_6)","decl":{"start":{"line":55,"column":4},"end":{"line":55,"column":24}},"loc":{"start":{"line":55,"column":42},"end":{"line":55,"column":47}}},"4":{"name":"(anonymous_7)","decl":{"start":{"line":36,"column":4},"end":{"line":36,"column":13}},"loc":{"start":{"line":36,"column":36},"end":{"line":53,"column":5}}},"5":{"name":"(anonymous_9)","decl":{"start":{"line":70,"column":4},"end":{"line":70,"column":24}},"loc":{"start":{"line":70,"column":48},"end":{"line":70,"column":53}}},"6":{"name":"(anonymous_10)","decl":{"start":{"line":62,"column":4},"end":{"line":62,"column":13}},"loc":{"start":{"line":62,"column":28},"end":{"line":69,"column":5}}},"7":{"name":"(anonymous_12)","decl":{"start":{"line":87,"column":4},"end":{"line":87,"column":24}},"loc":{"start":{"line":87,"column":48},"end":{"line":87,"column":53}}},"8":{"name":"(anonymous_13)","decl":{"start":{"line":77,"column":4},"end":{"line":77,"column":13}},"loc":{"start":{"line":77,"column":44},"end":{"line":85,"column":5}}},"9":{"name":"(anonymous_15)","decl":{"start":{"line":94,"column":4},"end":{"line":94,"column":13}},"loc":{"start":{"line":94,"column":27},"end":{"line":96,"column":5}}},"10":{"name":"(anonymous_16)","decl":{"start":{"line":103,"column":4},"end":{"line":103,"column":13}},"loc":{"start":{"line":103,"column":27},"end":{"line":105,"column":5}}},"11":{"name":"(anonymous_17)","decl":{"start":{"line":116,"column":4},"end":{"line":116,"column":24}},"loc":{"start":{"line":116,"column":57},"end":{"line":118,"column":5}}},"12":{"name":"(anonymous_18)","decl":{"start":{"line":119,"column":4},"end":{"line":119,"column":13}},"loc":{"start":{"line":119,"column":28},"end":{"line":137,"column":5}}},"13":{"name":"(anonymous_20)","decl":{"start":{"line":144,"column":4},"end":{"line":144,"column":13}},"loc":{"start":{"line":144,"column":18},"end":{"line":151,"column":5}}},"14":{"name":"(anonymous_21)","decl":{"start":{"line":163,"column":4},"end":{"line":163,"column":13}},"loc":{"start":{"line":163,"column":18},"end":{"line":165,"column":5}}},"15":{"name":"(anonymous_22)","decl":{"start":{"line":172,"column":4},"end":{"line":172,"column":13}},"loc":{"start":{"line":172,"column":49},"end":{"line":184,"column":5}}},"16":{"name":"(anonymous_23)","decl":{"start":{"line":181,"column":30},"end":{"line":181,"column":34}},"loc":{"start":{"line":181,"column":37},"end":{"line":183,"column":9}}},"17":{"name":"(anonymous_24)","decl":{"start":{"line":191,"column":4},"end":{"line":191,"column":13}},"loc":{"start":{"line":191,"column":46},"end":{"line":211,"column":5}}},"18":{"name":"(anonymous_25)","decl":{"start":{"line":218,"column":4},"end":{"line":218,"column":13}},"loc":{"start":{"line":218,"column":32},"end":{"line":249,"column":5}}},"19":{"name":"(anonymous_26)","decl":{"start":{"line":256,"column":4},"end":{"line":256,"column":13}},"loc":{"start":{"line":256,"column":19},"end":{"line":262,"column":5}}},"20":{"name":"(anonymous_27)","decl":{"start":{"line":269,"column":4},"end":{"line":269,"column":13}},"loc":{"start":{"line":269,"column":27},"end":{"line":342,"column":5}}}},"branchMap":{"0":{"loc":{"start":{"line":11,"column":4},"end":{"line":13,"column":null}},"type":"if","locations":[{"start":{"line":11,"column":4},"end":{"line":13,"column":null}},{"start":{"line":11,"column":4},"end":{"line":13,"column":null}}]},"1":{"loc":{"start":{"line":11,"column":8},"end":{"line":11,"column":23}},"type":"binary-expr","locations":[{"start":{"line":11,"column":8},"end":{"line":11,"column":23}},{"start":{"line":11,"column":27},"end":{"line":11,"column":39}}]},"2":{"loc":{"start":{"line":15,"column":12},"end":{"line":15,"column":34}},"type":"binary-expr","locations":[{"start":{"line":15,"column":12},"end":{"line":15,"column":34}},{"start":{"line":15,"column":38},"end":{"line":15,"column":94}}]},"3":{"loc":{"start":{"line":24,"column":64},"end":{"line":24,"column":93}},"type":"cond-expr","locations":[{"start":{"line":24,"column":64},"end":{"line":24,"column":93}},{"start":{"line":24,"column":95},"end":{"line":24,"column":107}}]},"4":{"loc":{"start":{"line":24,"column":23},"end":{"line":24,"column":35}},"type":"binary-expr","locations":[{"start":{"line":24,"column":23},"end":{"line":24,"column":35}},{"start":{"line":24,"column":39},"end":{"line":24,"column":61}}]},"5":{"loc":{"start":{"line":25,"column":63},"end":{"line":25,"column":75}},"type":"binary-expr","locations":[{"start":{"line":25,"column":63},"end":{"line":25,"column":75}},{"start":{"line":25,"column":79},"end":{"line":25,"column":93}}]},"6":{"loc":{"start":{"line":39,"column":8},"end":{"line":41,"column":null}},"type":"if","locations":[{"start":{"line":39,"column":8},"end":{"line":41,"column":null}},{"start":{"line":39,"column":8},"end":{"line":41,"column":null}}]},"7":{"loc":{"start":{"line":39,"column":12},"end":{"line":39,"column":27}},"type":"binary-expr","locations":[{"start":{"line":39,"column":12},"end":{"line":39,"column":27}},{"start":{"line":39,"column":31},"end":{"line":39,"column":42}}]},"8":{"loc":{"start":{"line":42,"column":8},"end":{"line":44,"column":null}},"type":"if","locations":[{"start":{"line":42,"column":8},"end":{"line":44,"column":null}},{"start":{"line":42,"column":8},"end":{"line":44,"column":null}}]},"9":{"loc":{"start":{"line":46,"column":8},"end":{"line":51,"column":null}},"type":"if","locations":[{"start":{"line":46,"column":8},"end":{"line":51,"column":null}},{"start":{"line":46,"column":8},"end":{"line":51,"column":null}}]},"10":{"loc":{"start":{"line":47,"column":12},"end":{"line":49,"column":null}},"type":"if","locations":[{"start":{"line":47,"column":12},"end":{"line":49,"column":null}},{"start":{"line":47,"column":12},"end":{"line":49,"column":null}}]},"11":{"loc":{"start":{"line":63,"column":8},"end":{"line":65,"column":null}},"type":"if","locations":[{"start":{"line":63,"column":8},"end":{"line":65,"column":null}},{"start":{"line":63,"column":8},"end":{"line":65,"column":null}}]},"12":{"loc":{"start":{"line":63,"column":12},"end":{"line":63,"column":20}},"type":"binary-expr","locations":[{"start":{"line":63,"column":12},"end":{"line":63,"column":20}},{"start":{"line":63,"column":24},"end":{"line":63,"column":78}}]},"13":{"loc":{"start":{"line":66,"column":8},"end":{"line":68,"column":null}},"type":"if","locations":[{"start":{"line":66,"column":8},"end":{"line":68,"column":null}},{"start":{"line":66,"column":8},"end":{"line":68,"column":null}}]},"14":{"loc":{"start":{"line":78,"column":32},"end":{"line":78,"column":76}},"type":"binary-expr","locations":[{"start":{"line":78,"column":32},"end":{"line":78,"column":76}},{"start":{"line":78,"column":80},"end":{"line":78,"column":94}},{"start":{"line":78,"column":98},"end":{"line":78,"column":100}}]},"15":{"loc":{"start":{"line":78,"column":33},"end":{"line":78,"column":62}},"type":"binary-expr","locations":[{"start":{"line":78,"column":33},"end":{"line":78,"column":62}},{"start":{"line":78,"column":66},"end":{"line":78,"column":68}}]},"16":{"loc":{"start":{"line":81,"column":8},"end":{"line":83,"column":null}},"type":"if","locations":[{"start":{"line":81,"column":8},"end":{"line":83,"column":null}},{"start":{"line":81,"column":8},"end":{"line":83,"column":null}}]},"17":{"loc":{"start":{"line":84,"column":22},"end":{"line":84,"column":91}},"type":"cond-expr","locations":[{"start":{"line":84,"column":22},"end":{"line":84,"column":91}},{"start":{"line":84,"column":94},"end":{"line":84,"column":96}}]},"18":{"loc":{"start":{"line":84,"column":41},"end":{"line":84,"column":67}},"type":"cond-expr","locations":[{"start":{"line":84,"column":41},"end":{"line":84,"column":67}},{"start":{"line":84,"column":69},"end":{"line":84,"column":91}}]},"19":{"loc":{"start":{"line":95,"column":71},"end":{"line":95,"column":75}},"type":"cond-expr","locations":[{"start":{"line":95,"column":71},"end":{"line":95,"column":75}},{"start":{"line":95,"column":79},"end":{"line":95,"column":101}}]},"20":{"loc":{"start":{"line":95,"column":16},"end":{"line":95,"column":35}},"type":"binary-expr","locations":[{"start":{"line":95,"column":16},"end":{"line":95,"column":35}},{"start":{"line":95,"column":39},"end":{"line":95,"column":52}},{"start":{"line":95,"column":56},"end":{"line":95,"column":67}}]},"21":{"loc":{"start":{"line":95,"column":80},"end":{"line":95,"column":87}},"type":"binary-expr","locations":[{"start":{"line":95,"column":80},"end":{"line":95,"column":87}},{"start":{"line":95,"column":91},"end":{"line":95,"column":93}}]},"22":{"loc":{"start":{"line":104,"column":71},"end":{"line":104,"column":75}},"type":"cond-expr","locations":[{"start":{"line":104,"column":71},"end":{"line":104,"column":75}},{"start":{"line":104,"column":79},"end":{"line":104,"column":101}}]},"23":{"loc":{"start":{"line":104,"column":16},"end":{"line":104,"column":35}},"type":"binary-expr","locations":[{"start":{"line":104,"column":16},"end":{"line":104,"column":35}},{"start":{"line":104,"column":39},"end":{"line":104,"column":52}},{"start":{"line":104,"column":56},"end":{"line":104,"column":67}}]},"24":{"loc":{"start":{"line":104,"column":87},"end":{"line":104,"column":94}},"type":"binary-expr","locations":[{"start":{"line":104,"column":87},"end":{"line":104,"column":94}},{"start":{"line":104,"column":98},"end":{"line":104,"column":100}}]},"25":{"loc":{"start":{"line":126,"column":8},"end":{"line":129,"column":null}},"type":"if","locations":[{"start":{"line":126,"column":8},"end":{"line":129,"column":null}},{"start":{"line":126,"column":8},"end":{"line":129,"column":null}}]},"26":{"loc":{"start":{"line":126,"column":11},"end":{"line":126,"column":19}},"type":"binary-expr","locations":[{"start":{"line":126,"column":11},"end":{"line":126,"column":19}},{"start":{"line":126,"column":23},"end":{"line":126,"column":55}}]},"27":{"loc":{"start":{"line":146,"column":8},"end":{"line":148,"column":null}},"type":"if","locations":[{"start":{"line":146,"column":8},"end":{"line":148,"column":null}},{"start":{"line":146,"column":8},"end":{"line":148,"column":null}}]},"28":{"loc":{"start":{"line":150,"column":27},"end":{"line":150,"column":54}},"type":"cond-expr","locations":[{"start":{"line":150,"column":27},"end":{"line":150,"column":54}},{"start":{"line":150,"column":57},"end":{"line":150,"column":66}}]},"29":{"loc":{"start":{"line":164,"column":15},"end":{"line":164,"column":27}},"type":"binary-expr","locations":[{"start":{"line":164,"column":15},"end":{"line":164,"column":27}},{"start":{"line":164,"column":31},"end":{"line":164,"column":40}}]},"30":{"loc":{"start":{"line":173,"column":8},"end":{"line":175,"column":null}},"type":"if","locations":[{"start":{"line":173,"column":8},"end":{"line":175,"column":null}},{"start":{"line":173,"column":8},"end":{"line":175,"column":null}}]},"31":{"loc":{"start":{"line":177,"column":8},"end":{"line":179,"column":null}},"type":"if","locations":[{"start":{"line":177,"column":8},"end":{"line":179,"column":null}},{"start":{"line":177,"column":8},"end":{"line":179,"column":null}}]},"32":{"loc":{"start":{"line":248,"column":24},"end":{"line":248,"column":55}},"type":"binary-expr","locations":[{"start":{"line":248,"column":24},"end":{"line":248,"column":55}},{"start":{"line":248,"column":59},"end":{"line":248,"column":70}}]}},"s":{"0":1,"1":0,"2":0,"3":0,"4":0,"5":1,"6":0,"7":0,"8":0,"9":1,"10":1,"11":0,"12":0,"13":0,"14":0,"15":0,"16":0,"17":0,"18":0,"19":0,"20":0,"21":0,"22":1,"23":1,"24":0,"25":0,"26":0,"27":0,"28":0,"29":1,"30":1,"31":0,"32":0,"33":0,"34":0,"35":0,"36":0,"37":0,"38":1,"39":1,"40":0,"41":1,"42":1,"43":0,"44":1,"45":1,"46":0,"47":0,"48":0,"49":0,"50":0,"51":0,"52":0,"53":0,"54":0,"55":0,"56":0,"57":0,"58":0,"59":1,"60":1,"61":0,"62":0,"63":0,"64":0,"65":1,"66":1,"67":1,"68":1,"69":0,"70":1,"71":1,"72":0,"73":0,"74":0,"75":0,"76":0,"77":0,"78":1,"79":1,"80":0,"81":0,"82":0,"83":0,"84":0,"85":0,"86":1,"87":1,"88":0,"89":0,"90":1,"91":1,"92":0,"93":0,"94":1,"95":1,"96":0,"97":0,"98":1},"f":{"0":0,"1":0,"2":0,"3":0,"4":0,"5":0,"6":0,"7":0,"8":0,"9":0,"10":0,"11":0,"12":0,"13":0,"14":0,"15":0,"16":0,"17":0,"18":0,"19":0,"20":0},"b":{"0":[0,0],"1":[0,0],"2":[0,0],"3":[0,0],"4":[0,0],"5":[0,0],"6":[0,0],"7":[0,0],"8":[0,0],"9":[0,0],"10":[0,0],"11":[0,0],"12":[0,0],"13":[0,0],"14":[0,0,0],"15":[0,0],"16":[0,0],"17":[0,0],"18":[0,0],"19":[0,0],"20":[0,0,0],"21":[0,0],"22":[0,0],"23":[0,0,0],"24":[0,0],"25":[0,0],"26":[0,0],"27":[0,0],"28":[0,0],"29":[0,0],"30":[0,0],"31":[0,0],"32":[0,0]}}
,"/home/sairama/Projects/wavemaker-studio-frontend/wavemaker-ng-runtime/projects/components/base/src/pipes/image.pipe.ts": {"path":"/home/sairama/Projects/wavemaker-studio-frontend/wavemaker-ng-runtime/projects/components/base/src/pipes/image.pipe.ts","statementMap":{"0":{"start":{"line":11,"column":22},"end":{"line":15,"column":null}},"1":{"start":{"line":13,"column":8},"end":{"line":13,"column":75}},"2":{"start":{"line":11,"column":13},"end":{"line":15,"column":null}}},"fnMap":{"0":{"name":"(anonymous_1)","decl":{"start":{"line":12,"column":4},"end":{"line":12,"column":13}},"loc":{"start":{"line":12,"column":69},"end":{"line":14,"column":5}}}},"branchMap":{},"s":{"0":1,"1":0,"2":1},"f":{"0":0},"b":{}}
,"/home/sairama/Projects/wavemaker-studio-frontend/wavemaker-ng-runtime/projects/components/base/src/pipes/sanitize.pipe.ts": {"path":"/home/sairama/Projects/wavemaker-studio-frontend/wavemaker-ng-runtime/projects/components/base/src/pipes/sanitize.pipe.ts","statementMap":{"0":{"start":{"line":7,"column":25},"end":{"line":36,"column":null}},"1":{"start":{"line":8,"column":24},"end":{"line":8,"column":38}},"2":{"start":{"line":12,"column":8},"end":{"line":14,"column":null}},"3":{"start":{"line":13,"column":12},"end":{"line":13,"column":22}},"4":{"start":{"line":15,"column":8},"end":{"line":34,"column":null}},"5":{"start":{"line":18,"column":16},"end":{"line":18,"column":81}},"6":{"start":{"line":21,"column":16},"end":{"line":21,"column":82}},"7":{"start":{"line":24,"column":16},"end":{"line":24,"column":83}},"8":{"start":{"line":27,"column":16},"end":{"line":27,"column":80}},"9":{"start":{"line":30,"column":16},"end":{"line":30,"column":89}},"10":{"start":{"line":33,"column":16},"end":{"line":33,"column":81}},"11":{"start":{"line":7,"column":13},"end":{"line":36,"column":null}}},"fnMap":{"0":{"name":"(anonymous_2)","decl":{"start":{"line":8,"column":4},"end":{"line":8,"column":24}},"loc":{"start":{"line":8,"column":50},"end":{"line":9,"column":5}}},"1":{"name":"(anonymous_3)","decl":{"start":{"line":11,"column":4},"end":{"line":11,"column":13}},"loc":{"start":{"line":11,"column":76},"end":{"line":35,"column":5}}}},"branchMap":{"0":{"loc":{"start":{"line":12,"column":8},"end":{"line":14,"column":null}},"type":"if","locations":[{"start":{"line":12,"column":8},"end":{"line":14,"column":null}},{"start":{"line":12,"column":8},"end":{"line":14,"column":null}}]},"1":{"loc":{"start":{"line":12,"column":12},"end":{"line":12,"column":28}},"type":"binary-expr","locations":[{"start":{"line":12,"column":12},"end":{"line":12,"column":28}},{"start":{"line":12,"column":32},"end":{"line":12,"column":53}}]},"2":{"loc":{"start":{"line":16,"column":12},"end":{"line":16,"column":24}},"type":"switch","locations":[{"start":{"line":16,"column":12},"end":{"line":16,"column":24}},{"start":{"line":17,"column":12},"end":{"line":18,"column":81}},{"start":{"line":19,"column":12},"end":{"line":19,"column":25}},{"start":{"line":20,"column":12},"end":{"line":21,"column":82}},{"start":{"line":22,"column":12},"end":{"line":22,"column":26}},{"start":{"line":23,"column":12},"end":{"line":24,"column":83}},{"start":{"line":25,"column":12},"end":{"line":25,"column":23}},{"start":{"line":26,"column":12},"end":{"line":27,"column":80}},{"start":{"line":28,"column":12},"end":{"line":28,"column":28}},{"start":{"line":29,"column":12},"end":{"line":30,"column":89}},{"start":{"line":31,"column":12},"end":{"line":31,"column":24}},{"start":{"line":32,"column":12},"end":{"line":33,"column":81}}]}},"s":{"0":1,"1":0,"2":0,"3":0,"4":0,"5":0,"6":0,"7":0,"8":0,"9":0,"10":0,"11":1},"f":{"0":0,"1":0},"b":{"0":[0,0],"1":[0,0],"2":[0,0,0,0,0,0,0,0,0,0,0,0]}}
,"/home/sairama/Projects/wavemaker-studio-frontend/wavemaker-ng-runtime/projects/components/base/src/pipes/trust-as.pipe.ts": {"path":"/home/sairama/Projects/wavemaker-studio-frontend/wavemaker-ng-runtime/projects/components/base/src/pipes/trust-as.pipe.ts","statementMap":{"0":{"start":{"line":7,"column":24},"end":{"line":33,"column":null}},"1":{"start":{"line":9,"column":24},"end":{"line":9,"column":38}},"2":{"start":{"line":12,"column":8},"end":{"line":14,"column":null}},"3":{"start":{"line":13,"column":12},"end":{"line":13,"column":22}},"4":{"start":{"line":15,"column":8},"end":{"line":31,"column":null}},"5":{"start":{"line":18,"column":16},"end":{"line":18,"column":74}},"6":{"start":{"line":21,"column":16},"end":{"line":21,"column":75}},"7":{"start":{"line":24,"column":16},"end":{"line":24,"column":76}},"8":{"start":{"line":27,"column":16},"end":{"line":27,"column":73}},"9":{"start":{"line":30,"column":16},"end":{"line":30,"column":81}},"10":{"start":{"line":7,"column":13},"end":{"line":33,"column":null}}},"fnMap":{"0":{"name":"(anonymous_2)","decl":{"start":{"line":9,"column":4},"end":{"line":9,"column":24}},"loc":{"start":{"line":9,"column":50},"end":{"line":9,"column":54}}},"1":{"name":"(anonymous_3)","decl":{"start":{"line":11,"column":4},"end":{"line":11,"column":13}},"loc":{"start":{"line":11,"column":64},"end":{"line":32,"column":5}}}},"branchMap":{"0":{"loc":{"start":{"line":12,"column":8},"end":{"line":14,"column":null}},"type":"if","locations":[{"start":{"line":12,"column":8},"end":{"line":14,"column":null}},{"start":{"line":12,"column":8},"end":{"line":14,"column":null}}]},"1":{"loc":{"start":{"line":12,"column":12},"end":{"line":12,"column":28}},"type":"binary-expr","locations":[{"start":{"line":12,"column":12},"end":{"line":12,"column":28}},{"start":{"line":12,"column":32},"end":{"line":12,"column":53}}]},"2":{"loc":{"start":{"line":16,"column":12},"end":{"line":16,"column":24}},"type":"switch","locations":[{"start":{"line":16,"column":12},"end":{"line":16,"column":24}},{"start":{"line":17,"column":12},"end":{"line":18,"column":74}},{"start":{"line":19,"column":12},"end":{"line":19,"column":25}},{"start":{"line":20,"column":12},"end":{"line":21,"column":75}},{"start":{"line":22,"column":12},"end":{"line":22,"column":26}},{"start":{"line":23,"column":12},"end":{"line":24,"column":76}},{"start":{"line":25,"column":12},"end":{"line":25,"column":23}},{"start":{"line":26,"column":12},"end":{"line":27,"column":73}},{"start":{"line":28,"column":12},"end":{"line":28,"column":28}},{"start":{"line":29,"column":12},"end":{"line":30,"column":81}}]}},"s":{"0":1,"1":0,"2":0,"3":0,"4":0,"5":0,"6":0,"7":0,"8":0,"9":0,"10":1},"f":{"0":0,"1":0},"b":{"0":[0,0],"1":[0,0],"2":[0,0,0,0,0,0,0,0,0,0]}}
,"/home/sairama/Projects/wavemaker-studio-frontend/wavemaker-ng-runtime/projects/components/base/src/test/common-widget.specs.ts": {"path":"/home/sairama/Projects/wavemaker-studio-frontend/wavemaker-ng-runtime/projects/components/base/src/test/common-widget.specs.ts","statementMap":{"0":{"start":{"line":30,"column":8},"end":{"line":30,"column":35}},"1":{"start":{"line":38,"column":8},"end":{"line":38,"column":70}},"2":{"start":{"line":40,"column":12},"end":{"line":40,"column":66}},"3":{"start":{"line":42,"column":8},"end":{"line":42,"column":76}},"4":{"start":{"line":49,"column":8},"end":{"line":103,"column":11}},"5":{"start":{"line":53,"column":29},"end":{"line":53,"column":68}},"6":{"start":{"line":55,"column":12},"end":{"line":60,"column":16}},"7":{"start":{"line":56,"column":16},"end":{"line":56,"column":107}},"8":{"start":{"line":57,"column":16},"end":{"line":57,"column":66}},"9":{"start":{"line":58,"column":16},"end":{"line":58,"column":52}},"10":{"start":{"line":59,"column":16},"end":{"line":59,"column":40}},"11":{"start":{"line":61,"column":24},"end":{"line":61,"column":25}},"12":{"start":{"line":64,"column":12},"end":{"line":102,"column":15}},"13":{"start":{"line":65,"column":31},"end":{"line":65,"column":40}},"14":{"start":{"line":66,"column":32},"end":{"line":66,"column":42}},"15":{"start":{"line":67,"column":41},"end":{"line":67,"column":50}},"16":{"start":{"line":70,"column":39},"end":{"line":70,"column":78}},"17":{"start":{"line":71,"column":33},"end":{"line":71,"column":108}},"18":{"start":{"line":71,"column":62},"end":{"line":71,"column":106}},"19":{"start":{"line":72,"column":16},"end":{"line":74,"column":null}},"20":{"start":{"line":73,"column":20},"end":{"line":73,"column":27}},"21":{"start":{"line":76,"column":16},"end":{"line":100,"column":19}},"22":{"start":{"line":77,"column":36},"end":{"line":77,"column":67}},"23":{"start":{"line":81,"column":20},"end":{"line":91,"column":null}},"24":{"start":{"line":82,"column":24},"end":{"line":86,"column":null}},"25":{"start":{"line":83,"column":28},"end":{"line":83,"column":118}},"26":{"start":{"line":85,"column":28},"end":{"line":85,"column":92}},"27":{"start":{"line":87,"column":27},"end":{"line":91,"column":null}},"28":{"start":{"line":88,"column":24},"end":{"line":88,"column":114}},"29":{"start":{"line":89,"column":27},"end":{"line":91,"column":null}},"30":{"start":{"line":90,"column":24},"end":{"line":90,"column":56}},"31":{"start":{"line":94,"column":20},"end":{"line":96,"column":null}},"32":{"start":{"line":95,"column":24},"end":{"line":95,"column":77}},"33":{"start":{"line":99,"column":20},"end":{"line":99,"column":73}},"34":{"start":{"line":111,"column":8},"end":{"line":214,"column":11}},"35":{"start":{"line":119,"column":12},"end":{"line":126,"column":16}},"36":{"start":{"line":120,"column":16},"end":{"line":120,"column":107}},"37":{"start":{"line":121,"column":16},"end":{"line":121,"column":66}},"38":{"start":{"line":122,"column":16},"end":{"line":122,"column":52}},"39":{"start":{"line":123,"column":16},"end":{"line":123,"column":94}},"40":{"start":{"line":124,"column":16},"end":{"line":124,"column":40}},"41":{"start":{"line":125,"column":16},"end":{"line":125,"column":149}},"42":{"start":{"line":129,"column":12},"end":{"line":134,"column":15}},"43":{"start":{"line":130,"column":16},"end":{"line":132,"column":null}},"44":{"start":{"line":131,"column":20},"end":{"line":131,"column":27}},"45":{"start":{"line":133,"column":16},"end":{"line":133,"column":75}},"46":{"start":{"line":137,"column":12},"end":{"line":145,"column":15}},"47":{"start":{"line":138,"column":16},"end":{"line":140,"column":null}},"48":{"start":{"line":139,"column":20},"end":{"line":139,"column":27}},"49":{"start":{"line":141,"column":33},"end":{"line":141,"column":48}},"50":{"start":{"line":142,"column":16},"end":{"line":144,"column":null}},"51":{"start":{"line":143,"column":20},"end":{"line":143,"column":69}},"52":{"start":{"line":148,"column":12},"end":{"line":164,"column":15}},"53":{"start":{"line":149,"column":16},"end":{"line":151,"column":null}},"54":{"start":{"line":150,"column":20},"end":{"line":150,"column":27}},"55":{"start":{"line":152,"column":38},"end":{"line":152,"column":101}},"56":{"start":{"line":153,"column":36},"end":{"line":153,"column":85}},"57":{"start":{"line":155,"column":16},"end":{"line":155,"column":80}},"58":{"start":{"line":157,"column":16},"end":{"line":157,"column":50}},"59":{"start":{"line":158,"column":16},"end":{"line":158,"column":40}},"60":{"start":{"line":159,"column":16},"end":{"line":159,"column":68}},"61":{"start":{"line":161,"column":16},"end":{"line":161,"column":51}},"62":{"start":{"line":162,"column":16},"end":{"line":162,"column":40}},"63":{"start":{"line":163,"column":16},"end":{"line":163,"column":67}},"64":{"start":{"line":167,"column":12},"end":{"line":179,"column":15}},"65":{"start":{"line":168,"column":16},"end":{"line":171,"column":null}},"66":{"start":{"line":169,"column":20},"end":{"line":169,"column":27}},"67":{"start":{"line":170,"column":20},"end":{"line":170,"column":27}},"68":{"start":{"line":172,"column":16},"end":{"line":172,"column":88}},"69":{"start":{"line":173,"column":16},"end":{"line":173,"column":55}},"70":{"start":{"line":174,"column":16},"end":{"line":174,"column":40}},"71":{"start":{"line":175,"column":16},"end":{"line":178,"column":24}},"72":{"start":{"line":176,"column":20},"end":{"line":176,"column":92}},"73":{"start":{"line":177,"column":20},"end":{"line":177,"column":27}},"74":{"start":{"line":182,"column":12},"end":{"line":194,"column":15}},"75":{"start":{"line":183,"column":16},"end":{"line":186,"column":null}},"76":{"start":{"line":184,"column":20},"end":{"line":184,"column":27}},"77":{"start":{"line":185,"column":20},"end":{"line":185,"column":27}},"78":{"start":{"line":187,"column":16},"end":{"line":187,"column":101}},"79":{"start":{"line":188,"column":16},"end":{"line":188,"column":62}},"80":{"start":{"line":189,"column":16},"end":{"line":189,"column":40}},"81":{"start":{"line":190,"column":16},"end":{"line":193,"column":24}},"82":{"start":{"line":191,"column":20},"end":{"line":191,"column":105}},"83":{"start":{"line":192,"column":20},"end":{"line":192,"column":27}},"84":{"start":{"line":197,"column":12},"end":{"line":203,"column":15}},"85":{"start":{"line":198,"column":16},"end":{"line":200,"column":null}},"86":{"start":{"line":199,"column":20},"end":{"line":199,"column":27}},"87":{"start":{"line":201,"column":36},"end":{"line":201,"column":79}},"88":{"start":{"line":202,"column":16},"end":{"line":202,"column":78}},"89":{"start":{"line":206,"column":12},"end":{"line":211,"column":15}},"90":{"start":{"line":207,"column":16},"end":{"line":209,"column":null}},"91":{"start":{"line":208,"column":20},"end":{"line":208,"column":27}},"92":{"start":{"line":210,"column":16},"end":{"line":210,"column":87}},"93":{"start":{"line":221,"column":8},"end":{"line":325,"column":11}},"94":{"start":{"line":227,"column":12},"end":{"line":232,"column":16}},"95":{"start":{"line":228,"column":16},"end":{"line":228,"column":107}},"96":{"start":{"line":229,"column":16},"end":{"line":229,"column":66}},"97":{"start":{"line":230,"column":16},"end":{"line":230,"column":52}},"98":{"start":{"line":231,"column":16},"end":{"line":231,"column":40}},"99":{"start":{"line":237,"column":12},"end":{"line":255,"column":null}},"100":{"start":{"line":238,"column":16},"end":{"line":254,"column":19}},"101":{"start":{"line":240,"column":37},"end":{"line":240,"column":58}},"102":{"start":{"line":241,"column":20},"end":{"line":243,"column":null}},"103":{"start":{"line":242,"column":24},"end":{"line":242,"column":31}},"104":{"start":{"line":246,"column":38},"end":{"line":246,"column":82}},"105":{"start":{"line":247,"column":20},"end":{"line":249,"column":null}},"106":{"start":{"line":248,"column":24},"end":{"line":248,"column":31}},"107":{"start":{"line":251,"column":20},"end":{"line":253,"column":23}},"108":{"start":{"line":252,"column":24},"end":{"line":252,"column":87}},"109":{"start":{"line":258,"column":12},"end":{"line":324,"column":15}},"110":{"start":{"line":285,"column":16},"end":{"line":291,"column":null}},"111":{"start":{"line":286,"column":20},"end":{"line":286,"column":43}},"112":{"start":{"line":287,"column":20},"end":{"line":287,"column":47}},"113":{"start":{"line":289,"column":20},"end":{"line":289,"column":35}},"114":{"start":{"line":290,"column":20},"end":{"line":290,"column":53}},"115":{"start":{"line":297,"column":16},"end":{"line":323,"column":19}},"116":{"start":{"line":298,"column":20},"end":{"line":298,"column":74}},"117":{"start":{"line":299,"column":20},"end":{"line":299,"column":63}},"118":{"start":{"line":300,"column":20},"end":{"line":322,"column":null}},"119":{"start":{"line":301,"column":24},"end":{"line":319,"column":null}},"120":{"start":{"line":302,"column":28},"end":{"line":302,"column":67}},"121":{"start":{"line":303,"column":31},"end":{"line":319,"column":null}},"122":{"start":{"line":304,"column":28},"end":{"line":304,"column":53}},"123":{"start":{"line":305,"column":43},"end":{"line":305,"column":94}},"124":{"start":{"line":306,"column":28},"end":{"line":306,"column":61}},"125":{"start":{"line":307,"column":31},"end":{"line":319,"column":null}},"126":{"start":{"line":308,"column":28},"end":{"line":308,"column":62}},"127":{"start":{"line":309,"column":31},"end":{"line":319,"column":null}},"128":{"start":{"line":310,"column":28},"end":{"line":310,"column":81}},"129":{"start":{"line":311,"column":28},"end":{"line":311,"column":100}},"130":{"start":{"line":312,"column":31},"end":{"line":319,"column":null}},"131":{"start":{"line":314,"column":28},"end":{"line":314,"column":49}},"132":{"start":{"line":315,"column":31},"end":{"line":319,"column":null}},"133":{"start":{"line":317,"column":28},"end":{"line":317,"column":77}},"134":{"start":{"line":318,"column":28},"end":{"line":318,"column":75}},"135":{"start":{"line":321,"column":24},"end":{"line":321,"column":57}},"136":{"start":{"line":332,"column":8},"end":{"line":382,"column":11}},"137":{"start":{"line":340,"column":12},"end":{"line":345,"column":16}},"138":{"start":{"line":341,"column":16},"end":{"line":341,"column":107}},"139":{"start":{"line":342,"column":16},"end":{"line":342,"column":66}},"140":{"start":{"line":343,"column":16},"end":{"line":343,"column":52}},"141":{"start":{"line":344,"column":16},"end":{"line":344,"column":40}},"142":{"start":{"line":347,"column":12},"end":{"line":380,"column":null}},"143":{"start":{"line":349,"column":16},"end":{"line":378,"column":null}},"144":{"start":{"line":350,"column":20},"end":{"line":359,"column":null}},"145":{"start":{"line":352,"column":41},"end":{"line":352,"column":93}},"146":{"start":{"line":353,"column":24},"end":{"line":353,"column":57}},"147":{"start":{"line":354,"column":24},"end":{"line":357,"column":27}},"148":{"start":{"line":355,"column":28},"end":{"line":355,"column":102}},"149":{"start":{"line":356,"column":28},"end":{"line":356,"column":110}},"150":{"start":{"line":360,"column":23},"end":{"line":378,"column":null}},"151":{"start":{"line":361,"column":20},"end":{"line":368,"column":24}},"152":{"start":{"line":362,"column":24},"end":{"line":367,"column":27}},"153":{"start":{"line":363,"column":28},"end":{"line":363,"column":102}},"154":{"start":{"line":364,"column":45},"end":{"line":364,"column":102}},"155":{"start":{"line":365,"column":28},"end":{"line":365,"column":101}},"156":{"start":{"line":366,"column":28},"end":{"line":366,"column":110}},"157":{"start":{"line":369,"column":23},"end":{"line":378,"column":null}},"158":{"start":{"line":370,"column":20},"end":{"line":377,"column":24}},"159":{"start":{"line":371,"column":24},"end":{"line":376,"column":27}},"160":{"start":{"line":372,"column":28},"end":{"line":372,"column":102}},"161":{"start":{"line":373,"column":45},"end":{"line":373,"column":97}},"162":{"start":{"line":374,"column":28},"end":{"line":374,"column":81}},"163":{"start":{"line":375,"column":28},"end":{"line":375,"column":110}},"164":{"start":{"line":387,"column":8},"end":{"line":416,"column":11}},"165":{"start":{"line":395,"column":12},"end":{"line":402,"column":16}},"166":{"start":{"line":396,"column":16},"end":{"line":396,"column":107}},"167":{"start":{"line":397,"column":16},"end":{"line":397,"column":66}},"168":{"start":{"line":398,"column":16},"end":{"line":398,"column":52}},"169":{"start":{"line":399,"column":16},"end":{"line":399,"column":94}},"170":{"start":{"line":400,"column":16},"end":{"line":400,"column":40}},"171":{"start":{"line":401,"column":16},"end":{"line":401,"column":149}},"172":{"start":{"line":404,"column":12},"end":{"line":406,"column":15}},"173":{"start":{"line":405,"column":15},"end":{"line":405,"column":73}},"174":{"start":{"line":408,"column":12},"end":{"line":415,"column":15}},"175":{"start":{"line":409,"column":16},"end":{"line":411,"column":null}},"176":{"start":{"line":410,"column":20},"end":{"line":410,"column":27}},"177":{"start":{"line":412,"column":16},"end":{"line":412,"column":60}},"178":{"start":{"line":413,"column":16},"end":{"line":413,"column":40}},"179":{"start":{"line":414,"column":16},"end":{"line":414,"column":93}}},"fnMap":{"0":{"name":"(anonymous_0)","decl":{"start":{"line":29,"column":4},"end":{"line":29,"column":16}},"loc":{"start":{"line":29,"column":44},"end":{"line":31,"column":5}}},"1":{"name":"(anonymous_1)","decl":{"start":{"line":37,"column":12},"end":{"line":37,"column":20}},"loc":{"start":{"line":37,"column":29},"end":{"line":43,"column":5}}},"2":{"name":"hex","decl":{"start":{"line":39,"column":17},"end":{"line":39,"column":20}},"loc":{"start":{"line":39,"column":22},"end":{"line":41,"column":9}}},"3":{"name":"(anonymous_3)","decl":{"start":{"line":48,"column":11},"end":{"line":48,"column":36}},"loc":{"start":{"line":48,"column":36},"end":{"line":104,"column":5}}},"4":{"name":"(anonymous_4)","decl":{"start":{"line":49,"column":73},"end":{"line":49,"column":76}},"loc":{"start":{"line":49,"column":78},"end":{"line":103,"column":9}}},"5":{"name":"(anonymous_5)","decl":{"start":{"line":55,"column":36},"end":{"line":55,"column":39}},"loc":{"start":{"line":55,"column":41},"end":{"line":60,"column":13}}},"6":{"name":"(anonymous_6)","decl":{"start":{"line":64,"column":64},"end":{"line":64,"column":65}},"loc":{"start":{"line":64,"column":73},"end":{"line":102,"column":13}}},"7":{"name":"(anonymous_7)","decl":{"start":{"line":71,"column":55},"end":{"line":71,"column":57}},"loc":{"start":{"line":71,"column":62},"end":{"line":71,"column":106}}},"8":{"name":"(anonymous_8)","decl":{"start":{"line":76,"column":102},"end":{"line":76,"column":105}},"loc":{"start":{"line":76,"column":107},"end":{"line":100,"column":17}}},"9":{"name":"(anonymous_9)","decl":{"start":{"line":110,"column":11},"end":{"line":110,"column":33}},"loc":{"start":{"line":110,"column":33},"end":{"line":215,"column":5}}},"10":{"name":"(anonymous_10)","decl":{"start":{"line":111,"column":69},"end":{"line":111,"column":72}},"loc":{"start":{"line":111,"column":74},"end":{"line":214,"column":9}}},"11":{"name":"(anonymous_11)","decl":{"start":{"line":119,"column":36},"end":{"line":119,"column":39}},"loc":{"start":{"line":119,"column":41},"end":{"line":126,"column":13}}},"12":{"name":"(anonymous_12)","decl":{"start":{"line":129,"column":41},"end":{"line":129,"column":44}},"loc":{"start":{"line":129,"column":46},"end":{"line":134,"column":13}}},"13":{"name":"(anonymous_13)","decl":{"start":{"line":137,"column":45},"end":{"line":137,"column":48}},"loc":{"start":{"line":137,"column":50},"end":{"line":145,"column":13}}},"14":{"name":"(anonymous_14)","decl":{"start":{"line":148,"column":76},"end":{"line":148,"column":79}},"loc":{"start":{"line":148,"column":81},"end":{"line":164,"column":13}}},"15":{"name":"(anonymous_15)","decl":{"start":{"line":167,"column":61},"end":{"line":167,"column":65}},"loc":{"start":{"line":167,"column":68},"end":{"line":179,"column":13}}},"16":{"name":"(anonymous_16)","decl":{"start":{"line":175,"column":27},"end":{"line":175,"column":30}},"loc":{"start":{"line":175,"column":32},"end":{"line":178,"column":17}}},"17":{"name":"(anonymous_17)","decl":{"start":{"line":182,"column":68},"end":{"line":182,"column":72}},"loc":{"start":{"line":182,"column":75},"end":{"line":194,"column":13}}},"18":{"name":"(anonymous_18)","decl":{"start":{"line":190,"column":27},"end":{"line":190,"column":30}},"loc":{"start":{"line":190,"column":32},"end":{"line":193,"column":17}}},"19":{"name":"(anonymous_19)","decl":{"start":{"line":197,"column":41},"end":{"line":197,"column":44}},"loc":{"start":{"line":197,"column":46},"end":{"line":203,"column":13}}},"20":{"name":"(anonymous_20)","decl":{"start":{"line":206,"column":43},"end":{"line":206,"column":46}},"loc":{"start":{"line":206,"column":48},"end":{"line":211,"column":13}}},"21":{"name":"(anonymous_21)","decl":{"start":{"line":220,"column":11},"end":{"line":220,"column":23}},"loc":{"start":{"line":220,"column":42},"end":{"line":326,"column":5}}},"22":{"name":"(anonymous_22)","decl":{"start":{"line":221,"column":66},"end":{"line":221,"column":69}},"loc":{"start":{"line":221,"column":71},"end":{"line":325,"column":9}}},"23":{"name":"(anonymous_23)","decl":{"start":{"line":227,"column":36},"end":{"line":227,"column":39}},"loc":{"start":{"line":227,"column":41},"end":{"line":232,"column":13}}},"24":{"name":"(anonymous_24)","decl":{"start":{"line":238,"column":47},"end":{"line":238,"column":48}},"loc":{"start":{"line":238,"column":59},"end":{"line":254,"column":17}}},"25":{"name":"(anonymous_25)","decl":{"start":{"line":251,"column":55},"end":{"line":251,"column":58}},"loc":{"start":{"line":251,"column":60},"end":{"line":253,"column":21}}},"26":{"name":"(anonymous_26)","decl":{"start":{"line":283,"column":15},"end":{"line":283,"column":16}},"loc":{"start":{"line":283,"column":24},"end":{"line":324,"column":13}}},"27":{"name":"(anonymous_27)","decl":{"start":{"line":297,"column":49},"end":{"line":297,"column":52}},"loc":{"start":{"line":297,"column":54},"end":{"line":323,"column":17}}},"28":{"name":"(anonymous_28)","decl":{"start":{"line":329,"column":11},"end":{"line":329,"column":23}},"loc":{"start":{"line":329,"column":45},"end":{"line":384,"column":5}}},"29":{"name":"(anonymous_29)","decl":{"start":{"line":332,"column":71},"end":{"line":332,"column":74}},"loc":{"start":{"line":332,"column":76},"end":{"line":382,"column":9}}},"30":{"name":"(anonymous_30)","decl":{"start":{"line":340,"column":24},"end":{"line":340,"column":27}},"loc":{"start":{"line":340,"column":29},"end":{"line":345,"column":13}}},"31":{"name":"(anonymous_31)","decl":{"start":{"line":347,"column":33},"end":{"line":347,"column":34}},"loc":{"start":{"line":347,"column":44},"end":{"line":380,"column":13}}},"32":{"name":"(anonymous_32)","decl":{"start":{"line":350,"column":89},"end":{"line":350,"column":92}},"loc":{"start":{"line":350,"column":94},"end":{"line":359,"column":21}}},"33":{"name":"(anonymous_33)","decl":{"start":{"line":354,"column":50},"end":{"line":354,"column":53}},"loc":{"start":{"line":354,"column":55},"end":{"line":357,"column":25}}},"34":{"name":"(anonymous_34)","decl":{"start":{"line":361,"column":89},"end":{"line":361,"column":92}},"loc":{"start":{"line":361,"column":94},"end":{"line":368,"column":21}}},"35":{"name":"(anonymous_35)","decl":{"start":{"line":362,"column":50},"end":{"line":362,"column":53}},"loc":{"start":{"line":362,"column":55},"end":{"line":367,"column":25}}},"36":{"name":"(anonymous_36)","decl":{"start":{"line":370,"column":89},"end":{"line":370,"column":92}},"loc":{"start":{"line":370,"column":94},"end":{"line":377,"column":21}}},"37":{"name":"(anonymous_37)","decl":{"start":{"line":371,"column":50},"end":{"line":371,"column":53}},"loc":{"start":{"line":371,"column":55},"end":{"line":376,"column":25}}},"38":{"name":"(anonymous_38)","decl":{"start":{"line":386,"column":11},"end":{"line":386,"column":30}},"loc":{"start":{"line":386,"column":30},"end":{"line":417,"column":5}}},"39":{"name":"(anonymous_39)","decl":{"start":{"line":387,"column":66},"end":{"line":387,"column":69}},"loc":{"start":{"line":387,"column":71},"end":{"line":416,"column":9}}},"40":{"name":"(anonymous_40)","decl":{"start":{"line":395,"column":36},"end":{"line":395,"column":39}},"loc":{"start":{"line":395,"column":41},"end":{"line":402,"column":13}}},"41":{"name":"(anonymous_41)","decl":{"start":{"line":404,"column":85},"end":{"line":404,"column":88}},"loc":{"start":{"line":404,"column":90},"end":{"line":406,"column":13}}},"42":{"name":"(anonymous_42)","decl":{"start":{"line":408,"column":103},"end":{"line":408,"column":106}},"loc":{"start":{"line":408,"column":108},"end":{"line":415,"column":13}}}},"branchMap":{"0":{"loc":{"start":{"line":71,"column":62},"end":{"line":71,"column":77}},"type":"binary-expr","locations":[{"start":{"line":71,"column":62},"end":{"line":71,"column":77}},{"start":{"line":71,"column":81},"end":{"line":71,"column":106}}]},"1":{"loc":{"start":{"line":72,"column":16},"end":{"line":74,"column":null}},"type":"if","locations":[{"start":{"line":72,"column":16},"end":{"line":74,"column":null}},{"start":{"line":72,"column":16},"end":{"line":74,"column":null}}]},"2":{"loc":{"start":{"line":72,"column":20},"end":{"line":72,"column":30}},"type":"binary-expr","locations":[{"start":{"line":72,"column":20},"end":{"line":72,"column":30}},{"start":{"line":72,"column":34},"end":{"line":72,"column":44}}]},"3":{"loc":{"start":{"line":77,"column":36},"end":{"line":77,"column":61}},"type":"binary-expr","locations":[{"start":{"line":77,"column":36},"end":{"line":77,"column":61}},{"start":{"line":77,"column":65},"end":{"line":77,"column":67}}]},"4":{"loc":{"start":{"line":81,"column":20},"end":{"line":91,"column":null}},"type":"if","locations":[{"start":{"line":81,"column":20},"end":{"line":91,"column":null}},{"start":{"line":81,"column":20},"end":{"line":91,"column":null}}]},"5":{"loc":{"start":{"line":82,"column":24},"end":{"line":86,"column":null}},"type":"if","locations":[{"start":{"line":82,"column":24},"end":{"line":86,"column":null}},{"start":{"line":82,"column":24},"end":{"line":86,"column":null}}]},"6":{"loc":{"start":{"line":83,"column":49},"end":{"line":83,"column":71}},"type":"binary-expr","locations":[{"start":{"line":83,"column":49},"end":{"line":83,"column":71}},{"start":{"line":83,"column":75},"end":{"line":83,"column":93}},{"start":{"line":83,"column":97},"end":{"line":83,"column":117}}]},"7":{"loc":{"start":{"line":85,"column":49},"end":{"line":85,"column":67}},"type":"binary-expr","locations":[{"start":{"line":85,"column":49},"end":{"line":85,"column":67}},{"start":{"line":85,"column":71},"end":{"line":85,"column":91}}]},"8":{"loc":{"start":{"line":87,"column":27},"end":{"line":91,"column":null}},"type":"if","locations":[{"start":{"line":87,"column":27},"end":{"line":91,"column":null}},{"start":{"line":87,"column":27},"end":{"line":91,"column":null}}]},"9":{"loc":{"start":{"line":88,"column":45},"end":{"line":88,"column":67}},"type":"binary-expr","locations":[{"start":{"line":88,"column":45},"end":{"line":88,"column":67}},{"start":{"line":88,"column":71},"end":{"line":88,"column":89}},{"start":{"line":88,"column":93},"end":{"line":88,"column":113}}]},"10":{"loc":{"start":{"line":89,"column":27},"end":{"line":91,"column":null}},"type":"if","locations":[{"start":{"line":89,"column":27},"end":{"line":91,"column":null}},{"start":{"line":89,"column":27},"end":{"line":91,"column":null}}]},"11":{"loc":{"start":{"line":94,"column":20},"end":{"line":96,"column":null}},"type":"if","locations":[{"start":{"line":94,"column":20},"end":{"line":96,"column":null}},{"start":{"line":94,"column":20},"end":{"line":96,"column":null}}]},"12":{"loc":{"start":{"line":125,"column":65},"end":{"line":125,"column":137}},"type":"cond-expr","locations":[{"start":{"line":125,"column":65},"end":{"line":125,"column":137}},{"start":{"line":125,"column":140},"end":{"line":125,"column":148}}]},"13":{"loc":{"start":{"line":130,"column":16},"end":{"line":132,"column":null}},"type":"if","locations":[{"start":{"line":130,"column":16},"end":{"line":132,"column":null}},{"start":{"line":130,"column":16},"end":{"line":132,"column":null}}]},"14":{"loc":{"start":{"line":138,"column":16},"end":{"line":140,"column":null}},"type":"if","locations":[{"start":{"line":138,"column":16},"end":{"line":140,"column":null}},{"start":{"line":138,"column":16},"end":{"line":140,"column":null}}]},"15":{"loc":{"start":{"line":142,"column":16},"end":{"line":144,"column":null}},"type":"if","locations":[{"start":{"line":142,"column":16},"end":{"line":144,"column":null}},{"start":{"line":142,"column":16},"end":{"line":144,"column":null}}]},"16":{"loc":{"start":{"line":149,"column":16},"end":{"line":151,"column":null}},"type":"if","locations":[{"start":{"line":149,"column":16},"end":{"line":151,"column":null}},{"start":{"line":149,"column":16},"end":{"line":151,"column":null}}]},"17":{"loc":{"start":{"line":153,"column":52},"end":{"line":153,"column":78}},"type":"cond-expr","locations":[{"start":{"line":153,"column":52},"end":{"line":153,"column":78}},{"start":{"line":153,"column":81},"end":{"line":153,"column":85}}]},"18":{"loc":{"start":{"line":168,"column":16},"end":{"line":171,"column":null}},"type":"if","locations":[{"start":{"line":168,"column":16},"end":{"line":171,"column":null}},{"start":{"line":168,"column":16},"end":{"line":171,"column":null}}]},"19":{"loc":{"start":{"line":183,"column":16},"end":{"line":186,"column":null}},"type":"if","locations":[{"start":{"line":183,"column":16},"end":{"line":186,"column":null}},{"start":{"line":183,"column":16},"end":{"line":186,"column":null}}]},"20":{"loc":{"start":{"line":198,"column":16},"end":{"line":200,"column":null}},"type":"if","locations":[{"start":{"line":198,"column":16},"end":{"line":200,"column":null}},{"start":{"line":198,"column":16},"end":{"line":200,"column":null}}]},"21":{"loc":{"start":{"line":207,"column":16},"end":{"line":209,"column":null}},"type":"if","locations":[{"start":{"line":207,"column":16},"end":{"line":209,"column":null}},{"start":{"line":207,"column":16},"end":{"line":209,"column":null}}]},"22":{"loc":{"start":{"line":237,"column":12},"end":{"line":255,"column":null}},"type":"if","locations":[{"start":{"line":237,"column":12},"end":{"line":255,"column":null}},{"start":{"line":237,"column":12},"end":{"line":255,"column":null}}]},"23":{"loc":{"start":{"line":241,"column":20},"end":{"line":243,"column":null}},"type":"if","locations":[{"start":{"line":241,"column":20},"end":{"line":243,"column":null}},{"start":{"line":241,"column":20},"end":{"line":243,"column":null}}]},"24":{"loc":{"start":{"line":247,"column":20},"end":{"line":249,"column":null}},"type":"if","locations":[{"start":{"line":247,"column":20},"end":{"line":249,"column":null}},{"start":{"line":247,"column":20},"end":{"line":249,"column":null}}]},"25":{"loc":{"start":{"line":285,"column":16},"end":{"line":291,"column":null}},"type":"if","locations":[{"start":{"line":285,"column":16},"end":{"line":291,"column":null}},{"start":{"line":285,"column":16},"end":{"line":291,"column":null}}]},"26":{"loc":{"start":{"line":300,"column":20},"end":{"line":322,"column":null}},"type":"if","locations":[{"start":{"line":300,"column":20},"end":{"line":322,"column":null}},{"start":{"line":300,"column":20},"end":{"line":322,"column":null}}]},"27":{"loc":{"start":{"line":301,"column":24},"end":{"line":319,"column":null}},"type":"if","locations":[{"start":{"line":301,"column":24},"end":{"line":319,"column":null}},{"start":{"line":301,"column":24},"end":{"line":319,"column":null}}]},"28":{"loc":{"start":{"line":303,"column":31},"end":{"line":319,"column":null}},"type":"if","locations":[{"start":{"line":303,"column":31},"end":{"line":319,"column":null}},{"start":{"line":303,"column":31},"end":{"line":319,"column":null}}]},"29":{"loc":{"start":{"line":305,"column":43},"end":{"line":305,"column":86}},"type":"binary-expr","locations":[{"start":{"line":305,"column":43},"end":{"line":305,"column":86}},{"start":{"line":305,"column":90},"end":{"line":305,"column":94}}]},"30":{"loc":{"start":{"line":307,"column":31},"end":{"line":319,"column":null}},"type":"if","locations":[{"start":{"line":307,"column":31},"end":{"line":319,"column":null}},{"start":{"line":307,"column":31},"end":{"line":319,"column":null}}]},"31":{"loc":{"start":{"line":309,"column":31},"end":{"line":319,"column":null}},"type":"if","locations":[{"start":{"line":309,"column":31},"end":{"line":319,"column":null}},{"start":{"line":309,"column":31},"end":{"line":319,"column":null}}]},"32":{"loc":{"start":{"line":309,"column":35},"end":{"line":309,"column":54}},"type":"binary-expr","locations":[{"start":{"line":309,"column":35},"end":{"line":309,"column":54}},{"start":{"line":309,"column":58},"end":{"line":309,"column":87}},{"start":{"line":309,"column":91},"end":{"line":309,"column":116}}]},"33":{"loc":{"start":{"line":310,"column":52},"end":{"line":310,"column":75}},"type":"cond-expr","locations":[{"start":{"line":310,"column":52},"end":{"line":310,"column":75}},{"start":{"line":310,"column":78},"end":{"line":310,"column":80}}]},"34":{"loc":{"start":{"line":312,"column":31},"end":{"line":319,"column":null}},"type":"if","locations":[{"start":{"line":312,"column":31},"end":{"line":319,"column":null}},{"start":{"line":312,"column":31},"end":{"line":319,"column":null}}]},"35":{"loc":{"start":{"line":315,"column":31},"end":{"line":319,"column":null}},"type":"if","locations":[{"start":{"line":315,"column":31},"end":{"line":319,"column":null}},{"start":{"line":315,"column":31},"end":{"line":319,"column":null}}]},"36":{"loc":{"start":{"line":317,"column":41},"end":{"line":317,"column":50}},"type":"binary-expr","locations":[{"start":{"line":317,"column":41},"end":{"line":317,"column":50}},{"start":{"line":317,"column":54},"end":{"line":317,"column":56}}]},"37":{"loc":{"start":{"line":318,"column":40},"end":{"line":318,"column":48}},"type":"binary-expr","locations":[{"start":{"line":318,"column":40},"end":{"line":318,"column":48}},{"start":{"line":318,"column":52},"end":{"line":318,"column":54}}]},"38":{"loc":{"start":{"line":349,"column":16},"end":{"line":378,"column":null}},"type":"if","locations":[{"start":{"line":349,"column":16},"end":{"line":378,"column":null}},{"start":{"line":349,"column":16},"end":{"line":378,"column":null}}]},"39":{"loc":{"start":{"line":360,"column":23},"end":{"line":378,"column":null}},"type":"if","locations":[{"start":{"line":360,"column":23},"end":{"line":378,"column":null}},{"start":{"line":360,"column":23},"end":{"line":378,"column":null}}]},"40":{"loc":{"start":{"line":369,"column":23},"end":{"line":378,"column":null}},"type":"if","locations":[{"start":{"line":369,"column":23},"end":{"line":378,"column":null}},{"start":{"line":369,"column":23},"end":{"line":378,"column":null}}]},"41":{"loc":{"start":{"line":401,"column":65},"end":{"line":401,"column":137}},"type":"cond-expr","locations":[{"start":{"line":401,"column":65},"end":{"line":401,"column":137}},{"start":{"line":401,"column":140},"end":{"line":401,"column":148}}]},"42":{"loc":{"start":{"line":409,"column":16},"end":{"line":411,"column":null}},"type":"if","locations":[{"start":{"line":409,"column":16},"end":{"line":411,"column":null}},{"start":{"line":409,"column":16},"end":{"line":411,"column":null}}]}},"s":{"0":36,"1":0,"2":0,"3":0,"4":27,"5":27,"6":27,"7":0,"8":0,"9":0,"10":0,"11":27,"12":27,"13":415,"14":415,"15":415,"16":415,"17":415,"18":1856,"19":415,"20":117,"21":298,"22":0,"23":0,"24":0,"25":0,"26":0,"27":0,"28":0,"29":0,"30":0,"31":0,"32":0,"33":0,"34":27,"35":27,"36":0,"37":0,"38":0,"39":0,"40":0,"41":0,"42":27,"43":0,"44":0,"45":0,"46":27,"47":0,"48":0,"49":0,"50":0,"51":0,"52":27,"53":0,"54":0,"55":0,"56":0,"57":0,"58":0,"59":0,"60":0,"61":0,"62":0,"63":0,"64":27,"65":0,"66":0,"67":0,"68":0,"69":0,"70":0,"71":0,"72":0,"73":0,"74":27,"75":0,"76":0,"77":0,"78":0,"79":0,"80":0,"81":0,"82":0,"83":0,"84":27,"85":0,"86":0,"87":0,"88":0,"89":27,"90":0,"91":0,"92":0,"93":26,"94":26,"95":0,"96":0,"97":0,"98":0,"99":26,"100":26,"101":52,"102":52,"103":40,"104":12,"105":12,"106":2,"107":10,"108":0,"109":26,"110":650,"111":0,"112":0,"113":650,"114":650,"115":650,"116":0,"117":0,"118":0,"119":0,"120":0,"121":0,"122":0,"123":0,"124":0,"125":0,"126":0,"127":0,"128":0,"129":0,"130":0,"131":0,"132":0,"133":0,"134":0,"135":0,"136":4,"137":4,"138":0,"139":0,"140":0,"141":0,"142":4,"143":20,"144":6,"145":0,"146":0,"147":0,"148":0,"149":0,"150":14,"151":6,"152":0,"153":0,"154":0,"155":0,"156":0,"157":8,"158":8,"159":0,"160":0,"161":0,"162":0,"163":0,"164":31,"165":31,"166":0,"167":0,"168":0,"169":0,"170":0,"171":0,"172":31,"173":0,"174":31,"175":0,"176":0,"177":0,"178":0,"179":0},"f":{"0":36,"1":0,"2":0,"3":27,"4":27,"5":0,"6":415,"7":1856,"8":0,"9":27,"10":27,"11":0,"12":0,"13":0,"14":0,"15":0,"16":0,"17":0,"18":0,"19":0,"20":0,"21":26,"22":26,"23":0,"24":52,"25":0,"26":650,"27":0,"28":4,"29":4,"30":0,"31":20,"32":0,"33":0,"34":0,"35":0,"36":0,"37":0,"38":31,"39":31,"40":0,"41":0,"42":0},"b":{"0":[1856,1831],"1":[117,298],"2":[415,365],"3":[0,0],"4":[0,0],"5":[0,0],"6":[0,0,0],"7":[0,0],"8":[0,0],"9":[0,0,0],"10":[0,0],"11":[0,0],"12":[0,0],"13":[0,0],"14":[0,0],"15":[0,0],"16":[0,0],"17":[0,0],"18":[0,0],"19":[0,0],"20":[0,0],"21":[0,0],"22":[26,0],"23":[40,12],"24":[2,10],"25":[0,650],"26":[0,0],"27":[0,0],"28":[0,0],"29":[0,0],"30":[0,0],"31":[0,0],"32":[0,0,0],"33":[0,0],"34":[0,0],"35":[0,0],"36":[0,0],"37":[0,0],"38":[6,14],"39":[6,8],"40":[8,0],"41":[0,0],"42":[0,0]}}
,"/home/sairama/Projects/wavemaker-studio-frontend/wavemaker-ng-runtime/projects/components/base/src/test/components.test.module.ts": {"path":"/home/sairama/Projects/wavemaker-studio-frontend/wavemaker-ng-runtime/projects/components/base/src/test/components.test.module.ts","statementMap":{"0":{"start":{"line":13,"column":14},"end":{"line":13,"column":16}},"1":{"start":{"line":34,"column":33},"end":{"line":34,"column":null}},"2":{"start":{"line":34,"column":13},"end":{"line":34,"column":null}}},"fnMap":{},"branchMap":{},"s":{"0":1,"1":1,"2":1},"f":{},"b":{}}
,"/home/sairama/Projects/wavemaker-studio-frontend/wavemaker-ng-runtime/projects/components/base/src/test/util/component-test-util.ts": {"path":"/home/sairama/Projects/wavemaker-studio-frontend/wavemaker-ng-runtime/projects/components/base/src/test/util/component-test-util.ts","statementMap":{"0":{"start":{"line":5,"column":36},"end":{"line":10,"column":1}},"1":{"start":{"line":6,"column":4},"end":{"line":7,"column":29}},"2":{"start":{"line":9,"column":4},"end":{"line":9,"column":54}},"3":{"start":{"line":12,"column":29},"end":{"line":18,"column":2}},"4":{"start":{"line":12,"column":80},"end":{"line":18,"column":2}},"5":{"start":{"line":13,"column":18},"end":{"line":13,"column":76}},"6":{"start":{"line":14,"column":4},"end":{"line":14,"column":24}},"7":{"start":{"line":15,"column":4},"end":{"line":15,"column":44}},"8":{"start":{"line":16,"column":4},"end":{"line":16,"column":28}},"9":{"start":{"line":17,"column":4},"end":{"line":17,"column":38}},"10":{"start":{"line":21,"column":38},"end":{"line":23,"column":1}},"11":{"start":{"line":22,"column":4},"end":{"line":22,"column":56}},"12":{"start":{"line":25,"column":41},"end":{"line":27,"column":1}},"13":{"start":{"line":26,"column":4},"end":{"line":26,"column":50}},"14":{"start":{"line":29,"column":33},"end":{"line":37,"column":1}},"15":{"start":{"line":30,"column":4},"end":{"line":36,"column":7}},"16":{"start":{"line":31,"column":26},"end":{"line":31,"column":67}},"17":{"start":{"line":33,"column":8},"end":{"line":33,"column":32}},"18":{"start":{"line":34,"column":8},"end":{"line":34,"column":72}},"19":{"start":{"line":39,"column":39},"end":{"line":41,"column":1}},"20":{"start":{"line":40,"column":4},"end":{"line":40,"column":63}},"21":{"start":{"line":44,"column":4},"end":{"line":60,"column":5}},"22":{"start":{"line":45,"column":8},"end":{"line":48,"column":null}},"23":{"start":{"line":46,"column":23},"end":{"line":46,"column":64}},"24":{"start":{"line":47,"column":12},"end":{"line":47,"column":39}},"25":{"start":{"line":50,"column":8},"end":{"line":50,"column":32}},"26":{"start":{"line":51,"column":8},"end":{"line":53,"column":null}},"27":{"start":{"line":52,"column":12},"end":{"line":52,"column":19}},"28":{"start":{"line":54,"column":22},"end":{"line":54,"column":60}},"29":{"start":{"line":56,"column":8},"end":{"line":56,"column":55}},"30":{"start":{"line":57,"column":8},"end":{"line":59,"column":null}},"31":{"start":{"line":58,"column":12},"end":{"line":58,"column":30}},"32":{"start":{"line":62,"column":48},"end":{"line":72,"column":1}},"33":{"start":{"line":63,"column":18},"end":{"line":63,"column":59}},"34":{"start":{"line":64,"column":4},"end":{"line":64,"column":34}},"35":{"start":{"line":65,"column":4},"end":{"line":71,"column":7}},"36":{"start":{"line":66,"column":8},"end":{"line":66,"column":109}},"37":{"start":{"line":67,"column":8},"end":{"line":69,"column":null}},"38":{"start":{"line":68,"column":12},"end":{"line":68,"column":23}},"39":{"start":{"line":74,"column":33},"end":{"line":79,"column":1}},"40":{"start":{"line":75,"column":4},"end":{"line":78,"column":7}},"41":{"start":{"line":76,"column":22},"end":{"line":76,"column":63}},"42":{"start":{"line":77,"column":8},"end":{"line":77,"column":73}},"43":{"start":{"line":81,"column":37},"end":{"line":85,"column":null}},"44":{"start":{"line":81,"column":116},"end":{"line":85,"column":null}},"45":{"start":{"line":82,"column":4},"end":{"line":82,"column":null}},"46":{"start":{"line":83,"column":18},"end":{"line":83,"column":59}},"47":{"start":{"line":84,"column":4},"end":{"line":84,"column":70}},"48":{"start":{"line":87,"column":23},"end":{"line":92,"column":2}},"49":{"start":{"line":88,"column":23},"end":{"line":88,"column":39}},"50":{"start":{"line":90,"column":8},"end":{"line":90,"column":20}},"51":{"start":{"line":94,"column":28},"end":{"line":94,"column":30}}},"fnMap":{"0":{"name":"(anonymous_7)","decl":{"start":{"line":5,"column":36},"end":{"line":5,"column":37}},"loc":{"start":{"line":5,"column":92},"end":{"line":10,"column":1}}},"1":{"name":"(anonymous_8)","decl":{"start":{"line":12,"column":29},"end":{"line":12,"column":36}},"loc":{"start":{"line":12,"column":80},"end":{"line":18,"column":2}}},"2":{"name":"(anonymous_9)","decl":{"start":{"line":12,"column":80},"end":{"line":12,"column":null}},"loc":{"start":{"line":12,"column":80},"end":{"line":18,"column":1}}},"3":{"name":"(anonymous_10)","decl":{"start":{"line":21,"column":38},"end":{"line":21,"column":42}},"loc":{"start":{"line":21,"column":106},"end":{"line":23,"column":1}}},"4":{"name":"(anonymous_11)","decl":{"start":{"line":25,"column":41},"end":{"line":25,"column":42}},"loc":{"start":{"line":25,"column":61},"end":{"line":27,"column":1}}},"5":{"name":"(anonymous_12)","decl":{"start":{"line":29,"column":33},"end":{"line":29,"column":34}},"loc":{"start":{"line":29,"column":81},"end":{"line":37,"column":1}}},"6":{"name":"(anonymous_13)","decl":{"start":{"line":30,"column":30},"end":{"line":30,"column":33}},"loc":{"start":{"line":30,"column":35},"end":{"line":36,"column":5}}},"7":{"name":"(anonymous_14)","decl":{"start":{"line":39,"column":39},"end":{"line":39,"column":40}},"loc":{"start":{"line":39,"column":62},"end":{"line":41,"column":1}}},"8":{"name":"(anonymous_15)","decl":{"start":{"line":44,"column":4},"end":{"line":44,"column":5}},"loc":{"start":{"line":44,"column":99},"end":{"line":60,"column":5}}},"9":{"name":"(anonymous_16)","decl":{"start":{"line":62,"column":48},"end":{"line":62,"column":49}},"loc":{"start":{"line":62,"column":146},"end":{"line":72,"column":1}}},"10":{"name":"(anonymous_17)","decl":{"start":{"line":65,"column":30},"end":{"line":65,"column":33}},"loc":{"start":{"line":65,"column":35},"end":{"line":71,"column":5}}},"11":{"name":"(anonymous_18)","decl":{"start":{"line":74,"column":33},"end":{"line":74,"column":34}},"loc":{"start":{"line":74,"column":82},"end":{"line":79,"column":1}}},"12":{"name":"(anonymous_19)","decl":{"start":{"line":75,"column":30},"end":{"line":75,"column":33}},"loc":{"start":{"line":75,"column":35},"end":{"line":78,"column":5}}},"13":{"name":"(anonymous_20)","decl":{"start":{"line":81,"column":37},"end":{"line":81,"column":47}},"loc":{"start":{"line":81,"column":116},"end":{"line":85,"column":null}}},"14":{"name":"(anonymous_21)","decl":{"start":{"line":81,"column":116},"end":{"line":81,"column":null}},"loc":{"start":{"line":81,"column":116},"end":{"line":85,"column":1}}},"15":{"name":"(anonymous_22)","decl":{"start":{"line":88,"column":15},"end":{"line":88,"column":18}},"loc":{"start":{"line":88,"column":20},"end":{"line":88,"column":39}}},"16":{"name":"(anonymous_23)","decl":{"start":{"line":88,"column":30},"end":{"line":88,"column":33}},"loc":{"start":{"line":88,"column":35},"end":{"line":88,"column":38}}},"17":{"name":"(anonymous_24)","decl":{"start":{"line":89,"column":23},"end":{"line":89,"column":26}},"loc":{"start":{"line":89,"column":28},"end":{"line":91,"column":5}}}},"branchMap":{"0":{"loc":{"start":{"line":45,"column":8},"end":{"line":48,"column":null}},"type":"if","locations":[{"start":{"line":45,"column":8},"end":{"line":48,"column":null}},{"start":{"line":45,"column":8},"end":{"line":48,"column":null}}]},"1":{"loc":{"start":{"line":51,"column":8},"end":{"line":53,"column":null}},"type":"if","locations":[{"start":{"line":51,"column":8},"end":{"line":53,"column":null}},{"start":{"line":51,"column":8},"end":{"line":53,"column":null}}]},"2":{"loc":{"start":{"line":57,"column":8},"end":{"line":59,"column":null}},"type":"if","locations":[{"start":{"line":57,"column":8},"end":{"line":59,"column":null}},{"start":{"line":57,"column":8},"end":{"line":59,"column":null}}]},"3":{"loc":{"start":{"line":67,"column":8},"end":{"line":69,"column":null}},"type":"if","locations":[{"start":{"line":67,"column":8},"end":{"line":69,"column":null}},{"start":{"line":67,"column":8},"end":{"line":69,"column":null}}]}},"s":{"0":1,"1":5,"2":5,"3":1,"4":0,"5":0,"6":0,"7":0,"8":0,"9":0,"10":1,"11":0,"12":1,"13":0,"14":1,"15":0,"16":0,"17":0,"18":0,"19":1,"20":0,"21":1,"22":0,"23":0,"24":0,"25":0,"26":0,"27":0,"28":0,"29":0,"30":0,"31":0,"32":1,"33":0,"34":0,"35":0,"36":0,"37":0,"38":0,"39":1,"40":0,"41":0,"42":0,"43":1,"44":0,"45":0,"46":0,"47":0,"48":1,"49":0,"50":0,"51":1},"f":{"0":5,"1":0,"2":0,"3":0,"4":0,"5":0,"6":0,"7":0,"8":0,"9":0,"10":0,"11":0,"12":0,"13":0,"14":0,"15":0,"16":0,"17":0},"b":{"0":[0,0],"1":[0,0],"2":[0,0],"3":[0,0]}}
,"/home/sairama/Projects/wavemaker-studio-frontend/wavemaker-ng-runtime/projects/components/base/src/test/util/date-test-util.ts": {"path":"/home/sairama/Projects/wavemaker-studio-frontend/wavemaker-ng-runtime/projects/components/base/src/test/util/date-test-util.ts","statementMap":{"0":{"start":{"line":7,"column":31},"end":{"line":25,"column":1}},"1":{"start":{"line":8,"column":4},"end":{"line":24,"column":null}},"2":{"start":{"line":9,"column":26},"end":{"line":9,"column":67}},"3":{"start":{"line":10,"column":31},"end":{"line":10,"column":77}},"4":{"start":{"line":11,"column":22},"end":{"line":11,"column":83}},"5":{"start":{"line":12,"column":8},"end":{"line":22,"column":null}},"6":{"start":{"line":13,"column":12},"end":{"line":13,"column":44}},"7":{"start":{"line":14,"column":30},"end":{"line":14,"column":48}},"8":{"start":{"line":15,"column":12},"end":{"line":18,"column":null}},"9":{"start":{"line":16,"column":29},"end":{"line":16,"column":63}},"10":{"start":{"line":17,"column":16},"end":{"line":17,"column":56}},"11":{"start":{"line":20,"column":12},"end":{"line":20,"column":72}},"12":{"start":{"line":23,"column":8},"end":{"line":23,"column":97}},"13":{"start":{"line":27,"column":33},"end":{"line":46,"column":1}},"14":{"start":{"line":28,"column":4},"end":{"line":45,"column":7}},"15":{"start":{"line":29,"column":31},"end":{"line":29,"column":72}},"16":{"start":{"line":30,"column":22},"end":{"line":30,"column":81}},"17":{"start":{"line":31,"column":8},"end":{"line":33,"column":null}},"18":{"start":{"line":32,"column":12},"end":{"line":32,"column":44}},"19":{"start":{"line":34,"column":8},"end":{"line":41,"column":null}},"20":{"start":{"line":35,"column":26},"end":{"line":35,"column":44}},"21":{"start":{"line":36,"column":25},"end":{"line":36,"column":55}},"22":{"start":{"line":38,"column":25},"end":{"line":38,"column":51}},"23":{"start":{"line":40,"column":12},"end":{"line":40,"column":null}},"24":{"start":{"line":43,"column":8},"end":{"line":43,"column":70}},"25":{"start":{"line":48,"column":33},"end":{"line":50,"column":1}},"26":{"start":{"line":49,"column":4},"end":{"line":49,"column":null}},"27":{"start":{"line":52,"column":48},"end":{"line":55,"column":1}},"28":{"start":{"line":54,"column":4},"end":{"line":54,"column":73}},"29":{"start":{"line":57,"column":35},"end":{"line":68,"column":1}},"30":{"start":{"line":58,"column":25},"end":{"line":58,"column":60}},"31":{"start":{"line":59,"column":17},"end":{"line":59,"column":34}},"32":{"start":{"line":60,"column":4},"end":{"line":60,"column":107}},"33":{"start":{"line":61,"column":4},"end":{"line":65,"column":null}},"34":{"start":{"line":61,"column":24},"end":{"line":61,"column":25}},"35":{"start":{"line":62,"column":8},"end":{"line":64,"column":null}},"36":{"start":{"line":62,"column":25},"end":{"line":62,"column":26}},"37":{"start":{"line":63,"column":12},"end":{"line":63,"column":137}},"38":{"start":{"line":67,"column":4},"end":{"line":67,"column":86}},"39":{"start":{"line":70,"column":35},"end":{"line":77,"column":1}},"40":{"start":{"line":71,"column":25},"end":{"line":71,"column":60}},"41":{"start":{"line":72,"column":17},"end":{"line":72,"column":34}},"42":{"start":{"line":73,"column":4},"end":{"line":75,"column":null}},"43":{"start":{"line":73,"column":21},"end":{"line":73,"column":22}},"44":{"start":{"line":74,"column":8},"end":{"line":74,"column":115}},"45":{"start":{"line":76,"column":4},"end":{"line":76,"column":90}},"46":{"start":{"line":79,"column":41},"end":{"line":81,"column":1}},"47":{"start":{"line":80,"column":4},"end":{"line":80,"column":111}},"48":{"start":{"line":82,"column":35},"end":{"line":88,"column":1}},"49":{"start":{"line":83,"column":25},"end":{"line":83,"column":60}},"50":{"start":{"line":84,"column":4},"end":{"line":87,"column":7}},"51":{"start":{"line":85,"column":8},"end":{"line":85,"column":45}},"52":{"start":{"line":86,"column":8},"end":{"line":86,"column":45}},"53":{"start":{"line":90,"column":36},"end":{"line":92,"column":1}},"54":{"start":{"line":91,"column":4},"end":{"line":91,"column":93}},"55":{"start":{"line":94,"column":39},"end":{"line":100,"column":1}},"56":{"start":{"line":95,"column":4},"end":{"line":95,"column":81}},"57":{"start":{"line":96,"column":4},"end":{"line":99,"column":7}},"58":{"start":{"line":97,"column":8},"end":{"line":97,"column":151}},"59":{"start":{"line":98,"column":8},"end":{"line":98,"column":149}},"60":{"start":{"line":102,"column":39},"end":{"line":108,"column":1}},"61":{"start":{"line":103,"column":4},"end":{"line":103,"column":63}},"62":{"start":{"line":104,"column":4},"end":{"line":107,"column":7}},"63":{"start":{"line":105,"column":27},"end":{"line":105,"column":66}},"64":{"start":{"line":106,"column":8},"end":{"line":106,"column":86}},"65":{"start":{"line":110,"column":41},"end":{"line":117,"column":1}},"66":{"start":{"line":111,"column":19},"end":{"line":111,"column":66}},"67":{"start":{"line":112,"column":4},"end":{"line":112,"column":38}},"68":{"start":{"line":113,"column":4},"end":{"line":113,"column":71}},"69":{"start":{"line":114,"column":4},"end":{"line":114,"column":28}},"70":{"start":{"line":115,"column":20},"end":{"line":115,"column":109}},"71":{"start":{"line":116,"column":4},"end":{"line":116,"column":135}},"72":{"start":{"line":121,"column":8},"end":{"line":121,"column":20}},"73":{"start":{"line":125,"column":8},"end":{"line":125,"column":19}},"74":{"start":{"line":132,"column":8},"end":{"line":132,"column":37}},"75":{"start":{"line":133,"column":8},"end":{"line":133,"column":34}},"76":{"start":{"line":134,"column":8},"end":{"line":134,"column":44}},"77":{"start":{"line":137,"column":8},"end":{"line":137,"column":20}},"78":{"start":{"line":141,"column":8},"end":{"line":141,"column":19}},"79":{"start":{"line":148,"column":8},"end":{"line":148,"column":37}},"80":{"start":{"line":149,"column":8},"end":{"line":149,"column":34}},"81":{"start":{"line":152,"column":8},"end":{"line":152,"column":20}},"82":{"start":{"line":156,"column":8},"end":{"line":156,"column":19}}},"fnMap":{"0":{"name":"(anonymous_0)","decl":{"start":{"line":7,"column":31},"end":{"line":7,"column":32}},"loc":{"start":{"line":7,"column":118},"end":{"line":25,"column":1}}},"1":{"name":"(anonymous_1)","decl":{"start":{"line":8,"column":30},"end":{"line":8,"column":33}},"loc":{"start":{"line":8,"column":35},"end":{"line":24,"column":5}}},"2":{"name":"(anonymous_2)","decl":{"start":{"line":27,"column":33},"end":{"line":27,"column":34}},"loc":{"start":{"line":27,"column":113},"end":{"line":46,"column":1}}},"3":{"name":"(anonymous_3)","decl":{"start":{"line":28,"column":30},"end":{"line":28,"column":33}},"loc":{"start":{"line":28,"column":35},"end":{"line":45,"column":5}}},"4":{"name":"(anonymous_4)","decl":{"start":{"line":48,"column":33},"end":{"line":48,"column":34}},"loc":{"start":{"line":48,"column":43},"end":{"line":50,"column":1}}},"5":{"name":"(anonymous_5)","decl":{"start":{"line":52,"column":48},"end":{"line":52,"column":49}},"loc":{"start":{"line":52,"column":59},"end":{"line":55,"column":1}}},"6":{"name":"(anonymous_6)","decl":{"start":{"line":57,"column":35},"end":{"line":57,"column":36}},"loc":{"start":{"line":57,"column":43},"end":{"line":68,"column":1}}},"7":{"name":"(anonymous_7)","decl":{"start":{"line":70,"column":35},"end":{"line":70,"column":36}},"loc":{"start":{"line":70,"column":43},"end":{"line":77,"column":1}}},"8":{"name":"(anonymous_8)","decl":{"start":{"line":79,"column":41},"end":{"line":79,"column":42}},"loc":{"start":{"line":79,"column":59},"end":{"line":81,"column":1}}},"9":{"name":"(anonymous_9)","decl":{"start":{"line":82,"column":35},"end":{"line":82,"column":36}},"loc":{"start":{"line":82,"column":43},"end":{"line":88,"column":1}}},"10":{"name":"(anonymous_10)","decl":{"start":{"line":84,"column":27},"end":{"line":84,"column":33}},"loc":{"start":{"line":84,"column":36},"end":{"line":87,"column":5}}},"11":{"name":"(anonymous_11)","decl":{"start":{"line":90,"column":36},"end":{"line":90,"column":39}},"loc":{"start":{"line":90,"column":41},"end":{"line":92,"column":1}}},"12":{"name":"(anonymous_12)","decl":{"start":{"line":94,"column":39},"end":{"line":94,"column":40}},"loc":{"start":{"line":94,"column":61},"end":{"line":100,"column":1}}},"13":{"name":"(anonymous_13)","decl":{"start":{"line":96,"column":30},"end":{"line":96,"column":33}},"loc":{"start":{"line":96,"column":35},"end":{"line":99,"column":5}}},"14":{"name":"(anonymous_14)","decl":{"start":{"line":102,"column":39},"end":{"line":102,"column":40}},"loc":{"start":{"line":102,"column":72},"end":{"line":108,"column":1}}},"15":{"name":"(anonymous_15)","decl":{"start":{"line":104,"column":30},"end":{"line":104,"column":33}},"loc":{"start":{"line":104,"column":35},"end":{"line":107,"column":5}}},"16":{"name":"(anonymous_16)","decl":{"start":{"line":110,"column":41},"end":{"line":110,"column":42}},"loc":{"start":{"line":110,"column":83},"end":{"line":117,"column":1}}},"17":{"name":"(anonymous_17)","decl":{"start":{"line":120,"column":11},"end":{"line":120,"column":28}},"loc":{"start":{"line":120,"column":28},"end":{"line":122,"column":5}}},"18":{"name":"(anonymous_18)","decl":{"start":{"line":124,"column":11},"end":{"line":124,"column":30}},"loc":{"start":{"line":124,"column":34},"end":{"line":126,"column":5}}},"19":{"name":"(anonymous_19)","decl":{"start":{"line":131,"column":4},"end":{"line":131,"column":16}},"loc":{"start":{"line":131,"column":31},"end":{"line":135,"column":5}}},"20":{"name":"(anonymous_20)","decl":{"start":{"line":136,"column":11},"end":{"line":136,"column":28}},"loc":{"start":{"line":136,"column":28},"end":{"line":138,"column":5}}},"21":{"name":"(anonymous_21)","decl":{"start":{"line":140,"column":11},"end":{"line":140,"column":30}},"loc":{"start":{"line":140,"column":34},"end":{"line":142,"column":5}}},"22":{"name":"(anonymous_22)","decl":{"start":{"line":147,"column":4},"end":{"line":147,"column":16}},"loc":{"start":{"line":147,"column":31},"end":{"line":150,"column":5}}},"23":{"name":"(anonymous_23)","decl":{"start":{"line":151,"column":11},"end":{"line":151,"column":28}},"loc":{"start":{"line":151,"column":28},"end":{"line":153,"column":5}}},"24":{"name":"(anonymous_24)","decl":{"start":{"line":155,"column":11},"end":{"line":155,"column":30}},"loc":{"start":{"line":155,"column":34},"end":{"line":157,"column":5}}}},"branchMap":{"0":{"loc":{"start":{"line":11,"column":61},"end":{"line":11,"column":65}},"type":"binary-expr","locations":[{"star
[...]
locations":[{"start":{"line":106,"column":12},"end":{"line":108,"column":null}},{"start":{"line":106,"column":12},"end":{"line":108,"column":null}}]},"7":{"loc":{"start":{"line":109,"column":12},"end":{"line":111,"column":null}},"type":"if","locations":[{"start":{"line":109,"column":12},"end":{"line":111,"column":null}},{"start":{"line":109,"column":12},"end":{"line":111,"column":null}}]},"8":{"loc":{"start":{"line":110,"column":47},"end":{"line":110,"column":53}},"type":"cond-expr","locations":[{"start":{"line":110,"column":47},"end":{"line":110,"column":53}},{"start":{"line":110,"column":56},"end":{"line":110,"column":58}}]},"9":{"loc":{"start":{"line":115,"column":8},"end":{"line":117,"column":null}},"type":"if","locations":[{"start":{"line":115,"column":8},"end":{"line":117,"column":null}},{"start":{"line":115,"column":8},"end":{"line":117,"column":null}}]},"10":{"loc":{"start":{"line":115,"column":12},"end":{"line":115,"column":48}},"type":"binary-expr","locations":[{"start":{"line":115,"column":12},"end":{"line":115,"column":48}},{"start":{"line":115,"column":52},"end":{"line":115,"column":87}}]},"11":{"loc":{"start":{"line":119,"column":8},"end":{"line":127,"column":null}},"type":"if","locations":[{"start":{"line":119,"column":8},"end":{"line":127,"column":null}},{"start":{"line":119,"column":8},"end":{"line":127,"column":null}}]},"12":{"loc":{"start":{"line":120,"column":12},"end":{"line":122,"column":null}},"type":"if","locations":[{"start":{"line":120,"column":12},"end":{"line":122,"column":null}},{"start":{"line":120,"column":12},"end":{"line":122,"column":null}}]},"13":{"loc":{"start":{"line":124,"column":12},"end":{"line":126,"column":null}},"type":"if","locations":[{"start":{"line":124,"column":12},"end":{"line":126,"column":null}},{"start":{"line":124,"column":12},"end":{"line":126,"column":null}}]},"14":{"loc":{"start":{"line":125,"column":47},"end":{"line":125,"column":53}},"type":"cond-expr","locations":[{"start":{"line":125,"column":47},"end":{"line":125,"column":53}},{"start":{"line":125,"column":56},"end":{"line":125,"column":58}}]},"15":{"loc":{"start":{"line":129,"column":8},"end":{"line":135,"column":null}},"type":"if","locations":[{"start":{"line":129,"column":8},"end":{"line":135,"column":null}},{"start":{"line":129,"column":8},"end":{"line":135,"column":null}}]},"16":{"loc":{"start":{"line":129,"column":12},"end":{"line":129,"column":30}},"type":"binary-expr","locations":[{"start":{"line":129,"column":12},"end":{"line":129,"column":30}},{"start":{"line":129,"column":34},"end":{"line":129,"column":52}}]},"17":{"loc":{"start":{"line":130,"column":66},"end":{"line":130,"column":68}},"type":"cond-expr","locations":[{"start":{"line":130,"column":66},"end":{"line":130,"column":68}},{"start":{"line":130,"column":71},"end":{"line":130,"column":120}}]},"18":{"loc":{"start":{"line":130,"column":93},"end":{"line":130,"column":111}},"type":"binary-expr","locations":[{"start":{"line":130,"column":93},"end":{"line":130,"column":111}},{"start":{"line":130,"column":115},"end":{"line":130,"column":119}}]},"19":{"loc":{"start":{"line":131,"column":15},"end":{"line":135,"column":null}},"type":"if","locations":[{"start":{"line":131,"column":15},"end":{"line":135,"column":null}},{"start":{"line":131,"column":15},"end":{"line":135,"column":null}}]},"20":{"loc":{"start":{"line":132,"column":45},"end":{"line":132,"column":68}},"type":"binary-expr","locations":[{"start":{"line":132,"column":45},"end":{"line":132,"column":68}},{"start":{"line":132,"column":72},"end":{"line":132,"column":97}}]},"21":{"loc":{"start":{"line":133,"column":15},"end":{"line":135,"column":null}},"type":"if","locations":[{"start":{"line":133,"column":15},"end":{"line":135,"column":null}},{"start":{"line":133,"column":15},"end":{"line":135,"column":null}}]}},"s":{"0":1,"1":1,"2":1,"3":1,"4":1,"5":1,"6":1,"7":0,"8":1,"9":1,"10":1,"11":0,"12":0,"13":0,"14":0,"15":0,"16":0,"17":0,"18":0,"19":0,"20":0,"21":0,"22":0,"23":0,"24":0,"25":0,"26":0,"27":0,"28":0,"29":0,"30":0,"31":0,"32":0,"33":0,"34":0,"35":0,"36":0,"37":0},"f":{"0":1,"1":0,"2":0,"3":0,"4":0},"b":{"0":[1,1],"1":[0,0],"2":[0,0],"3":[0,0],"4":[0,0],"5":[0,0],"6":[0,0],"7":[0,0],"8":[0,0],"9":[0,0],"10":[0,0],"11":[0,0],"12":[0,0],"13":[0,0],"14":[0,0],"15":[0,0],"16":[0,0],"17":[0,0],"18":[0,0],"19":[0,0],"20":[0,0],"21":[0,0]}}
,"/home/sairama/Projects/wavemaker-studio-frontend/wavemaker-ng-runtime/projects/components/base/src/widgets/framework/types.ts": {"path":"/home/sairama/Projects/wavemaker-studio-frontend/wavemaker-ng-runtime/projects/components/base/src/widgets/framework/types.ts","statementMap":{"0":{"start":{"line":24,"column":23},"end":{"line":24,"column":71}}},"fnMap":{},"branchMap":{},"s":{"0":1},"f":{},"b":{}}
,"/home/sairama/Projects/wavemaker-studio-frontend/wavemaker-ng-runtime/projects/components/base/src/widgets/framework/widget-id-generator.ts": {"path":"/home/sairama/Projects/wavemaker-studio-frontend/wavemaker-ng-runtime/projects/components/base/src/widgets/framework/widget-id-generator.ts","statementMap":{"0":{"start":{"line":3,"column":33},"end":{"line":3,"column":61}}},"fnMap":{},"branchMap":{},"s":{"0":1},"f":{},"b":{}}
,"/home/sairama/Projects/wavemaker-studio-frontend/wavemaker-ng-runtime/projects/components/base/src/widgets/framework/widget-props.ts": {"path":"/home/sairama/Projects/wavemaker-studio-frontend/wavemaker-ng-runtime/projects/components/base/src/widgets/framework/widget-props.ts","statementMap":{"0":{"start":{"line":4,"column":24},"end":{"line":4,"column":40}},"1":{"start":{"line":6,"column":20},"end":{"line":12,"column":4}},"2":{"start":{"line":7,"column":18},"end":{"line":7,"column":53}},"3":{"start":{"line":8,"column":4},"end":{"line":10,"column":null}},"4":{"start":{"line":9,"column":8},"end":{"line":9,"column":81}},"5":{"start":{"line":11,"column":4},"end":{"line":11,"column":17}},"6":{"start":{"line":15,"column":36},"end":{"line":15,"column":105}},"7":{"start":{"line":15,"column":78},"end":{"line":15,"column":105}},"8":{"start":{"line":18,"column":24},"end":{"line":21,"column":1}},"9":{"start":{"line":19,"column":4},"end":{"line":19,"column":39}},"10":{"start":{"line":20,"column":4},"end":{"line":20,"column":86}},"11":{"start":{"line":23,"column":34},"end":{"line":29,"column":1}},"12":{"start":{"line":24,"column":23},"end":{"line":24,"column":51}},"13":{"start":{"line":25,"column":26},"end":{"line":25,"column":53}},"14":{"start":{"line":26,"column":4},"end":{"line":28,"column":null}},"15":{"start":{"line":27,"column":8},"end":{"line":27,"column":62}},"16":{"start":{"line":27,"column":37},"end":{"line":27,"column":60}},"17":{"start":{"line":31,"column":0},"end":{"line":31,"column":null}},"18":{"start":{"line":32,"column":4},"end":{"line":32,"column":null}},"19":{"start":{"line":33,"column":4},"end":{"line":33,"column":null}},"20":{"start":{"line":34,"column":4},"end":{"line":34,"column":null}},"21":{"start":{"line":37,"column":32},"end":{"line":37,"column":56}},"22":{"start":{"line":38,"column":32},"end":{"line":38,"column":56}},"23":{"start":{"line":39,"column":33},"end":{"line":39,"column":58}},"24":{"start":{"line":40,"column":29},"end":{"line":40,"column":46}}},"fnMap":{"0":{"name":"(anonymous_0)","decl":{"start":{"line":6,"column":21},"end":{"line":6,"column":24}},"loc":{"start":{"line":6,"column":26},"end":{"line":12,"column":1}}},"1":{"name":"(anonymous_1)","decl":{"start":{"line":15,"column":36},"end":{"line":15,"column":37}},"loc":{"start":{"line":15,"column":78},"end":{"line":15,"column":105}}},"2":{"name":"(anonymous_2)","decl":{"start":{"line":18,"column":24},"end":{"line":18,"column":25}},"loc":{"start":{"line":18,"column":72},"end":{"line":21,"column":1}}},"3":{"name":"(anonymous_3)","decl":{"start":{"line":23,"column":34},"end":{"line":23,"column":35}},"loc":{"start":{"line":23,"column":82},"end":{"line":29,"column":1}}},"4":{"name":"(anonymous_4)","decl":{"start":{"line":27,"column":22},"end":{"line":27,"column":23}},"loc":{"start":{"line":27,"column":37},"end":{"line":27,"column":60}}},"5":{"name":"(anonymous_5)","decl":{"start":{"line":31,"column":0},"end":{"line":31,"column":6}},"loc":{"start":{"line":31,"column":21},"end":{"line":35,"column":1}}}},"branchMap":{"0":{"loc":{"start":{"line":20,"column":38},"end":{"line":20,"column":65}},"type":"binary-expr","locations":[{"start":{"line":20,"column":38},"end":{"line":20,"column":65}},{"start":{"line":20,"column":69},"end":{"line":20,"column":71}}]},"1":{"loc":{"start":{"line":26,"column":4},"end":{"line":28,"column":null}},"type":"if","locations":[{"start":{"line":26,"column":4},"end":{"line":28,"column":null}},{"start":{"line":26,"column":4},"end":{"line":28,"column":null}}]},"2":{"loc":{"start":{"line":31,"column":12},"end":{"line":31,"column":21}},"type":"binary-expr","locations":[{"start":{"line":31,"column":12},"end":{"line":31,"column":21}},{"start":{"line":31,"column":12},"end":{"line":31,"column":null}}]}},"s":{"0":1,"1":1,"2":1,"3":1,"4":23,"5":1,"6":1,"7":0,"8":1,"9":0,"10":0,"11":1,"12":0,"13":0,"14":0,"15":0,"16":0,"17":1,"18":1,"19":1,"20":1,"21":1,"22":1,"23":1,"24":1},"f":{"0":1,"1":0,"2":0,"3":0,"4":0,"5":1},"b":{"0":[0,0],"1":[0,0],"2":[1,1]}}
,"/home/sairama/Projects/wavemaker-studio-frontend/wavemaker-ng-runtime/projects/components/base/src/widgets/framework/widget-proxy-provider.ts": {"path":"/home/sairama/Projects/wavemaker-studio-frontend/wavemaker-ng-runtime/projects/components/base/src/widgets/framework/widget-proxy-provider.ts","statementMap":{"0":{"start":{"line":13,"column":28},"end":{"line":25,"column":2}},"1":{"start":{"line":15,"column":8},"end":{"line":15,"column":56}},"2":{"start":{"line":16,"column":8},"end":{"line":16,"column":20}},"3":{"start":{"line":19,"column":18},"end":{"line":19,"column":29}},"4":{"start":{"line":20,"column":8},"end":{"line":22,"column":null}},"5":{"start":{"line":21,"column":12},"end":{"line":21,"column":34}},"6":{"start":{"line":23,"column":8},"end":{"line":23,"column":17}},"7":{"start":{"line":27,"column":13},"end":{"line":27,"column":41}},"8":{"start":{"line":28,"column":18},"end":{"line":28,"column":20}},"9":{"start":{"line":30,"column":20},"end":{"line":38,"column":1}},"10":{"start":{"line":31,"column":4},"end":{"line":36,"column":null}},"11":{"start":{"line":32,"column":8},"end":{"line":35,"column":11}},"12":{"start":{"line":33,"column":12},"end":{"line":33,"column":40}},"13":{"start":{"line":33,"column":35},"end":{"line":33,"column":38}},"14":{"start":{"line":34,"column":12},"end":{"line":34,"column":33}},"15":{"start":{"line":37,"column":4},"end":{"line":37,"column":23}},"16":{"start":{"line":43,"column":8},"end":{"line":80,"column":null}},"17":{"start":{"line":44,"column":12},"end":{"line":44,"column":53}},"18":{"start":{"line":48,"column":27},"end":{"line":48,"column":50}},"19":{"start":{"line":51,"column":12},"end":{"line":57,"column":15}},"20":{"start":{"line":52,"column":16},"end":{"line":56,"column":null}},"21":{"start":{"line":53,"column":20},"end":{"line":55,"column":null}},"22":{"start":{"line":54,"column":24},"end":{"line":54,"column":69}},"23":{"start":{"line":60,"column":12},"end":{"line":66,"column":19}},"24":{"start":{"line":62,"column":20},"end":{"line":65,"column":23}},"25":{"start":{"line":63,"column":35},"end":{"line":63,"column":48}},"26":{"start":{"line":64,"column":35},"end":{"line":64,"column":81}},"27":{"start":{"line":69,"column":12},"end":{"line":77,"column":null}},"28":{"start":{"line":70,"column":16},"end":{"line":76,"column":23}},"29":{"start":{"line":72,"column":24},"end":{"line":75,"column":27}},"30":{"start":{"line":73,"column":39},"end":{"line":73,"column":52}},"31":{"start":{"line":74,"column":39},"end":{"line":74,"column":85}},"32":{"start":{"line":79,"column":12},"end":{"line":79,"column":26}}},"fnMap":{"0":{"name":"(anonymous_0)","decl":{"start":{"line":14,"column":9},"end":{"line":14,"column":10}},"loc":{"start":{"line":14,"column":69},"end":{"line":17,"column":5}}},"1":{"name":"(anonymous_1)","decl":{"start":{"line":18,"column":9},"end":{"line":18,"column":10}},"loc":{"start":{"line":18,"column":53},"end":{"line":24,"column":5}}},"2":{"name":"(anonymous_2)","decl":{"start":{"line":30,"column":20},"end":{"line":30,"column":22}},"loc":{"start":{"line":30,"column":25},"end":{"line":38,"column":1}}},"3":{"name":"(anonymous_3)","decl":{"start":{"line":32,"column":13},"end":{"line":32,"column":16}},"loc":{"start":{"line":32,"column":18},"end":{"line":35,"column":9}}},"4":{"name":"(anonymous_4)","decl":{"start":{"line":33,"column":30},"end":{"line":33,"column":31}},"loc":{"start":{"line":33,"column":35},"end":{"line":33,"column":38}}},"5":{"name":"(anonymous_5)","decl":{"start":{"line":41,"column":11},"end":{"line":41,"column":17}},"loc":{"start":{"line":41,"column":111},"end":{"line":81,"column":5}}},"6":{"name":"(anonymous_6)","decl":{"start":{"line":51,"column":24},"end":{"line":51,"column":27}},"loc":{"start":{"line":51,"column":29},"end":{"line":57,"column":13}}},"7":{"name":"(anonymous_7)","decl":{"start":{"line":61,"column":25},"end":{"line":61,"column":28}},"loc":{"start":{"line":61,"column":31},"end":{"line":66,"column":17}}},"8":{"name":"(anonymous_8)","decl":{"start":{"line":63,"column":29},"end":{"line":63,"column":32}},"loc":{"start":{"line":63,"column":35},"end":{"line":63,"column":48}}},"9":{"name":"(anonymous_9)","decl":{"start":{"line":64,"column":29},"end":{"line":64,"column":31}},"loc":{"start":{"line":64,"column":35},"end":{"line":64,"column":81}}},"10":{"name":"(anonymous_10)","decl":{"start":{"line":71,"column":29},"end":{"line":71,"column":30}},"loc":{"start":{"line":71,"column":44},"end":{"line":76,"column":21}}},"11":{"name":"(anonymous_11)","decl":{"start":{"line":73,"column":33},"end":{"line":73,"column":36}},"loc":{"start":{"line":73,"column":39},"end":{"line":73,"column":52}}},"12":{"name":"(anonymous_12)","decl":{"start":{"line":74,"column":33},"end":{"line":74,"column":35}},"loc":{"start":{"line":74,"column":39},"end":{"line":74,"column":85}}}},"branchMap":{"0":{"loc":{"start":{"line":20,"column":8},"end":{"line":22,"column":null}},"type":"if","locations":[{"start":{"line":20,"column":8},"end":{"line":22,"column":null}},{"start":{"line":20,"column":8},"end":{"line":22,"column":null}}]},"1":{"loc":{"start":{"line":31,"column":4},"end":{"line":36,"column":null}},"type":"if","locations":[{"start":{"line":31,"column":4},"end":{"line":36,"column":null}},{"start":{"line":31,"column":4},"end":{"line":36,"column":null}}]},"2":{"loc":{"start":{"line":43,"column":8},"end":{"line":80,"column":null}},"type":"if","locations":[{"start":{"line":43,"column":8},"end":{"line":80,"column":null}},{"start":{"line":43,"column":8},"end":{"line":80,"column":null}}]},"3":{"loc":{"start":{"line":53,"column":20},"end":{"line":55,"column":null}},"type":"if","locations":[{"start":{"line":53,"column":20},"end":{"line":55,"column":null}},{"start":{"line":53,"column":20},"end":{"line":55,"column":null}}]},"4":{"loc":{"start":{"line":53,"column":24},"end":{"line":53,"column":51}},"type":"binary-expr","locations":[{"start":{"line":53,"column":24},"end":{"line":53,"column":51}},{"start":{"line":53,"column":55},"end":{"line":53,"column":76}},{"start":{"line":53,"column":80},"end":{"line":53,"column":95}},{"start":{"line":53,"column":99},"end":{"line":53,"column":123}}]},"5":{"loc":{"start":{"line":69,"column":12},"end":{"line":77,"column":null}},"type":"if","locations":[{"start":{"line":69,"column":12},"end":{"line":77,"column":null}},{"start":{"line":69,"column":12},"end":{"line":77,"column":null}}]}},"s":{"0":1,"1":0,"2":0,"3":0,"4":0,"5":0,"6":0,"7":1,"8":1,"9":1,"10":0,"11":0,"12":0,"13":0,"14":0,"15":0,"16":0,"17":0,"18":0,"19":0,"20":0,"21":0,"22":0,"23":0,"24":0,"25":0,"26":0,"27":0,"28":0,"29":0,"30":0,"31":0,"32":0},"f":{"0":0,"1":0,"2":0,"3":0,"4":0,"5":0,"6":0,"7":0,"8":0,"9":0,"10":0,"11":0,"12":0},"b":{"0":[0,0],"1":[0,0],"2":[0,0],"3":[0,0],"4":[0,0,0,0],"5":[0,0]}}
,"/home/sairama/Projects/wavemaker-studio-frontend/wavemaker-ng-runtime/projects/components/base/src/widgets/framework/widget-registry.ts": {"path":"/home/sairama/Projects/wavemaker-studio-frontend/wavemaker-ng-runtime/projects/components/base/src/widgets/framework/widget-registry.ts","statementMap":{"0":{"start":{"line":6,"column":21},"end":{"line":6,"column":43}},"1":{"start":{"line":11,"column":23},"end":{"line":11,"column":71}},"2":{"start":{"line":11,"column":45},"end":{"line":11,"column":71}},"3":{"start":{"line":19,"column":24},"end":{"line":36,"column":1}},"4":{"start":{"line":20,"column":21},"end":{"line":20,"column":26}},"5":{"start":{"line":21,"column":4},"end":{"line":21,"column":39}},"6":{"start":{"line":22,"column":4},"end":{"line":27,"column":null}},"7":{"start":{"line":23,"column":8},"end":{"line":26,"column":null}},"8":{"start":{"line":24,"column":12},"end":{"line":24,"column":30}},"9":{"start":{"line":25,"column":12},"end":{"line":25,"column":46}},"10":{"start":{"line":30,"column":4},"end":{"line":35,"column":6}},"11":{"start":{"line":31,"column":8},"end":{"line":31,"column":38}},"12":{"start":{"line":32,"column":8},"end":{"line":34,"column":null}},"13":{"start":{"line":33,"column":12},"end":{"line":33,"column":49}},"14":{"start":{"line":41,"column":28},"end":{"line":51,"column":1}},"15":{"start":{"line":42,"column":4},"end":{"line":44,"column":null}},"16":{"start":{"line":43,"column":8},"end":{"line":43,"column":15}},"17":{"start":{"line":45,"column":4},"end":{"line":47,"column":null}},"18":{"start":{"line":46,"column":8},"end":{"line":46,"column":43}},"19":{"start":{"line":48,"column":4},"end":{"line":50,"column":null}},"20":{"start":{"line":49,"column":8},"end":{"line":49,"column":40}}},"fnMap":{"0":{"name":"(anonymous_0)","decl":{"start":{"line":11,"column":23},"end":{"line":11,"column":24}},"loc":{"start":{"line":11,"column":45},"end":{"line":11,"column":71}}},"1":{"name":"(anonymous_1)","decl":{"start":{"line":19,"column":24},"end":{"line":19,"column":25}},"loc":{"start":{"line":19,"column":102},"end":{"line":36,"column":1}}},"2":{"name":"(anonymous_2)","decl":{"start":{"line":30,"column":11},"end":{"line":30,"column":14}},"loc":{"start":{"line":30,"column":16},"end":{"line":35,"column":5}}},"3":{"name":"(anonymous_3)","decl":{"start":{"line":41,"column":28},"end":{"line":41,"column":29}},"loc":{"start":{"line":41,"column":86},"end":{"line":51,"column":1}}}},"branchMap":{"0":{"loc":{"start":{"line":22,"column":4},"end":{"line":27,"column":null}},"type":"if","locations":[{"start":{"line":22,"column":4},"end":{"line":27,"column":null}},{"start":{"line":22,"column":4},"end":{"line":27,"column":null}}]},"1":{"loc":{"start":{"line":23,"column":8},"end":{"line":26,"column":null}},"type":"if","locations":[{"start":{"line":23,"column":8},"end":{"line":26,"column":null}},{"start":{"line":23,"column":8},"end":{"line":26,"column":null}}]},"2":{"loc":{"start":{"line":32,"column":8},"end":{"line":34,"column":null}},"type":"if","locations":[{"start":{"line":32,"column":8},"end":{"line":34,"column":null}},{"start":{"line":32,"column":8},"end":{"line":34,"column":null}}]},"3":{"loc":{"start":{"line":42,"column":4},"end":{"line":44,"column":null}},"type":"if","locations":[{"start":{"line":42,"column":4},"end":{"line":44,"column":null}},{"start":{"line":42,"column":4},"end":{"line":44,"column":null}}]},"4":{"loc":{"start":{"line":45,"column":4},"end":{"line":47,"column":null}},"type":"if","locations":[{"start":{"line":45,"column":4},"end":{"line":47,"column":null}},{"start":{"line":45,"column":4},"end":{"line":47,"column":null}}]},"5":{"loc":{"start":{"line":48,"column":4},"end":{"line":50,"column":null}},"type":"if","locations":[{"start":{"line":48,"column":4},"end":{"line":50,"column":null}},{"start":{"line":48,"column":4},"end":{"line":50,"column":null}}]}},"s":{"0":1,"1":1,"2":0,"3":1,"4":0,"5":0,"6":0,"7":0,"8":0,"9":0,"10":0,"11":0,"12":0,"13":0,"14":1,"15":0,"16":0,"17":0,"18":0,"19":0,"20":0},"f":{"0":0,"1":0,"2":0,"3":0},"b":{"0":[0,0],"1":[0,0],"2":[0,0],"3":[0,0],"4":[0,0],"5":[0,0]}}
}
